(lp0
(S'2c:b0:5d:87:37:88'
p1
S'99.185.58.166'
p2
S'4.71.251.166'
p3
S'2012-10-02 01:16:18'
p4
F1156.0
tp5
a(S'2c:b0:5d:87:37:88'
p6
S'99.185.58.166'
p7
S'4.71.251.153'
p8
S'2012-10-02 12:55:46'
p9
F1127.0
tp10
a(S'2c:b0:5d:87:37:88'
p11
S'99.185.58.166'
p12
S'4.71.251.153'
p13
S'2012-10-02 19:06:04'
p14
F1222.0
tp15
a(S'2c:b0:5d:87:37:88'
p16
S'99.185.58.166'
p17
S'4.71.251.153'
p18
S'2012-10-03 01:16:29'
p19
F1006.0
tp20
a(S'2c:b0:5d:87:37:88'
p21
S'99.185.58.166'
p22
S'4.71.251.166'
p23
S'2012-10-03 12:55:46'
p24
F1219.0
tp25
a(S'2c:b0:5d:87:37:88'
p26
S'99.185.58.166'
p27
S'4.71.251.153'
p28
S'2012-10-03 19:06:15'
p29
F1082.0
tp30
a(S'2c:b0:5d:87:37:88'
p31
S'99.185.58.166'
p32
S'4.71.251.153'
p33
S'2012-10-04 01:16:22'
p34
F1036.0
tp35
a(S'2c:b0:5d:87:37:88'
p36
S'99.185.58.166'
p37
S'4.71.251.153'
p38
S'2012-10-04 13:24:46'
p39
F1139.0
tp40
a(S'2c:b0:5d:87:37:88'
p41
S'99.185.58.166'
p42
S'4.71.251.153'
p43
S'2012-10-04 19:35:05'
p44
F1194.0
tp45
a(S'2c:b0:5d:87:37:88'
p46
S'99.185.58.166'
p47
S'4.71.251.153'
p48
S'2012-10-05 01:45:30'
p49
F470.0
tp50
a(S'2c:b0:5d:87:37:88'
p51
S'99.185.58.166'
p52
S'4.71.251.166'
p53
S'2012-10-05 13:24:50'
p54
F1146.0
tp55
a(S'2c:b0:5d:87:37:88'
p56
S'99.185.58.166'
p57
S'4.71.251.153'
p58
S'2012-10-05 19:34:57'
p59
F1450.0
tp60
a(S'2c:b0:5d:87:37:88'
p61
S'99.185.58.166'
p62
S'4.71.251.153'
p63
S'2012-10-06 01:45:11'
p64
F1454.0
tp65
a(S'2c:b0:5d:87:37:88'
p66
S'99.185.58.166'
p67
S'4.71.251.166'
p68
S'2012-10-06 13:24:41'
p69
F1353.0
tp70
a(S'2c:b0:5d:87:37:88'
p71
S'99.185.58.166'
p72
S'4.71.251.153'
p73
S'2012-10-06 19:35:12'
p74
F419.0
tp75
a(S'2c:b0:5d:87:37:88'
p76
S'99.185.58.166'
p77
S'4.71.251.166'
p78
S'2012-10-07 01:45:44'
p79
F359.0
tp80
a(S'2c:b0:5d:87:37:88'
p81
S'99.185.58.166'
p82
S'4.71.251.166'
p83
S'2012-10-07 14:24:01'
p84
F610.0
tp85
a(S'2c:b0:5d:87:37:88'
p86
S'99.185.58.166'
p87
S'4.71.251.166'
p88
S'2012-10-07 20:34:30'
p89
F1133.0
tp90
a(S'2c:b0:5d:87:37:88'
p91
S'99.185.58.166'
p92
S'4.71.251.153'
p93
S'2012-10-08 14:23:50'
p94
F1121.0
tp95
a(S'2c:b0:5d:87:37:88'
p96
S'99.185.58.166'
p97
S'4.71.251.166'
p98
S'2012-10-08 20:34:16'
p99
F1123.0
tp100
a(S'2c:b0:5d:87:37:88'
p101
S'99.185.58.166'
p102
S'4.71.210.204'
p103
S'2012-10-09 02:44:34'
p104
F1099.0
tp105
a(S'2c:b0:5d:87:37:88'
p106
S'99.185.58.166'
p107
S'4.71.210.217'
p108
S'2012-10-09 15:23:57'
p109
F586.0
tp110
a(S'2c:b0:5d:87:37:88'
p111
S'99.185.58.166'
p112
S'4.71.210.204'
p113
S'2012-10-09 22:33:14'
p114
F1151.0
tp115
a(S'2c:b0:5d:87:37:88'
p116
S'99.185.58.166'
p117
S'4.71.210.217'
p118
S'2012-10-10 04:43:17'
p119
F1116.0
tp120
a(S'2c:b0:5d:87:37:88'
p121
S'99.185.58.166'
p122
S'4.71.210.204'
p123
S'2012-10-10 22:33:20'
p124
F956.0
tp125
a(S'2c:b0:5d:87:37:88'
p126
S'99.185.58.166'
p127
S'4.71.210.217'
p128
S'2012-10-11 04:43:31'
p129
F968.0
tp130
a(S'2c:b0:5d:87:37:88'
p131
S'99.185.58.166'
p132
S'4.71.210.204'
p133
S'2012-10-11 16:22:46'
p134
F1180.0
tp135
a(S'2c:b0:5d:87:37:88'
p136
S'99.185.58.166'
p137
S'4.71.210.204'
p138
S'2012-10-11 22:33:06'
p139
F1093.0
tp140
a(S'2c:b0:5d:87:37:88'
p141
S'99.185.58.166'
p142
S'4.71.210.204'
p143
S'2012-10-12 04:43:23'
p144
F646.0
tp145
a(S'2c:b0:5d:87:37:88'
p146
S'99.185.58.166'
p147
S'4.71.210.217'
p148
S'2012-10-12 16:32:01'
p149
F471.0
tp150
a(S'2c:b0:5d:87:37:88'
p151
S'99.185.58.166'
p152
S'4.71.210.217'
p153
S'2012-10-12 22:41:55'
p154
F436.0
tp155
a(S'2c:b0:5d:87:37:88'
p156
S'99.185.58.166'
p157
S'4.71.210.204'
p158
S'2012-10-13 04:52:20'
p159
F1109.0
tp160
a(S'2c:b0:5d:87:37:88'
p161
S'99.185.58.166'
p162
S'4.71.210.217'
p163
S'2012-10-13 19:32:04'
p164
F493.0
tp165
a(S'2c:b0:5d:87:37:88'
p166
S'99.185.58.166'
p167
S'4.71.210.204'
p168
S'2012-10-14 01:42:17'
p169
F930.0
tp170
a(S'2c:b0:5d:87:37:88'
p171
S'99.185.58.166'
p172
S'4.71.210.204'
p173
S'2012-10-14 07:52:26'
p174
F1071.0
tp175
a(S'2c:b0:5d:87:37:88'
p176
S'99.185.58.166'
p177
S'4.71.210.204'
p178
S'2012-10-14 19:32:04'
p179
F460.0
tp180
a.