(lp0
(S'2c:b0:5d:87:3b:24'
p1
S'64.9.225.161'
p2
S'184.77.211.163'
p3
S'2012-10-03 06:26:33'
p4
F2811.0
tp5
a(S'2c:b0:5d:87:3b:24'
p6
S'64.9.225.140'
p7
S'184.77.211.163'
p8
S'2012-10-04 06:15:34'
p9
F4577.0
tp10
a(S'2c:b0:5d:87:3b:24'
p11
S'64.9.225.161'
p12
S'184.77.211.163'
p13
S'2012-10-04 18:36:05'
p14
F7067.0
tp15
a(S'2c:b0:5d:87:3b:24'
p16
S'64.9.225.170'
p17
S'184.77.211.163'
p18
S'2012-10-05 06:15:33'
p19
F4037.0
tp20
a(S'2c:b0:5d:87:3b:24'
p21
S'64.9.225.140'
p22
S'184.77.211.163'
p23
S'2012-10-05 18:36:03'
p24
F3257.0
tp25
a(S'2c:b0:5d:87:3b:24'
p26
S'64.9.225.170'
p27
S'184.77.211.163'
p28
S'2012-10-06 18:36:03'
p29
F7539.0
tp30
a(S'2c:b0:5d:87:3b:24'
p31
S'64.9.225.140'
p32
S'184.77.211.163'
p33
S'2012-10-07 12:24:51'
p34
F8063.0
tp35
a(S'2c:b0:5d:87:3b:24'
p36
S'64.9.225.161'
p37
S'184.77.211.163'
p38
S'2012-10-07 18:35:05'
p39
F5202.0
tp40
a(S'2c:b0:5d:87:3b:24'
p41
S'64.9.225.170'
p42
S'184.77.211.163'
p43
S'2012-10-08 18:35:03'
p44
F9900.0
tp45
a(S'2c:b0:5d:87:3b:24'
p46
S'64.9.225.140'
p47
S'184.77.211.163'
p48
S'2012-10-09 06:14:35'
p49
F8421.0
tp50
a(S'2c:b0:5d:87:3b:24'
p51
S'64.9.225.170'
p52
S'184.77.211.163'
p53
S'2012-10-09 12:24:52'
p54
F10421.0
tp55
a(S'2c:b0:5d:87:3b:24'
p56
S'64.9.225.161'
p57
S'184.77.211.163'
p58
S'2012-10-10 06:14:33'
p59
F1925.0
tp60
a(S'2c:b0:5d:87:3b:24'
p61
S'64.9.225.140'
p62
S'184.77.211.163'
p63
S'2012-10-11 06:23:35'
p64
F1985.0
tp65
a(S'2c:b0:5d:87:3b:24'
p66
S'64.9.225.140'
p67
S'184.77.211.163'
p68
S'2012-10-11 12:33:39'
p69
F2478.0
tp70
a(S'2c:b0:5d:87:3b:24'
p71
S'64.9.225.161'
p72
S'184.77.211.163'
p73
S'2012-10-11 18:43:51'
p74
F3686.0
tp75
a(S'2c:b0:5d:87:3b:24'
p76
S'64.9.225.140'
p77
S'184.77.211.163'
p78
S'2012-10-12 06:23:35'
p79
F4725.0
tp80
a(S'2c:b0:5d:87:3b:24'
p81
S'64.9.225.161'
p82
S'184.77.211.163'
p83
S'2012-10-12 12:33:52'
p84
F10498.0
tp85
a(S'2c:b0:5d:87:3b:24'
p86
S'64.9.225.140'
p87
S'184.77.211.163'
p88
S'2012-10-12 18:43:42'
p89
F5346.0
tp90
a(S'2c:b0:5d:87:3b:24'
p91
S'64.9.225.140'
p92
S'184.77.211.163'
p93
S'2012-10-13 06:23:35'
p94
F3791.0
tp95
a(S'2c:b0:5d:87:3b:24'
p96
S'64.9.225.161'
p97
S'184.77.211.163'
p98
S'2012-10-14 12:53:41'
p99
F7966.0
tp100
a(S'2c:b0:5d:87:3b:24'
p101
S'64.9.225.161'
p102
S'184.77.211.163'
p103
S'2012-10-14 19:04:04'
p104
F7306.0
tp105
a.