(lp0
(S'2c:b0:5d:a0:c2:26'
p1
S'143.215.131.173'
p2
S'143.215.207.87'
p3
S'2012-10-02 11:12:59'
p4
F697975.0
tp5
a(S'2c:b0:5d:a0:c2:26'
p6
S'4.71.210.204'
p7
S'71.56.92.62'
p8
S'2012-10-05 21:54:26'
p9
F31172.0
tp10
a(S'2c:b0:5d:a0:c2:26'
p11
S'4.71.210.204'
p12
S'71.56.92.62'
p13
S'2012-10-06 04:04:43'
p14
F33499.0
tp15
a(S'2c:b0:5d:a0:c2:26'
p16
S'4.71.210.217'
p17
S'71.56.92.62'
p18
S'2012-10-07 12:34:25'
p19
F32162.0
tp20
a(S'2c:b0:5d:a0:c2:26'
p21
S'4.71.210.217'
p22
S'71.56.92.62'
p23
S'2012-10-07 18:44:43'
p24
F31874.0
tp25
a(S'2c:b0:5d:a0:c2:26'
p26
S'4.71.210.217'
p27
S'71.56.92.62'
p28
S'2012-10-08 00:55:00'
p29
F29544.0
tp30
a(S'2c:b0:5d:a0:c2:26'
p31
S'4.71.210.217'
p32
S'71.56.92.62'
p33
S'2012-10-08 12:34:26'
p34
F33694.0
tp35
a(S'2c:b0:5d:a0:c2:26'
p36
S'4.71.210.204'
p37
S'71.56.92.62'
p38
S'2012-10-08 18:44:41'
p39
F34076.0
tp40
a(S'2c:b0:5d:a0:c2:26'
p41
S'4.71.210.204'
p42
S'71.56.92.62'
p43
S'2012-10-09 00:54:54'
p44
F29658.0
tp45
a(S'2c:b0:5d:a0:c2:26'
p46
S'4.71.210.204'
p47
S'71.56.92.62'
p48
S'2012-10-09 12:34:25'
p49
F31193.0
tp50
a(S'2c:b0:5d:a0:c2:26'
p51
S'4.71.210.217'
p52
S'71.56.92.62'
p53
S'2012-10-09 18:44:49'
p54
F26465.0
tp55
a(S'2c:b0:5d:a0:c2:26'
p56
S'4.71.210.217'
p57
S'71.56.92.62'
p58
S'2012-10-10 02:04:52'
p59
F23789.0
tp60
a(S'2c:b0:5d:a0:c2:26'
p61
S'4.71.210.217'
p62
S'71.56.92.62'
p63
S'2012-10-10 13:43:24'
p64
F34804.0
tp65
a(S'2c:b0:5d:a0:c2:26'
p66
S'4.71.210.204'
p67
S'71.56.92.62'
p68
S'2012-10-11 02:03:55'
p69
F27090.0
tp70
a(S'2c:b0:5d:a0:c2:26'
p71
S'4.71.210.204'
p72
S'71.56.92.62'
p73
S'2012-10-11 13:43:24'
p74
F34452.0
tp75
a(S'2c:b0:5d:a0:c2:26'
p76
S'4.71.210.217'
p77
S'71.56.92.62'
p78
S'2012-10-11 19:53:42'
p79
F33839.0
tp80
a(S'2c:b0:5d:a0:c2:26'
p81
S'4.71.210.204'
p82
S'71.56.92.62'
p83
S'2012-10-12 02:03:54'
p84
F31072.0
tp85
a(S'2c:b0:5d:a0:c2:26'
p86
S'4.71.210.204'
p87
S'71.56.92.62'
p88
S'2012-10-12 13:43:26'
p89
F34219.0
tp90
a(S'2c:b0:5d:a0:c2:26'
p91
S'4.71.210.204'
p92
S'71.56.92.62'
p93
S'2012-10-12 19:53:41'
p94
F34728.0
tp95
a(S'2c:b0:5d:a0:c2:26'
p96
S'4.71.210.217'
p97
S'71.56.92.62'
p98
S'2012-10-13 02:03:59'
p99
F29332.0
tp100
a(S'2c:b0:5d:a0:c2:26'
p101
S'4.71.210.217'
p102
S'71.56.92.62'
p103
S'2012-10-13 13:43:27'
p104
F33825.0
tp105
a(S'2c:b0:5d:a0:c2:26'
p106
S'4.71.210.204'
p107
S'71.56.92.62'
p108
S'2012-10-13 22:13:41'
p109
F29880.0
tp110
a(S'2c:b0:5d:a0:c2:26'
p111
S'4.71.210.204'
p112
S'71.56.92.62'
p113
S'2012-10-14 04:23:53'
p114
F32087.0
tp115
a(S'2c:b0:5d:a0:c2:26'
p116
S'4.71.210.204'
p117
S'71.56.92.62'
p118
S'2012-10-14 16:03:31'
p119
F30549.0
tp120
a(S'2c:b0:5d:a0:c2:26'
p121
S'4.71.210.204'
p122
S'71.56.92.62'
p123
S'2012-10-14 22:13:41'
p124
F29744.0
tp125
a.