(lp0
(S'2c:b0:5d:87:3b:30'
p1
S'216.156.197.159'
p2
S'68.34.206.216'
p3
S'2012-10-02 11:39:23'
p4
F23579.0
tp5
a(S'2c:b0:5d:87:3b:30'
p6
S'216.156.197.172'
p7
S'68.34.206.216'
p8
S'2012-10-02 21:48:39'
p9
F23592.0
tp10
a(S'2c:b0:5d:87:3b:30'
p11
S'216.156.197.172'
p12
S'68.34.206.216'
p13
S'2012-10-03 08:58:48'
p14
F22184.0
tp15
a(S'2c:b0:5d:87:3b:30'
p16
S'216.156.197.159'
p17
S'68.34.206.216'
p18
S'2012-10-03 20:38:25'
p19
F23544.0
tp20
a(S'2c:b0:5d:87:3b:30'
p21
S'216.156.197.146'
p22
S'68.34.206.216'
p23
S'2012-10-04 02:48:43'
p24
F23451.0
tp25
a(S'2c:b0:5d:87:3b:30'
p26
S'216.156.197.146'
p27
S'68.34.206.216'
p28
S'2012-10-04 08:58:54'
p29
F23517.0
tp30
a(S'2c:b0:5d:87:3b:30'
p31
S'216.156.197.172'
p32
S'68.34.206.216'
p33
S'2012-10-04 20:38:27'
p34
F22548.0
tp35
a(S'2c:b0:5d:87:3b:30'
p36
S'216.156.197.159'
p37
S'68.34.206.216'
p38
S'2012-10-05 05:48:41'
p39
F23476.0
tp40
a(S'2c:b0:5d:87:3b:30'
p41
S'216.156.197.146'
p42
S'68.34.206.216'
p43
S'2012-10-05 11:58:54'
p44
F23501.0
tp45
a(S'2c:b0:5d:87:3b:30'
p46
S'216.156.197.172'
p47
S'68.34.206.216'
p48
S'2012-10-06 03:58:27'
p49
F23405.0
tp50
a(S'2c:b0:5d:87:3b:30'
p51
S'216.156.197.172'
p52
S'68.34.206.216'
p53
S'2012-10-06 12:08:42'
p54
F23391.0
tp55
a(S'2c:b0:5d:87:3b:30'
p56
S'216.156.197.146'
p57
S'68.34.206.216'
p58
S'2012-10-06 18:18:54'
p59
F23590.0
tp60
a(S'2c:b0:5d:87:3b:30'
p61
S'216.156.197.172'
p62
S'68.34.206.216'
p63
S'2012-10-07 05:58:25'
p64
F23526.0
tp65
a(S'2c:b0:5d:87:3b:30'
p66
S'216.156.197.172'
p67
S'68.34.206.216'
p68
S'2012-10-07 12:08:43'
p69
F21442.0
tp70
a(S'2c:b0:5d:87:3b:30'
p71
S'216.156.197.172'
p72
S'68.34.206.216'
p73
S'2012-10-07 18:18:55'
p74
F10004.0
tp75
a(S'2c:b0:5d:87:3b:30'
p76
S'216.156.197.159'
p77
S'68.34.206.216'
p78
S'2012-10-08 07:18:31'
p79
F20766.0
tp80
a(S'2c:b0:5d:87:3b:30'
p81
S'216.156.197.146'
p82
S'68.34.206.216'
p83
S'2012-10-08 13:28:43'
p84
F22943.0
tp85
a(S'2c:b0:5d:87:3b:30'
p86
S'216.156.197.159'
p87
S'68.34.206.216'
p88
S'2012-10-08 20:27:53'
p89
F23490.0
tp90
a(S'2c:b0:5d:87:3b:30'
p91
S'216.156.197.159'
p92
S'68.34.206.216'
p93
S'2012-10-09 12:07:25'
p94
F15627.0
tp95
a(S'2c:b0:5d:87:3b:30'
p96
S'216.156.197.146'
p97
S'68.34.206.216'
p98
S'2012-10-09 18:17:42'
p99
F23284.0
tp100
a(S'2c:b0:5d:87:3b:30'
p101
S'216.156.197.159'
p102
S'68.34.206.216'
p103
S'2012-10-10 00:27:53'
p104
F23474.0
tp105
a(S'2c:b0:5d:87:3b:30'
p106
S'216.156.197.146'
p107
S'68.34.206.216'
p108
S'2012-10-11 00:27:54'
p109
F23261.0
tp110
a(S'2c:b0:5d:87:3b:30'
p111
S'216.156.197.146'
p112
S'68.34.206.216'
p113
S'2012-10-11 12:07:25'
p114
F10161.0
tp115
a(S'2c:b0:5d:87:3b:30'
p116
S'216.156.197.159'
p117
S'68.34.206.216'
p118
S'2012-10-12 01:27:58'
p119
F23530.0
tp120
a(S'2c:b0:5d:87:3b:30'
p121
S'216.156.197.146'
p122
S'68.34.206.216'
p123
S'2012-10-12 13:07:31'
p124
F23530.0
tp125
a(S'2c:b0:5d:87:3b:30'
p126
S'216.156.197.159'
p127
S'68.34.206.216'
p128
S'2012-10-12 19:17:43'
p129
F22943.0
tp130
a(S'2c:b0:5d:87:3b:30'
p131
S'216.156.197.159'
p132
S'68.34.206.216'
p133
S'2012-10-13 01:27:55'
p134
F21107.0
tp135
a(S'2c:b0:5d:87:3b:30'
p136
S'216.156.197.146'
p137
S'68.34.206.216'
p138
S'2012-10-14 00:04:25'
p139
F23363.0
tp140
a(S'2c:b0:5d:87:3b:30'
p141
S'216.156.197.159'
p142
S'68.34.206.216'
p143
S'2012-10-14 10:50:25'
p144
F23570.0
tp145
a(S'2c:b0:5d:87:3b:30'
p146
S'216.156.197.172'
p147
S'68.34.206.216'
p148
S'2012-10-14 17:50:44'
p149
F21412.0
tp150
a.