(lp0
(S'4c:60:de:d0:f7:4b'
p1
S'69.94.209.214'
p2
S'4.71.254.140'
p3
S'2012-10-02 07:59:21'
p4
F58122.0
tp5
a(S'4c:60:de:d0:f7:4b'
p6
S'69.94.209.214'
p7
S'4.71.254.140'
p8
S'2012-10-02 14:09:35'
p9
F57391.0
tp10
a(S'4c:60:de:d0:f7:4b'
p11
S'69.94.209.214'
p12
S'4.71.254.153'
p13
S'2012-10-02 20:19:50'
p14
F57415.0
tp15
a(S'4c:60:de:d0:f7:4b'
p16
S'69.94.209.214'
p17
S'4.71.254.153'
p18
S'2012-10-03 07:59:21'
p19
F57229.0
tp20
a(S'4c:60:de:d0:f7:4b'
p21
S'69.94.209.214'
p22
S'4.71.254.140'
p23
S'2012-10-03 14:09:38'
p24
F57431.0
tp25
a(S'4c:60:de:d0:f7:4b'
p26
S'69.94.209.214'
p27
S'4.71.254.140'
p28
S'2012-10-03 20:19:52'
p29
F57830.0
tp30
a(S'4c:60:de:d0:f7:4b'
p31
S'69.94.209.214'
p32
S'4.71.254.153'
p33
S'2012-10-04 07:59:21'
p34
F57922.0
tp35
a(S'4c:60:de:d0:f7:4b'
p36
S'69.94.209.214'
p37
S'4.71.254.140'
p38
S'2012-10-04 14:09:35'
p39
F57016.0
tp40
a(S'4c:60:de:d0:f7:4b'
p41
S'69.94.209.214'
p42
S'4.71.254.153'
p43
S'2012-10-04 20:19:53'
p44
F57346.0
tp45
a(S'4c:60:de:d0:f7:4b'
p46
S'69.94.209.214'
p47
S'4.71.254.153'
p48
S'2012-10-05 07:59:24'
p49
F57709.0
tp50
a(S'4c:60:de:d0:f7:4b'
p51
S'69.94.209.214'
p52
S'4.71.254.140'
p53
S'2012-10-05 14:09:41'
p54
F57711.0
tp55
a(S'4c:60:de:d0:f7:4b'
p56
S'69.94.209.214'
p57
S'4.71.254.153'
p58
S'2012-10-05 20:19:58'
p59
F57299.0
tp60
a(S'4c:60:de:d0:f7:4b'
p61
S'69.94.209.214'
p62
S'4.71.254.140'
p63
S'2012-10-06 07:59:24'
p64
F57975.0
tp65
a(S'4c:60:de:d0:f7:4b'
p66
S'69.94.209.214'
p67
S'4.71.254.153'
p68
S'2012-10-06 14:09:40'
p69
F58437.0
tp70
a(S'4c:60:de:d0:f7:4b'
p71
S'69.94.209.214'
p72
S'4.71.254.140'
p73
S'2012-10-06 20:19:54'
p74
F57205.0
tp75
a(S'4c:60:de:d0:f7:4b'
p76
S'69.94.209.214'
p77
S'4.71.254.140'
p78
S'2012-10-07 09:59:26'
p79
F58697.0
tp80
a(S'4c:60:de:d0:f7:4b'
p81
S'69.94.209.214'
p82
S'4.71.254.140'
p83
S'2012-10-08 12:39:26'
p84
F42859.0
tp85
a(S'4c:60:de:d0:f7:4b'
p86
S'69.94.209.214'
p87
S'4.71.254.140'
p88
S'2012-10-08 18:49:29'
p89
F57702.0
tp90
a(S'4c:60:de:d0:f7:4b'
p91
S'69.94.209.214'
p92
S'4.71.254.153'
p93
S'2012-10-09 00:59:54'
p94
F52996.0
tp95
a(S'4c:60:de:d0:f7:4b'
p96
S'69.94.209.214'
p97
S'4.71.254.140'
p98
S'2012-10-09 12:39:31'
p99
F58464.0
tp100
a(S'4c:60:de:d0:f7:4b'
p101
S'69.94.209.214'
p102
S'4.71.254.153'
p103
S'2012-10-09 18:49:38'
p104
F56896.0
tp105
a(S'4c:60:de:d0:f7:4b'
p106
S'69.94.209.214'
p107
S'4.71.254.153'
p108
S'2012-10-10 00:59:54'
p109
F55627.0
tp110
a(S'4c:60:de:d0:f7:4b'
p111
S'69.94.209.214'
p112
S'4.71.254.140'
p113
S'2012-10-10 12:39:26'
p114
F56889.0
tp115
a(S'4c:60:de:d0:f7:4b'
p116
S'69.94.209.214'
p117
S'4.71.254.140'
p118
S'2012-10-11 00:59:51'
p119
F57793.0
tp120
a(S'4c:60:de:d0:f7:4b'
p121
S'69.94.209.214'
p122
S'4.71.254.153'
p123
S'2012-10-11 12:39:25'
p124
F56143.0
tp125
a(S'4c:60:de:d0:f7:4b'
p126
S'69.94.209.214'
p127
S'4.71.254.153'
p128
S'2012-10-11 18:49:37'
p129
F54836.0
tp130
a(S'4c:60:de:d0:f7:4b'
p131
S'69.94.209.214'
p132
S'4.71.254.153'
p133
S'2012-10-12 00:59:53'
p134
F56154.0
tp135
a(S'4c:60:de:d0:f7:4b'
p136
S'69.94.209.214'
p137
S'4.71.254.153'
p138
S'2012-10-12 12:39:26'
p139
F56040.0
tp140
a(S'4c:60:de:d0:f7:4b'
p141
S'69.94.209.214'
p142
S'4.71.254.153'
p143
S'2012-10-13 00:58:52'
p144
F55233.0
tp145
a(S'4c:60:de:d0:f7:4b'
p146
S'69.94.209.214'
p147
S'4.71.254.140'
p148
S'2012-10-13 19:08:47'
p149
F55094.0
tp150
a(S'4c:60:de:d0:f7:4b'
p151
S'69.94.209.214'
p152
S'4.71.254.153'
p153
S'2012-10-14 01:18:52'
p154
F54475.0
tp155
a(S'4c:60:de:d0:f7:4b'
p156
S'69.94.209.214'
p157
S'4.71.254.153'
p158
S'2012-10-14 12:58:26'
p159
F55082.0
tp160
a(S'4c:60:de:d0:f7:4b'
p161
S'69.94.209.214'
p162
S'4.71.254.153'
p163
S'2012-10-14 19:08:40'
p164
F55595.0
tp165
a.