(lp0
(S'74:44:01:93:62:28'
p1
S'122.167.82.59'
p2
S'203.178.130.223'
p3
S'2012-10-02 00:47:49'
p4
F857.0
tp5
a(S'74:44:01:93:62:28'
p6
S'122.167.82.59'
p7
S'203.178.130.236'
p8
S'2012-10-02 13:27:19'
p9
F823.0
tp10
a(S'74:44:01:93:62:28'
p11
S'122.167.82.59'
p12
S'203.178.130.223'
p13
S'2012-10-02 21:37:34'
p14
F833.0
tp15
a(S'74:44:01:93:62:28'
p16
S'122.167.82.59'
p17
S'203.178.130.223'
p18
S'2012-10-03 03:47:50'
p19
F850.0
tp20
a(S'74:44:01:93:62:28'
p21
S'122.167.82.59'
p22
S'203.178.130.210'
p23
S'2012-10-03 15:27:18'
p24
F813.0
tp25
a(S'74:44:01:93:62:28'
p26
S'122.167.82.59'
p27
S'203.178.130.210'
p28
S'2012-10-03 21:37:43'
p29
F856.0
tp30
a(S'74:44:01:93:62:28'
p31
S'122.167.82.59'
p32
S'203.178.130.236'
p33
S'2012-10-04 03:47:50'
p34
F811.0
tp35
a(S'74:44:01:93:62:28'
p36
S'122.167.82.59'
p37
S'203.178.130.236'
p38
S'2012-10-04 15:27:16'
p39
F793.0
tp40
a(S'74:44:01:93:62:28'
p41
S'122.167.82.59'
p42
S'203.178.130.236'
p43
S'2012-10-04 21:37:38'
p44
F838.0
tp45
a(S'74:44:01:93:62:28'
p46
S'122.167.82.59'
p47
S'203.178.130.210'
p48
S'2012-10-05 03:47:48'
p49
F833.0
tp50
a(S'74:44:01:93:62:28'
p51
S'122.167.82.59'
p52
S'203.178.130.236'
p53
S'2012-10-05 15:36:22'
p54
F764.0
tp55
a(S'74:44:01:93:62:28'
p56
S'122.167.82.59'
p57
S'203.178.130.236'
p58
S'2012-10-05 22:46:46'
p59
F854.0
tp60
a(S'74:44:01:93:62:28'
p61
S'122.167.82.59'
p62
S'203.178.130.223'
p63
S'2012-10-06 04:56:53'
p64
F739.0
tp65
a(S'74:44:01:93:62:28'
p66
S'122.167.82.59'
p67
S'203.178.130.236'
p68
S'2012-10-06 17:36:18'
p69
F787.0
tp70
a(S'74:44:01:93:62:28'
p71
S'122.167.82.59'
p72
S'203.178.130.223'
p73
S'2012-10-06 23:46:37'
p74
F856.0
tp75
a(S'74:44:01:93:62:28'
p76
S'122.167.82.59'
p77
S'203.178.130.210'
p78
S'2012-10-07 05:56:50'
p79
F769.0
tp80
a(S'74:44:01:93:62:28'
p81
S'122.167.82.59'
p82
S'203.178.130.210'
p83
S'2012-10-07 20:36:24'
p84
F855.0
tp85
a(S'74:44:01:93:62:28'
p86
S'122.167.82.59'
p87
S'203.178.130.210'
p88
S'2012-10-08 02:46:34'
p89
F777.0
tp90
a(S'74:44:01:93:62:28'
p91
S'122.178.233.191'
p92
S'203.178.130.236'
p93
S'2012-10-08 10:06:48'
p94
F799.0
tp95
a(S'74:44:01:93:62:28'
p96
S'122.178.233.191'
p97
S'203.178.130.223'
p98
S'2012-10-08 21:46:23'
p99
F857.0
tp100
a(S'74:44:01:93:62:28'
p101
S'122.178.249.206'
p102
S'203.178.130.210'
p103
S'2012-10-09 11:06:47'
p104
F843.0
tp105
a(S'74:44:01:93:62:28'
p106
S'122.178.249.206'
p107
S'203.178.130.210'
p108
S'2012-10-09 23:46:16'
p109
F787.0
tp110
a(S'74:44:01:93:62:28'
p111
S'122.178.249.206'
p112
S'203.178.130.236'
p113
S'2012-10-10 05:56:35'
p114
F796.0
tp115
a(S'74:44:01:93:62:28'
p116
S'122.178.249.206'
p117
S'203.178.130.210'
p118
S'2012-10-10 23:46:18'
p119
F848.0
tp120
a(S'74:44:01:93:62:28'
p121
S'122.178.249.206'
p122
S'203.178.130.223'
p123
S'2012-10-11 05:56:34'
p124
F757.0
tp125
a(S'74:44:01:93:62:28'
p126
S'122.178.249.206'
p127
S'203.178.130.210'
p128
S'2012-10-11 12:06:45'
p129
F809.0
tp130
a(S'74:44:01:93:62:28'
p131
S'122.178.249.206'
p132
S'203.178.130.236'
p133
S'2012-10-11 23:46:19'
p134
F857.0
tp135
a(S'74:44:01:93:62:28'
p136
S'122.178.249.206'
p137
S'203.178.130.236'
p138
S'2012-10-12 05:56:35'
p139
F847.0
tp140
a(S'74:44:01:93:62:28'
p141
S'122.172.254.119'
p142
S'203.178.130.210'
p143
S'2012-10-12 13:16:51'
p144
F833.0
tp145
a(S'74:44:01:93:62:28'
p146
S'122.172.254.119'
p147
S'203.178.130.210'
p148
S'2012-10-13 01:55:19'
p149
F820.0
tp150
a(S'74:44:01:93:62:28'
p151
S'122.172.254.119'
p152
S'203.178.130.210'
p153
S'2012-10-13 08:05:36'
p154
F801.0
tp155
a(S'74:44:01:93:62:28'
p156
S'122.172.254.119'
p157
S'203.178.130.210'
p158
S'2012-10-13 15:15:51'
p159
F658.0
tp160
a(S'74:44:01:93:62:28'
p161
S'122.172.254.119'
p162
S'203.178.130.223'
p163
S'2012-10-14 02:55:19'
p164
F846.0
tp165
a(S'74:44:01:93:62:28'
p166
S'122.172.254.119'
p167
S'203.178.130.210'
p168
S'2012-10-14 09:05:37'
p169
F813.0
tp170
a(S'74:44:01:93:62:28'
p171
S'122.172.254.119'
p172
S'203.178.130.223'
p173
S'2012-10-14 15:16:10'
p174
F687.0
tp175
a.