(lp0
(S'a0:21:b7:a9:c6:55'
p1
S'4.71.254.153'
p2
S'76.111.39.202'
p3
S'2012-10-02 06:12:20'
p4
F23879.0
tp5
a(S'a0:21:b7:a9:c6:55'
p6
S'4.71.254.153'
p7
S'76.111.39.202'
p8
S'2012-10-02 12:22:38'
p9
F23368.0
tp10
a(S'a0:21:b7:a9:c6:55'
p11
S'4.71.254.140'
p12
S'76.111.39.202'
p13
S'2012-10-02 18:32:48'
p14
F23033.0
tp15
a(S'a0:21:b7:a9:c6:55'
p16
S'4.71.254.153'
p17
S'76.111.39.202'
p18
S'2012-10-03 06:12:33'
p19
F21639.0
tp20
a(S'a0:21:b7:a9:c6:55'
p21
S'4.71.254.153'
p22
S'76.111.39.202'
p23
S'2012-10-03 12:22:37'
p24
F25125.0
tp25
a(S'a0:21:b7:a9:c6:55'
p26
S'4.71.254.140'
p27
S'76.111.39.202'
p28
S'2012-10-03 18:32:54'
p29
F23921.0
tp30
a(S'a0:21:b7:a9:c6:55'
p31
S'4.71.254.140'
p32
S'76.111.39.202'
p33
S'2012-10-04 06:12:33'
p34
F21324.0
tp35
a(S'a0:21:b7:a9:c6:55'
p36
S'4.71.254.140'
p37
S'76.111.39.202'
p38
S'2012-10-04 12:22:49'
p39
F23884.0
tp40
a(S'a0:21:b7:a9:c6:55'
p41
S'4.71.254.153'
p42
S'76.111.39.202'
p43
S'2012-10-04 18:32:57'
p44
F23758.0
tp45
a(S'a0:21:b7:a9:c6:55'
p46
S'4.71.254.153'
p47
S'76.111.39.202'
p48
S'2012-10-05 06:22:35'
p49
F22486.0
tp50
a(S'a0:21:b7:a9:c6:55'
p51
S'4.71.254.140'
p52
S'76.111.39.202'
p53
S'2012-10-05 12:31:42'
p54
F24255.0
tp55
a(S'a0:21:b7:a9:c6:55'
p56
S'4.71.254.153'
p57
S'76.111.39.202'
p58
S'2012-10-05 18:41:54'
p59
F17832.0
tp60
a(S'a0:21:b7:a9:c6:55'
p61
S'4.71.254.153'
p62
S'76.111.39.202'
p63
S'2012-10-06 06:21:25'
p64
F23170.0
tp65
a(S'a0:21:b7:a9:c6:55'
p66
S'4.71.254.153'
p67
S'76.111.39.202'
p68
S'2012-10-06 18:41:52'
p69
F22220.0
tp70
a(S'a0:21:b7:a9:c6:55'
p71
S'4.71.254.153'
p72
S'76.111.39.202'
p73
S'2012-10-08 01:30:53'
p74
F22647.0
tp75
a(S'a0:21:b7:a9:c6:55'
p76
S'4.71.254.153'
p77
S'76.111.39.202'
p78
S'2012-10-08 13:10:27'
p79
F23656.0
tp80
a(S'a0:21:b7:a9:c6:55'
p81
S'4.71.254.140'
p82
S'76.111.39.202'
p83
S'2012-10-09 13:10:25'
p84
F24876.0
tp85
a(S'a0:21:b7:a9:c6:55'
p86
S'4.71.254.140'
p87
S'76.111.39.202'
p88
S'2012-10-09 19:20:39'
p89
F25009.0
tp90
a(S'a0:21:b7:a9:c6:55'
p91
S'4.71.254.153'
p92
S'76.111.39.202'
p93
S'2012-10-10 01:30:53'
p94
F22005.0
tp95
a(S'a0:21:b7:a9:c6:55'
p96
S'4.71.254.140'
p97
S'76.111.39.202'
p98
S'2012-10-10 13:10:26'
p99
F23873.0
tp100
a(S'a0:21:b7:a9:c6:55'
p101
S'4.71.254.153'
p102
S'76.111.39.202'
p103
S'2012-10-11 01:30:54'
p104
F24456.0
tp105
a(S'a0:21:b7:a9:c6:55'
p106
S'4.71.254.153'
p107
S'76.111.39.202'
p108
S'2012-10-11 13:10:26'
p109
F25164.0
tp110
a(S'a0:21:b7:a9:c6:55'
p111
S'4.71.254.153'
p112
S'76.111.39.202'
p113
S'2012-10-11 19:20:41'
p114
F23745.0
tp115
a(S'a0:21:b7:a9:c6:55'
p116
S'4.71.254.140'
p117
S'76.111.39.202'
p118
S'2012-10-12 01:30:54'
p119
F21951.0
tp120
a(S'a0:21:b7:a9:c6:55'
p121
S'4.71.254.140'
p122
S'76.111.39.202'
p123
S'2012-10-12 13:10:28'
p124
F23674.0
tp125
a(S'a0:21:b7:a9:c6:55'
p126
S'4.71.254.140'
p127
S'76.111.39.202'
p128
S'2012-10-13 01:31:11'
p129
F25510.0
tp130
a(S'a0:21:b7:a9:c6:55'
p131
S'4.71.254.153'
p132
S'76.111.39.202'
p133
S'2012-10-13 19:20:52'
p134
F20373.0
tp135
a(S'a0:21:b7:a9:c6:55'
p136
S'4.71.254.140'
p137
S'76.111.39.202'
p138
S'2012-10-14 13:10:29'
p139
F23259.0
tp140
a(S'a0:21:b7:a9:c6:55'
p141
S'4.71.254.153'
p142
S'76.111.39.202'
p143
S'2012-10-14 19:20:52'
p144
F23387.0
tp145
a.