(lp0
(S'c4:3d:c7:9d:e0:f7'
p1
S'184.77.62.196'
p2
S'4.71.254.140'
p3
S'2012-10-02 07:21:03'
p4
F1040.0
tp5
a(S'c4:3d:c7:9d:e0:f7'
p6
S'184.77.62.196'
p7
S'4.71.254.140'
p8
S'2012-10-02 20:50:25'
p9
F1028.0
tp10
a(S'c4:3d:c7:9d:e0:f7'
p11
S'184.77.62.196'
p12
S'4.71.254.140'
p13
S'2012-10-03 10:15:32'
p14
F1045.0
tp15
a(S'c4:3d:c7:9d:e0:f7'
p16
S'184.77.62.196'
p17
S'4.71.254.153'
p18
S'2012-10-03 16:55:58'
p19
F1093.0
tp20
a(S'c4:3d:c7:9d:e0:f7'
p21
S'184.77.62.196'
p22
S'4.71.254.140'
p23
S'2012-10-03 23:26:11'
p24
F1049.0
tp25
a(S'c4:3d:c7:9d:e0:f7'
p26
S'184.77.62.196'
p27
S'4.71.254.140'
p28
S'2012-10-04 11:05:22'
p29
F1027.0
tp30
a(S'c4:3d:c7:9d:e0:f7'
p31
S'184.77.62.196'
p32
S'4.71.254.140'
p33
S'2012-10-04 17:16:05'
p34
F1089.0
tp35
a(S'c4:3d:c7:9d:e0:f7'
p36
S'184.77.62.196'
p37
S'4.71.254.140'
p38
S'2012-10-04 23:26:06'
p39
F1025.0
tp40
a(S'c4:3d:c7:9d:e0:f7'
p41
S'184.77.62.196'
p42
S'4.71.254.153'
p43
S'2012-10-05 11:05:39'
p44
F1040.0
tp45
a(S'c4:3d:c7:9d:e0:f7'
p46
S'184.77.62.196'
p47
S'4.71.254.153'
p48
S'2012-10-05 17:15:56'
p49
F1061.0
tp50
a(S'c4:3d:c7:9d:e0:f7'
p51
S'184.77.62.196'
p52
S'4.71.254.153'
p53
S'2012-10-05 23:26:17'
p54
F1085.0
tp55
a(S'c4:3d:c7:9d:e0:f7'
p56
S'184.77.62.196'
p57
S'4.71.254.140'
p58
S'2012-10-06 11:15:38'
p59
F1066.0
tp60
a(S'c4:3d:c7:9d:e0:f7'
p61
S'184.77.62.196'
p62
S'4.71.254.140'
p63
S'2012-10-06 17:56:00'
p64
F1064.0
tp65
a(S'c4:3d:c7:9d:e0:f7'
p66
S'184.77.62.196'
p67
S'4.71.254.153'
p68
S'2012-10-07 20:18:46'
p69
F1100.0
tp70
a(S'c4:3d:c7:9d:e0:f7'
p71
S'184.77.62.196'
p72
S'4.71.254.140'
p73
S'2012-10-08 02:29:07'
p74
F1046.0
tp75
a(S'c4:3d:c7:9d:e0:f7'
p76
S'184.77.62.196'
p77
S'4.71.254.153'
p78
S'2012-10-08 14:08:39'
p79
F1048.0
tp80
a(S'c4:3d:c7:9d:e0:f7'
p81
S'184.77.62.196'
p82
S'4.71.254.153'
p83
S'2012-10-08 20:38:35'
p84
F1068.0
tp85
a(S'c4:3d:c7:9d:e0:f7'
p86
S'184.77.62.196'
p87
S'4.71.254.153'
p88
S'2012-10-09 03:28:09'
p89
F1038.0
tp90
a(S'c4:3d:c7:9d:e0:f7'
p91
S'184.77.62.196'
p92
S'4.71.254.140'
p93
S'2012-10-09 16:27:39'
p94
F1055.0
tp95
a(S'c4:3d:c7:9d:e0:f7'
p96
S'184.77.62.196'
p97
S'4.71.254.140'
p98
S'2012-10-09 22:37:55'
p99
F1053.0
tp100
a(S'c4:3d:c7:9d:e0:f7'
p101
S'184.77.62.196'
p102
S'4.71.254.153'
p103
S'2012-10-10 23:51:37'
p104
F1048.0
tp105
a(S'c4:3d:c7:9d:e0:f7'
p106
S'184.77.62.196'
p107
S'4.71.254.153'
p108
S'2012-10-11 06:01:56'
p109
F1041.0
tp110
a(S'c4:3d:c7:9d:e0:f7'
p111
S'184.77.62.196'
p112
S'4.71.254.140'
p113
S'2012-10-11 12:11:55'
p114
F1061.0
tp115
a(S'c4:3d:c7:9d:e0:f7'
p116
S'184.77.62.196'
p117
S'4.71.254.153'
p118
S'2012-10-11 23:51:30'
p119
F1018.0
tp120
a(S'c4:3d:c7:9d:e0:f7'
p121
S'184.77.62.196'
p122
S'4.71.254.140'
p123
S'2012-10-12 06:01:38'
p124
F1051.0
tp125
a(S'c4:3d:c7:9d:e0:f7'
p126
S'184.77.62.196'
p127
S'4.71.254.140'
p128
S'2012-10-12 12:11:56'
p129
F1045.0
tp130
a(S'c4:3d:c7:9d:e0:f7'
p131
S'184.77.62.196'
p132
S'4.71.254.153'
p133
S'2012-10-12 23:51:39'
p134
F1013.0
tp135
a(S'c4:3d:c7:9d:e0:f7'
p136
S'184.77.62.196'
p137
S'4.71.254.153'
p138
S'2012-10-13 06:01:43'
p139
F1032.0
tp140
a(S'c4:3d:c7:9d:e0:f7'
p141
S'184.77.62.196'
p142
S'4.71.254.153'
p143
S'2012-10-13 11:41:17'
p144
F1047.0
tp145
a(S'c4:3d:c7:9d:e0:f7'
p146
S'184.77.62.196'
p147
S'4.71.254.153'
p148
S'2012-10-14 05:11:46'
p149
F1085.0
tp150
a(S'c4:3d:c7:9d:e0:f7'
p151
S'184.77.62.196'
p152
S'4.71.254.153'
p153
S'2012-10-14 23:40:29'
p154
F1057.0
tp155
a.