(lp0
(S'c4:3d:c7:a3:7c:4c'
p1
S'71.56.54.117'
p2
S'4.71.254.140'
p3
S'2012-10-02 00:30:38'
p4
F4269.0
tp5
a(S'c4:3d:c7:a3:7c:4c'
p6
S'71.56.54.117'
p7
S'4.71.254.140'
p8
S'2012-10-02 06:40:27'
p9
F4279.0
tp10
a(S'c4:3d:c7:a3:7c:4c'
p11
S'71.56.54.117'
p12
S'4.71.254.140'
p13
S'2012-10-02 12:50:48'
p14
F4285.0
tp15
a(S'c4:3d:c7:a3:7c:4c'
p16
S'71.56.54.117'
p17
S'4.71.254.140'
p18
S'2012-10-03 00:30:21'
p19
F4282.0
tp20
a(S'c4:3d:c7:a3:7c:4c'
p21
S'71.56.54.117'
p22
S'4.71.254.140'
p23
S'2012-10-03 06:40:35'
p24
F4294.0
tp25
a(S'c4:3d:c7:a3:7c:4c'
p26
S'71.56.54.117'
p27
S'4.71.254.153'
p28
S'2012-10-03 12:50:50'
p29
F4292.0
tp30
a(S'c4:3d:c7:a3:7c:4c'
p31
S'71.56.54.117'
p32
S'4.71.254.153'
p33
S'2012-10-04 00:30:26'
p34
F4307.0
tp35
a(S'c4:3d:c7:a3:7c:4c'
p36
S'71.56.54.117'
p37
S'4.71.254.153'
p38
S'2012-10-04 06:40:38'
p39
F4365.0
tp40
a(S'c4:3d:c7:a3:7c:4c'
p41
S'71.56.54.117'
p42
S'4.71.254.153'
p43
S'2012-10-04 12:50:49'
p44
F4296.0
tp45
a(S'c4:3d:c7:a3:7c:4c'
p46
S'71.56.54.117'
p47
S'4.71.254.140'
p48
S'2012-10-05 00:30:27'
p49
F4381.0
tp50
a(S'c4:3d:c7:a3:7c:4c'
p51
S'71.56.54.117'
p52
S'4.71.254.140'
p53
S'2012-10-05 06:40:37'
p54
F4293.0
tp55
a(S'c4:3d:c7:a3:7c:4c'
p56
S'71.56.54.117'
p57
S'4.71.254.140'
p58
S'2012-10-05 12:50:53'
p59
F4280.0
tp60
a(S'c4:3d:c7:a3:7c:4c'
p61
S'71.56.54.117'
p62
S'4.71.254.140'
p63
S'2012-10-06 00:30:30'
p64
F4264.0
tp65
a(S'c4:3d:c7:a3:7c:4c'
p66
S'71.56.54.117'
p67
S'4.71.254.153'
p68
S'2012-10-06 06:40:43'
p69
F4281.0
tp70
a(S'c4:3d:c7:a3:7c:4c'
p71
S'71.56.54.117'
p72
S'4.71.254.153'
p73
S'2012-10-06 12:50:52'
p74
F4287.0
tp75
a(S'c4:3d:c7:a3:7c:4c'
p76
S'71.56.54.117'
p77
S'4.71.254.140'
p78
S'2012-10-07 00:49:27'
p79
F4299.0
tp80
a(S'c4:3d:c7:a3:7c:4c'
p81
S'71.56.54.117'
p82
S'4.71.254.140'
p83
S'2012-10-08 04:39:26'
p84
F4313.0
tp85
a(S'c4:3d:c7:a3:7c:4c'
p86
S'71.56.54.117'
p87
S'4.71.254.140'
p88
S'2012-10-09 04:39:27'
p89
F4291.0
tp90
a(S'c4:3d:c7:a3:7c:4c'
p91
S'71.56.54.117'
p92
S'4.71.254.153'
p93
S'2012-10-09 10:49:54'
p94
F4299.0
tp95
a(S'c4:3d:c7:a3:7c:4c'
p96
S'71.56.54.117'
p97
S'4.71.254.140'
p98
S'2012-10-09 16:59:58'
p99
F4298.0
tp100
a(S'c4:3d:c7:a3:7c:4c'
p101
S'71.56.54.117'
p102
S'4.71.254.140'
p103
S'2012-10-10 04:39:26'
p104
F4296.0
tp105
a(S'c4:3d:c7:a3:7c:4c'
p106
S'71.56.54.117'
p107
S'4.71.254.153'
p108
S'2012-10-11 03:41:53'
p109
F4264.0
tp110
a(S'c4:3d:c7:a3:7c:4c'
p111
S'71.56.54.117'
p112
S'4.71.254.140'
p113
S'2012-10-11 15:21:24'
p114
F4295.0
tp115
a(S'c4:3d:c7:a3:7c:4c'
p116
S'71.56.54.117'
p117
S'4.71.254.153'
p118
S'2012-10-11 21:31:29'
p119
F4292.0
tp120
a(S'c4:3d:c7:a3:7c:4c'
p121
S'71.56.54.117'
p122
S'4.71.254.140'
p123
S'2012-10-12 03:20:54'
p124
F4303.0
tp125
a(S'c4:3d:c7:a3:7c:4c'
p126
S'71.56.54.117'
p127
S'4.71.254.140'
p128
S'2012-10-12 14:30:27'
p129
F4296.0
tp130
a(S'c4:3d:c7:a3:7c:4c'
p131
S'71.56.54.117'
p132
S'4.71.254.140'
p133
S'2012-10-12 20:40:41'
p134
F4293.0
tp135
a(S'c4:3d:c7:a3:7c:4c'
p136
S'71.56.54.117'
p137
S'4.71.254.140'
p138
S'2012-10-13 02:50:49'
p139
F4275.0
tp140
a(S'c4:3d:c7:a3:7c:4c'
p141
S'71.56.54.117'
p142
S'4.71.254.140'
p143
S'2012-10-13 14:30:38'
p144
F4294.0
tp145
a(S'c4:3d:c7:a3:7c:4c'
p146
S'71.56.54.117'
p147
S'4.71.254.140'
p148
S'2012-10-13 20:40:45'
p149
F4291.0
tp150
a(S'c4:3d:c7:a3:7c:4c'
p151
S'71.56.54.117'
p152
S'4.71.254.153'
p153
S'2012-10-14 02:50:34'
p154
F4380.0
tp155
a(S'c4:3d:c7:a3:7c:4c'
p156
S'71.56.54.117'
p157
S'4.71.254.153'
p158
S'2012-10-14 14:30:25'
p159
F4298.0
tp160
a(S'c4:3d:c7:a3:7c:4c'
p161
S'71.56.54.117'
p162
S'4.71.254.140'
p163
S'2012-10-14 20:40:42'
p164
F4281.0
tp165
a.