(lp0
(S'c4:3d:c7:b0:ae:54'
p1
S'65.50.74.135'
p2
S'4.71.254.140'
p3
S'2012-10-02 05:28:36'
p4
F49023.0
tp5
a(S'c4:3d:c7:b0:ae:54'
p6
S'65.50.74.135'
p7
S'4.71.254.153'
p8
S'2012-10-02 11:38:49'
p9
F93156.0
tp10
a(S'c4:3d:c7:b0:ae:54'
p11
S'65.50.74.135'
p12
S'4.71.254.153'
p13
S'2012-10-02 23:18:21'
p14
F86345.0
tp15
a(S'c4:3d:c7:b0:ae:54'
p16
S'65.50.74.135'
p17
S'4.71.254.140'
p18
S'2012-10-03 05:28:37'
p19
F87794.0
tp20
a(S'c4:3d:c7:b0:ae:54'
p21
S'65.50.74.135'
p22
S'4.71.254.153'
p23
S'2012-10-03 11:38:49'
p24
F97420.0
tp25
a(S'c4:3d:c7:b0:ae:54'
p26
S'65.50.74.135'
p27
S'4.71.254.140'
p28
S'2012-10-03 23:17:20'
p29
F97437.0
tp30
a(S'c4:3d:c7:b0:ae:54'
p31
S'65.50.74.135'
p32
S'4.71.254.140'
p33
S'2012-10-04 11:37:59'
p34
F97454.0
tp35
a(S'c4:3d:c7:b0:ae:54'
p36
S'65.50.74.135'
p37
S'4.71.254.153'
p38
S'2012-10-05 05:27:42'
p39
F50952.0
tp40
a(S'c4:3d:c7:b0:ae:54'
p41
S'65.50.74.135'
p42
S'4.71.254.140'
p43
S'2012-10-05 11:37:55'
p44
F97403.0
tp45
a(S'c4:3d:c7:b0:ae:54'
p46
S'65.50.74.135'
p47
S'4.71.254.153'
p48
S'2012-10-05 23:17:26'
p49
F40964.0
tp50
a(S'c4:3d:c7:b0:ae:54'
p51
S'65.50.74.135'
p52
S'4.71.254.153'
p53
S'2012-10-06 05:27:43'
p54
F53875.0
tp55
a(S'c4:3d:c7:b0:ae:54'
p56
S'65.50.74.135'
p57
S'4.71.254.140'
p58
S'2012-10-06 12:17:54'
p59
F97403.0
tp60
a(S'c4:3d:c7:b0:ae:54'
p61
S'65.50.74.135'
p62
S'4.71.254.153'
p63
S'2012-10-06 23:57:24'
p64
F81814.0
tp65
a(S'c4:3d:c7:b0:ae:54'
p66
S'65.50.74.135'
p67
S'4.71.254.140'
p68
S'2012-10-07 07:07:29'
p69
F97420.0
tp70
a(S'c4:3d:c7:b0:ae:54'
p71
S'65.50.74.135'
p72
S'4.71.254.140'
p73
S'2012-10-07 16:38:01'
p74
F51041.0
tp75
a(S'c4:3d:c7:b0:ae:54'
p76
S'65.50.74.135'
p77
S'4.71.254.153'
p78
S'2012-10-08 04:37:25'
p79
F44075.0
tp80
a(S'c4:3d:c7:b0:ae:54'
p81
S'65.50.74.135'
p82
S'4.71.254.153'
p83
S'2012-10-09 04:37:27'
p84
F53674.0
tp85
a(S'c4:3d:c7:b0:ae:54'
p86
S'65.50.74.135'
p87
S'4.71.254.153'
p88
S'2012-10-09 16:57:50'
p89
F80496.0
tp90
a(S'c4:3d:c7:b0:ae:54'
p91
S'65.50.74.135'
p92
S'4.71.254.153'
p93
S'2012-10-10 04:37:24'
p94
F52247.0
tp95
a(S'c4:3d:c7:b0:ae:54'
p96
S'65.50.74.135'
p97
S'4.71.254.140'
p98
S'2012-10-11 00:52:37'
p99
F49330.0
tp100
a(S'c4:3d:c7:b0:ae:54'
p101
S'65.50.74.135'
p102
S'4.71.254.153'
p103
S'2012-10-11 07:02:43'
p104
F97301.0
tp105
a(S'c4:3d:c7:b0:ae:54'
p106
S'65.50.74.135'
p107
S'4.71.254.140'
p108
S'2012-10-11 18:42:25'
p109
F91451.0
tp110
a(S'c4:3d:c7:b0:ae:54'
p111
S'65.50.74.135'
p112
S'4.71.254.153'
p113
S'2012-10-12 00:52:41'
p114
F96115.0
tp115
a(S'c4:3d:c7:b0:ae:54'
p116
S'65.50.74.135'
p117
S'4.71.254.153'
p118
S'2012-10-12 07:02:53'
p119
F97166.0
tp120
a(S'c4:3d:c7:b0:ae:54'
p121
S'65.50.74.135'
p122
S'4.71.254.153'
p123
S'2012-10-12 18:42:16'
p124
F80810.0
tp125
a(S'c4:3d:c7:b0:ae:54'
p126
S'65.50.74.135'
p127
S'4.71.254.153'
p128
S'2012-10-13 00:52:41'
p129
F82211.0
tp130
a(S'c4:3d:c7:b0:ae:54'
p131
S'65.50.74.135'
p132
S'4.71.254.140'
p133
S'2012-10-13 19:01:25'
p134
F85645.0
tp135
a(S'c4:3d:c7:b0:ae:54'
p136
S'65.50.74.135'
p137
S'4.71.254.153'
p138
S'2012-10-14 01:11:31'
p139
F49956.0
tp140
a(S'c4:3d:c7:b0:ae:54'
p141
S'65.50.74.135'
p142
S'4.71.254.153'
p143
S'2012-10-14 07:21:39'
p144
F97437.0
tp145
a(S'c4:3d:c7:b0:ae:54'
p146
S'65.50.74.135'
p147
S'4.71.254.140'
p148
S'2012-10-14 19:01:27'
p149
F50742.0
tp150
a.