(lp0
(S'c4:3d:c7:8e:e0:81'
p1
S'108.203.55.66'
p2
S'64.9.225.161'
p3
S'2012-10-03 04:36:54'
p4
F968.0
tp5
a(S'c4:3d:c7:8e:e0:81'
p6
S'108.203.55.66'
p7
S'64.9.225.140'
p8
S'2012-10-03 10:47:00'
p9
F984.0
tp10
a(S'c4:3d:c7:8e:e0:81'
p11
S'108.203.55.66'
p12
S'64.9.225.140'
p13
S'2012-10-03 16:57:08'
p14
F984.0
tp15
a(S'c4:3d:c7:8e:e0:81'
p16
S'108.203.55.66'
p17
S'64.9.225.140'
p18
S'2012-10-04 04:36:44'
p19
F970.0
tp20
a(S'c4:3d:c7:8e:e0:81'
p21
S'108.203.55.66'
p22
S'64.9.225.161'
p23
S'2012-10-04 10:47:03'
p24
F790.0
tp25
a(S'c4:3d:c7:8e:e0:81'
p26
S'108.203.55.66'
p27
S'64.9.225.161'
p28
S'2012-10-06 04:36:43'
p29
F934.0
tp30
a(S'c4:3d:c7:8e:e0:81'
p31
S'108.203.55.66'
p32
S'64.9.225.170'
p33
S'2012-10-06 10:46:56'
p34
F983.0
tp35
a(S'c4:3d:c7:8e:e0:81'
p36
S'108.203.55.66'
p37
S'64.9.225.161'
p38
S'2012-10-06 16:57:11'
p39
F708.0
tp40
a(S'c4:3d:c7:8e:e0:81'
p41
S'108.203.55.66'
p42
S'64.9.225.170'
p43
S'2012-10-07 05:56:43'
p44
F983.0
tp45
a(S'c4:3d:c7:8e:e0:81'
p46
S'108.203.55.66'
p47
S'64.9.225.170'
p48
S'2012-10-08 14:35:59'
p49
F983.0
tp50
a(S'c4:3d:c7:8e:e0:81'
p51
S'108.203.55.66'
p52
S'64.9.225.140'
p53
S'2012-10-08 20:46:51'
p54
F984.0
tp55
a(S'c4:3d:c7:8e:e0:81'
p56
S'108.203.55.66'
p57
S'64.9.225.170'
p58
S'2012-10-09 08:25:53'
p59
F981.0
tp60
a(S'c4:3d:c7:8e:e0:81'
p61
S'108.203.55.66'
p62
S'64.9.225.140'
p63
S'2012-10-09 14:35:47'
p64
F983.0
tp65
a(S'c4:3d:c7:8e:e0:81'
p66
S'108.203.55.66'
p67
S'64.9.225.170'
p68
S'2012-10-10 08:26:04'
p69
F973.0
tp70
a(S'c4:3d:c7:8e:e0:81'
p71
S'108.203.55.66'
p72
S'64.9.225.170'
p73
S'2012-10-10 20:46:23'
p74
F984.0
tp75
a(S'c4:3d:c7:8e:e0:81'
p76
S'108.203.55.66'
p77
S'64.9.225.140'
p78
S'2012-10-11 09:55:55'
p79
F981.0
tp80
a(S'c4:3d:c7:8e:e0:81'
p81
S'108.203.55.66'
p82
S'64.9.225.170'
p83
S'2012-10-11 17:46:01'
p84
F984.0
tp85
a(S'c4:3d:c7:8e:e0:81'
p86
S'108.203.55.66'
p87
S'64.9.225.170'
p88
S'2012-10-12 18:05:44'
p89
F983.0
tp90
a(S'c4:3d:c7:8e:e0:81'
p91
S'108.203.55.66'
p92
S'64.9.225.140'
p93
S'2012-10-13 02:55:08'
p94
F984.0
tp95
a(S'c4:3d:c7:8e:e0:81'
p96
S'108.203.55.66'
p97
S'64.9.225.170'
p98
S'2012-10-13 09:05:21'
p99
F978.0
tp100
a(S'c4:3d:c7:8e:e0:81'
p101
S'108.203.55.66'
p102
S'64.9.225.170'
p103
S'2012-10-14 02:54:57'
p104
F982.0
tp105
a(S'c4:3d:c7:8e:e0:81'
p106
S'108.203.55.66'
p107
S'64.9.225.170'
p108
S'2012-10-14 09:05:11'
p109
F784.0
tp110
a(S'c4:3d:c7:8e:e0:81'
p111
S'108.203.55.66'
p112
S'64.9.225.140'
p113
S'2012-10-14 20:44:54'
p114
F821.0
tp115
a.