(lp0
(S'c4:3d:c7:b0:ae:78'
p1
S'4.71.254.153'
p2
S'207.138.47.153'
p3
S'2012-10-02 05:04:27'
p4
F9158.0
tp5
a(S'c4:3d:c7:b0:ae:78'
p6
S'4.71.254.153'
p7
S'207.138.47.153'
p8
S'2012-10-02 16:33:57'
p9
F9551.0
tp10
a(S'c4:3d:c7:b0:ae:78'
p11
S'4.71.254.140'
p12
S'207.138.47.153'
p13
S'2012-10-02 23:05:17'
p14
F9489.0
tp15
a(S'c4:3d:c7:b0:ae:78'
p16
S'4.71.254.140'
p17
S'207.138.47.153'
p18
S'2012-10-03 06:04:20'
p19
F10279.0
tp20
a(S'c4:3d:c7:b0:ae:78'
p21
S'4.71.254.153'
p22
S'207.138.47.153'
p23
S'2012-10-03 18:13:44'
p24
F10327.0
tp25
a(S'c4:3d:c7:b0:ae:78'
p26
S'4.71.254.140'
p27
S'207.138.47.153'
p28
S'2012-10-04 08:13:40'
p29
F10361.0
tp30
a(S'c4:3d:c7:b0:ae:78'
p31
S'4.71.254.140'
p32
S'207.138.47.153'
p33
S'2012-10-05 11:04:09'
p34
F10254.0
tp35
a(S'c4:3d:c7:b0:ae:78'
p36
S'4.71.254.153'
p37
S'207.138.47.153'
p38
S'2012-10-05 22:53:53'
p39
F10347.0
tp40
a(S'c4:3d:c7:b0:ae:78'
p41
S'4.71.254.140'
p42
S'207.138.47.153'
p43
S'2012-10-06 05:03:35'
p44
F10110.0
tp45
a(S'c4:3d:c7:b0:ae:78'
p46
S'4.71.254.153'
p47
S'207.138.47.153'
p48
S'2012-10-06 11:15:14'
p49
F10335.0
tp50
a(S'c4:3d:c7:b0:ae:78'
p51
S'4.71.254.140'
p52
S'207.138.47.153'
p53
S'2012-10-06 22:52:38'
p54
F10236.0
tp55
a(S'c4:3d:c7:b0:ae:78'
p56
S'4.71.254.140'
p57
S'207.138.47.153'
p58
S'2012-10-07 05:02:56'
p59
F10296.0
tp60
a(S'c4:3d:c7:b0:ae:78'
p61
S'4.71.254.153'
p62
S'207.138.47.153'
p63
S'2012-10-08 04:43:02'
p64
F10123.0
tp65
a(S'c4:3d:c7:b0:ae:78'
p66
S'4.71.254.140'
p67
S'207.138.47.153'
p68
S'2012-10-08 10:52:58'
p69
F10114.0
tp70
a(S'c4:3d:c7:b0:ae:78'
p71
S'4.71.254.140'
p72
S'207.138.47.153'
p73
S'2012-10-08 17:03:11'
p74
F8753.0
tp75
a(S'c4:3d:c7:b0:ae:78'
p76
S'4.71.254.153'
p77
S'207.138.47.153'
p78
S'2012-10-09 04:42:41'
p79
F9956.0
tp80
a(S'c4:3d:c7:b0:ae:78'
p81
S'4.71.254.140'
p82
S'207.138.47.153'
p83
S'2012-10-09 10:52:52'
p84
F10341.0
tp85
a(S'c4:3d:c7:b0:ae:78'
p86
S'4.71.254.153'
p87
S'207.138.47.153'
p88
S'2012-10-09 17:03:11'
p89
F10047.0
tp90
a(S'c4:3d:c7:b0:ae:78'
p91
S'4.71.254.140'
p92
S'207.138.47.153'
p93
S'2012-10-10 04:42:58'
p94
F9264.0
tp95
a(S'c4:3d:c7:b0:ae:78'
p96
S'4.71.254.153'
p97
S'207.138.47.153'
p98
S'2012-10-10 22:10:42'
p99
F10083.0
tp100
a(S'c4:3d:c7:b0:ae:78'
p101
S'4.71.254.140'
p102
S'207.138.47.153'
p103
S'2012-10-11 04:20:56'
p104
F3465.0
tp105
a(S'c4:3d:c7:b0:ae:78'
p106
S'4.71.254.153'
p107
S'207.138.47.153'
p108
S'2012-10-11 10:31:07'
p109
F10314.0
tp110
a(S'c4:3d:c7:b0:ae:78'
p111
S'4.71.254.140'
p112
S'207.138.47.153'
p113
S'2012-10-11 22:10:38'
p114
F10046.0
tp115
a(S'c4:3d:c7:b0:ae:78'
p116
S'4.71.254.153'
p117
S'207.138.47.153'
p118
S'2012-10-12 04:20:47'
p119
F10195.0
tp120
a(S'c4:3d:c7:b0:ae:78'
p121
S'4.71.254.140'
p122
S'207.138.47.153'
p123
S'2012-10-12 10:31:05'
p124
F10350.0
tp125
a(S'c4:3d:c7:b0:ae:78'
p126
S'4.71.254.140'
p127
S'207.138.47.153'
p128
S'2012-10-13 04:20:56'
p129
F10208.0
tp130
a(S'c4:3d:c7:b0:ae:78'
p131
S'4.71.254.153'
p132
S'207.138.47.153'
p133
S'2012-10-13 10:31:08'
p134
F10357.0
tp135
a(S'c4:3d:c7:b0:ae:78'
p136
S'4.71.254.153'
p137
S'207.138.47.153'
p138
S'2012-10-13 22:20:41'
p139
F8544.0
tp140
a(S'c4:3d:c7:b0:ae:78'
p141
S'4.71.254.153'
p142
S'207.138.47.153'
p143
S'2012-10-14 04:30:45'
p144
F9683.0
tp145
a(S'c4:3d:c7:b0:ae:78'
p146
S'4.71.254.140'
p147
S'207.138.47.153'
p148
S'2012-10-14 10:41:06'
p149
F10297.0
tp150
a(S'c4:3d:c7:b0:ae:78'
p151
S'4.71.254.140'
p152
S'207.138.47.153'
p153
S'2012-10-14 22:20:41'
p154
F4521.0
tp155
a.