(lp0
(S'2c:b0:5d:87:3b:30'
p1
S'216.156.197.146'
p2
S'68.34.206.216'
p3
S'2012-10-02 03:09:44'
p4
F19991.799999999999
tp5
a(S'2c:b0:5d:87:3b:30'
p6
S'216.156.197.172'
p7
S'68.34.206.216'
p8
S'2012-10-02 07:29:42'
p9
F20225.099999999999
tp10
a(S'2c:b0:5d:87:3b:30'
p11
S'216.156.197.146'
p12
S'68.34.206.216'
p13
S'2012-10-02 11:49:41'
p14
F19046.5
tp15
a(S'2c:b0:5d:87:3b:30'
p16
S'216.156.197.146'
p17
S'68.34.206.216'
p18
S'2012-10-02 20:08:39'
p19
F20471.599999999999
tp20
a(S'2c:b0:5d:87:3b:30'
p21
S'216.156.197.172'
p22
S'68.34.206.216'
p23
S'2012-10-03 09:48:39'
p24
F20282.099999999999
tp25
a(S'2c:b0:5d:87:3b:30'
p26
S'216.156.197.146'
p27
S'68.34.206.216'
p28
S'2012-10-03 14:08:38'
p29
F20396.599999999999
tp30
a(S'2c:b0:5d:87:3b:30'
p31
S'216.156.197.146'
p32
S'68.34.206.216'
p33
S'2012-10-03 16:28:44'
p34
F20140.700000000001
tp35
a(S'2c:b0:5d:87:3b:30'
p36
S'216.156.197.159'
p37
S'68.34.206.216'
p38
S'2012-10-03 20:48:45'
p39
F20347.700000000001
tp40
a(S'2c:b0:5d:87:3b:30'
p41
S'216.156.197.146'
p42
S'68.34.206.216'
p43
S'2012-10-04 01:08:40'
p44
F20219.599999999999
tp45
a(S'2c:b0:5d:87:3b:30'
p46
S'216.156.197.146'
p47
S'68.34.206.216'
p48
S'2012-10-04 05:29:00'
p49
F20503.599999999999
tp50
a(S'2c:b0:5d:87:3b:30'
p51
S'216.156.197.172'
p52
S'68.34.206.216'
p53
S'2012-10-04 09:48:39'
p54
F20287.900000000001
tp55
a(S'2c:b0:5d:87:3b:30'
p56
S'216.156.197.146'
p57
S'68.34.206.216'
p58
S'2012-10-04 14:08:46'
p59
F20056.0
tp60
a(S'2c:b0:5d:87:3b:30'
p61
S'216.156.197.146'
p62
S'68.34.206.216'
p63
S'2012-10-04 16:28:45'
p64
F20145.0
tp65
a(S'2c:b0:5d:87:3b:30'
p66
S'216.156.197.146'
p67
S'68.34.206.216'
p68
S'2012-10-04 20:48:44'
p69
F20435.900000000001
tp70
a(S'2c:b0:5d:87:3b:30'
p71
S'216.156.197.159'
p72
S'68.34.206.216'
p73
S'2012-10-05 03:08:46'
p74
F20288.200000000001
tp75
a(S'2c:b0:5d:87:3b:30'
p76
S'216.156.197.146'
p77
S'68.34.206.216'
p78
S'2012-10-05 08:28:58'
p79
F20368.200000000001
tp80
a(S'2c:b0:5d:87:3b:30'
p81
S'216.156.197.146'
p82
S'68.34.206.216'
p83
S'2012-10-05 12:48:43'
p84
F20626.400000000001
tp85
a(S'2c:b0:5d:87:3b:30'
p86
S'216.156.197.159'
p87
S'68.34.206.216'
p88
S'2012-10-05 17:08:45'
p89
F20304.900000000001
tp90
a(S'2c:b0:5d:87:3b:30'
p91
S'216.156.197.172'
p92
S'68.34.206.216'
p93
S'2012-10-05 20:28:49'
p94
F20305.400000000001
tp95
a(S'2c:b0:5d:87:3b:30'
p96
S'216.156.197.159'
p97
S'68.34.206.216'
p98
S'2012-10-06 04:08:45'
p99
F20217.599999999999
tp100
a(S'2c:b0:5d:87:3b:30'
p101
S'216.156.197.159'
p102
S'68.34.206.216'
p103
S'2012-10-06 09:28:45'
p104
F20370.5
tp105
a(S'2c:b0:5d:87:3b:30'
p106
S'216.156.197.159'
p107
S'68.34.206.216'
p108
S'2012-10-06 14:48:59'
p109
F20344.700000000001
tp110
a(S'2c:b0:5d:87:3b:30'
p111
S'216.156.197.146'
p112
S'68.34.206.216'
p113
S'2012-10-06 19:08:44'
p114
F20029.5
tp115
a(S'2c:b0:5d:87:3b:30'
p116
S'216.156.197.159'
p117
S'68.34.206.216'
p118
S'2012-10-06 23:28:43'
p119
F20288.900000000001
tp120
a(S'2c:b0:5d:87:3b:30'
p121
S'216.156.197.146'
p122
S'68.34.206.216'
p123
S'2012-10-07 01:48:45'
p124
F20389.599999999999
tp125
a(S'2c:b0:5d:87:3b:30'
p126
S'216.156.197.146'
p127
S'68.34.206.216'
p128
S'2012-10-07 06:08:43'
p129
F20347.700000000001
tp130
a(S'2c:b0:5d:87:3b:30'
p131
S'216.156.197.172'
p132
S'68.34.206.216'
p133
S'2012-10-07 10:28:45'
p134
F20283.400000000001
tp135
a(S'2c:b0:5d:87:3b:30'
p136
S'216.156.197.146'
p137
S'68.34.206.216'
p138
S'2012-10-07 14:48:59'
p139
F20560.0
tp140
a(S'2c:b0:5d:87:3b:30'
p141
S'216.156.197.146'
p142
S'68.34.206.216'
p143
S'2012-10-07 19:08:44'
p144
F20524.400000000001
tp145
a(S'2c:b0:5d:87:3b:30'
p146
S'216.156.197.146'
p147
S'68.34.206.216'
p148
S'2012-10-08 00:48:44'
p149
F20909.299999999999
tp150
a(S'2c:b0:5d:87:3b:30'
p151
S'216.156.197.172'
p152
S'68.34.206.216'
p153
S'2012-10-08 03:08:49'
p154
F20006.900000000001
tp155
a(S'2c:b0:5d:87:3b:30'
p156
S'216.156.197.146'
p157
S'68.34.206.216'
p158
S'2012-10-08 07:28:47'
p159
F20508.400000000001
tp160
a(S'2c:b0:5d:87:3b:30'
p161
S'216.156.197.159'
p162
S'68.34.206.216'
p163
S'2012-10-08 11:48:44'
p164
F20234.5
tp165
a(S'2c:b0:5d:87:3b:30'
p166
S'216.156.197.159'
p167
S'68.34.206.216'
p168
S'2012-10-08 16:08:59'
p169
F20401.299999999999
tp170
a(S'2c:b0:5d:87:3b:30'
p171
S'216.156.197.172'
p172
S'68.34.206.216'
p173
S'2012-10-08 21:17:47'
p174
F20493.099999999999
tp175
a(S'2c:b0:5d:87:3b:30'
p176
S'216.156.197.159'
p177
S'68.34.206.216'
p178
S'2012-10-09 04:37:45'
p179
F20207.099999999999
tp180
a(S'2c:b0:5d:87:3b:30'
p181
S'216.156.197.159'
p182
S'68.34.206.216'
p183
S'2012-10-09 07:57:44'
p184
F20291.0
tp185
a(S'2c:b0:5d:87:3b:30'
p186
S'216.156.197.146'
p187
S'68.34.206.216'
p188
S'2012-10-09 12:17:46'
p189
F20251.299999999999
tp190
a(S'2c:b0:5d:87:3b:30'
p191
S'216.156.197.159'
p192
S'68.34.206.216'
p193
S'2012-10-09 16:37:45'
p194
F20338.099999999999
tp195
a(S'2c:b0:5d:87:3b:30'
p196
S'216.156.197.146'
p197
S'68.34.206.216'
p198
S'2012-10-09 20:57:57'
p199
F20256.400000000001
tp200
a(S'2c:b0:5d:87:3b:30'
p201
S'216.156.197.172'
p202
S'68.34.206.216'
p203
S'2012-10-10 01:17:42'
p204
F20374.900000000001
tp205
a(S'2c:b0:5d:87:3b:30'
p206
S'216.156.197.159'
p207
S'68.34.206.216'
p208
S'2012-10-10 05:37:43'
p209
F20193.5
tp210
a(S'2c:b0:5d:87:3b:30'
p211
S'216.156.197.146'
p212
S'68.34.206.216'
p213
S'2012-10-10 07:57:45'
p214
F20211.700000000001
tp215
a(S'2c:b0:5d:87:3b:30'
p216
S'216.156.197.172'
p217
S'68.34.206.216'
p218
S'2012-10-10 20:57:59'
p219
F20082.700000000001
tp220
a(S'2c:b0:5d:87:3b:30'
p221
S'216.156.197.146'
p222
S'68.34.206.216'
p223
S'2012-10-11 01:17:45'
p224
F20511.0
tp225
a(S'2c:b0:5d:87:3b:30'
p226
S'216.156.197.159'
p227
S'68.34.206.216'
p228
S'2012-10-11 05:37:44'
p229
F20325.599999999999
tp230
a(S'2c:b0:5d:87:3b:30'
p231
S'216.156.197.146'
p232
S'68.34.206.216'
p233
S'2012-10-11 07:57:43'
p234
F20507.400000000001
tp235
a(S'2c:b0:5d:87:3b:30'
p236
S'216.156.197.159'
p237
S'68.34.206.216'
p238
S'2012-10-11 12:17:45'
p239
F20297.400000000001
tp240
a(S'2c:b0:5d:87:3b:30'
p241
S'216.156.197.146'
p242
S'68.34.206.216'
p243
S'2012-10-11 17:37:44'
p244
F20201.799999999999
tp245
a(S'2c:b0:5d:87:3b:30'
p246
S'216.156.197.172'
p247
S'68.34.206.216'
p248
S'2012-10-11 21:58:00'
p249
F20416.400000000001
tp250
a(S'2c:b0:5d:87:3b:30'
p251
S'216.156.197.146'
p252
S'68.34.206.216'
p253
S'2012-10-12 02:17:43'
p254
F20366.0
tp255
a(S'2c:b0:5d:87:3b:30'
p256
S'216.156.197.159'
p257
S'68.34.206.216'
p258
S'2012-10-12 06:37:45'
p259
F20324.700000000001
tp260
a(S'2c:b0:5d:87:3b:30'
p261
S'216.156.197.146'
p262
S'68.34.206.216'
p263
S'2012-10-12 08:57:43'
p264
F20394.5
tp265
a(S'2c:b0:5d:87:3b:30'
p266
S'216.156.197.159'
p267
S'68.34.206.216'
p268
S'2012-10-12 13:17:44'
p269
F20361.599999999999
tp270
a(S'2c:b0:5d:87:3b:30'
p271
S'216.156.197.146'
p272
S'68.34.206.216'
p273
S'2012-10-12 17:37:44'
p274
F20443.799999999999
tp275
a(S'2c:b0:5d:87:3b:30'
p276
S'216.156.197.172'
p277
S'68.34.206.216'
p278
S'2012-10-13 02:17:45'
p279
F20141.0
tp280
a(S'2c:b0:5d:87:3b:30'
p281
S'216.156.197.146'
p282
S'68.34.206.216'
p283
S'2012-10-13 06:37:47'
p284
F20308.900000000001
tp285
a(S'2c:b0:5d:87:3b:30'
p286
S'216.156.197.159'
p287
S'68.34.206.216'
p288
S'2012-10-13 08:57:50'
p289
F20286.799999999999
tp290
a(S'2c:b0:5d:87:3b:30'
p291
S'216.156.197.146'
p292
S'68.34.206.216'
p293
S'2012-10-13 19:54:44'
p294
F20485.5
tp295
a(S'2c:b0:5d:87:3b:30'
p296
S'216.156.197.172'
p297
S'68.34.206.216'
p298
S'2012-10-14 00:14:44'
p299
F20386.299999999999
tp300
a(S'2c:b0:5d:87:3b:30'
p301
S'216.156.197.159'
p302
S'68.34.206.216'
p303
S'2012-10-14 05:40:47'
p304
F0.0
tp305
a(S'2c:b0:5d:87:3b:30'
p306
S'216.156.197.146'
p307
S'68.34.206.216'
p308
S'2012-10-14 11:00:45'
p309
F20387.799999999999
tp310
a(S'2c:b0:5d:87:3b:30'
p311
S'216.156.197.172'
p312
S'68.34.206.216'
p313
S'2012-10-14 16:10:44'
p314
F20367.299999999999
tp315
a(S'2c:b0:5d:87:3b:30'
p316
S'216.156.197.159'
p317
S'68.34.206.216'
p318
S'2012-10-14 20:31:01'
p319
F19963.400000000001
tp320
a.