(lp0
(S'2c:b0:5d:a0:c2:26'
p1
S'143.215.131.173'
p2
S'143.215.207.87'
p3
S'2012-10-02 07:01:04'
p4
F190296.0
tp5
a(S'2c:b0:5d:a0:c2:26'
p6
S'143.215.131.173'
p7
S'143.215.207.87'
p8
S'2012-10-02 11:21:33'
p9
F190888.0
tp10
a(S'2c:b0:5d:a0:c2:26'
p11
S'143.215.131.173'
p12
S'143.215.207.87'
p13
S'2012-10-02 15:42:08'
p14
F190758.0
tp15
a(S'2c:b0:5d:a0:c2:26'
p16
S'143.215.131.173'
p17
S'143.215.207.87'
p18
S'2012-10-02 18:00:23'
p19
F198443.0
tp20
a(S'2c:b0:5d:a0:c2:26'
p21
S'4.71.210.217'
p22
S'71.56.92.62'
p23
S'2012-10-05 17:44:41'
p24
F34627.0
tp25
a(S'2c:b0:5d:a0:c2:26'
p26
S'4.71.210.217'
p27
S'71.56.92.62'
p28
S'2012-10-05 22:04:44'
p29
F33721.5
tp30
a(S'2c:b0:5d:a0:c2:26'
p31
S'4.71.210.217'
p32
S'71.56.92.62'
p33
S'2012-10-06 02:24:43'
p34
F26226.099999999999
tp35
a(S'2c:b0:5d:a0:c2:26'
p36
S'4.71.210.217'
p37
S'71.56.92.62'
p38
S'2012-10-06 06:44:57'
p39
F34228.599999999999
tp40
a(S'2c:b0:5d:a0:c2:26'
p41
S'4.71.210.204'
p42
S'71.56.92.62'
p43
S'2012-10-06 13:04:41'
p44
F34978.199999999997
tp45
a(S'2c:b0:5d:a0:c2:26'
p46
S'4.71.210.217'
p47
S'71.56.92.62'
p48
S'2012-10-07 02:24:43'
p49
F29827.700000000001
tp50
a(S'2c:b0:5d:a0:c2:26'
p51
S'4.71.210.204'
p52
S'71.56.92.62'
p53
S'2012-10-07 12:44:42'
p54
F28130.400000000001
tp55
a(S'2c:b0:5d:a0:c2:26'
p56
S'4.71.210.204'
p57
S'71.56.92.62'
p58
S'2012-10-07 17:04:43'
p59
F18922.900000000001
tp60
a(S'2c:b0:5d:a0:c2:26'
p61
S'4.71.210.204'
p62
S'71.56.92.62'
p63
S'2012-10-07 21:25:01'
p64
F0.0
tp65
a(S'2c:b0:5d:a0:c2:26'
p66
S'4.71.210.204'
p67
S'71.56.92.62'
p68
S'2012-10-08 01:44:43'
p69
F25439.200000000001
tp70
a(S'2c:b0:5d:a0:c2:26'
p71
S'4.71.210.204'
p72
S'71.56.92.62'
p73
S'2012-10-08 06:04:42'
p74
F34983.099999999999
tp75
a(S'2c:b0:5d:a0:c2:26'
p76
S'4.71.210.204'
p77
S'71.56.92.62'
p78
S'2012-10-08 08:24:43'
p79
F34929.199999999997
tp80
a(S'2c:b0:5d:a0:c2:26'
p81
S'4.71.210.204'
p82
S'71.56.92.62'
p83
S'2012-10-08 12:44:43'
p84
F33631.099999999999
tp85
a(S'2c:b0:5d:a0:c2:26'
p86
S'4.71.210.217'
p87
S'71.56.92.62'
p88
S'2012-10-08 17:04:42'
p89
F32683.0
tp90
a(S'2c:b0:5d:a0:c2:26'
p91
S'4.71.210.217'
p92
S'71.56.92.62'
p93
S'2012-10-08 21:24:57'
p94
F33013.199999999997
tp95
a(S'2c:b0:5d:a0:c2:26'
p96
S'4.71.210.204'
p97
S'71.56.92.62'
p98
S'2012-10-09 01:44:41'
p99
F32555.099999999999
tp100
a(S'2c:b0:5d:a0:c2:26'
p101
S'4.71.210.204'
p102
S'71.56.92.62'
p103
S'2012-10-09 06:04:43'
p104
F34986.400000000001
tp105
a(S'2c:b0:5d:a0:c2:26'
p106
S'4.71.210.217'
p107
S'71.56.92.62'
p108
S'2012-10-09 08:24:43'
p109
F35032.599999999999
tp110
a(S'2c:b0:5d:a0:c2:26'
p111
S'4.71.210.204'
p112
S'71.56.92.62'
p113
S'2012-10-09 12:44:43'
p114
F29560.900000000001
tp115
a(S'2c:b0:5d:a0:c2:26'
p116
S'4.71.210.217'
p117
S'71.56.92.62'
p118
S'2012-10-09 17:04:48'
p119
F33275.300000000003
tp120
a(S'2c:b0:5d:a0:c2:26'
p121
S'4.71.210.217'
p122
S'71.56.92.62'
p123
S'2012-10-09 22:24:58'
p124
F33636.199999999997
tp125
a(S'2c:b0:5d:a0:c2:26'
p126
S'4.71.210.217'
p127
S'71.56.92.62'
p128
S'2012-10-10 02:53:43'
p129
F26568.0
tp130
a(S'2c:b0:5d:a0:c2:26'
p131
S'4.71.210.204'
p132
S'71.56.92.62'
p133
S'2012-10-10 07:13:43'
p134
F35139.0
tp135
a(S'2c:b0:5d:a0:c2:26'
p136
S'4.71.210.217'
p137
S'71.56.92.62'
p138
S'2012-10-10 22:33:57'
p139
F26445.599999999999
tp140
a(S'2c:b0:5d:a0:c2:26'
p141
S'4.71.210.217'
p142
S'71.56.92.62'
p143
S'2012-10-11 02:53:42'
p144
F33953.900000000001
tp145
a(S'2c:b0:5d:a0:c2:26'
p146
S'4.71.210.204'
p147
S'71.56.92.62'
p148
S'2012-10-11 09:33:42'
p149
F34619.699999999997
tp150
a(S'2c:b0:5d:a0:c2:26'
p151
S'4.71.210.217'
p152
S'71.56.92.62'
p153
S'2012-10-11 13:53:42'
p154
F32905.599999999999
tp155
a(S'2c:b0:5d:a0:c2:26'
p156
S'4.71.210.204'
p157
S'71.56.92.62'
p158
S'2012-10-11 18:13:44'
p159
F25717.0
tp160
a(S'2c:b0:5d:a0:c2:26'
p161
S'4.71.210.217'
p162
S'71.56.92.62'
p163
S'2012-10-11 22:33:58'
p164
F27542.200000000001
tp165
a(S'2c:b0:5d:a0:c2:26'
p166
S'4.71.210.204'
p167
S'71.56.92.62'
p168
S'2012-10-12 02:53:43'
p169
F28400.799999999999
tp170
a(S'2c:b0:5d:a0:c2:26'
p171
S'4.71.210.217'
p172
S'71.56.92.62'
p173
S'2012-10-12 09:33:41'
p174
F35210.199999999997
tp175
a(S'2c:b0:5d:a0:c2:26'
p176
S'4.71.210.204'
p177
S'71.56.92.62'
p178
S'2012-10-12 13:53:43'
p179
F34144.5
tp180
a(S'2c:b0:5d:a0:c2:26'
p181
S'4.71.210.204'
p182
S'71.56.92.62'
p183
S'2012-10-13 02:53:41'
p184
F29689.700000000001
tp185
a(S'2c:b0:5d:a0:c2:26'
p186
S'4.71.210.217'
p187
S'71.56.92.62'
p188
S'2012-10-13 09:33:42'
p189
F34857.699999999997
tp190
a(S'2c:b0:5d:a0:c2:26'
p191
S'4.71.210.217'
p192
S'71.56.92.62'
p193
S'2012-10-13 13:53:43'
p194
F33890.300000000003
tp195
a(S'2c:b0:5d:a0:c2:26'
p196
S'4.71.210.204'
p197
S'71.56.92.62'
p198
S'2012-10-13 20:33:42'
p199
F31419.200000000001
tp200
a(S'2c:b0:5d:a0:c2:26'
p201
S'4.71.210.204'
p202
S'71.56.92.62'
p203
S'2012-10-14 00:53:58'
p204
F33997.0
tp205
a(S'2c:b0:5d:a0:c2:26'
p206
S'4.71.210.217'
p207
S'71.56.92.62'
p208
S'2012-10-14 05:13:42'
p209
F32694.400000000001
tp210
a(S'2c:b0:5d:a0:c2:26'
p211
S'4.71.210.217'
p212
S'71.56.92.62'
p213
S'2012-10-14 09:33:43'
p214
F34951.0
tp215
a(S'2c:b0:5d:a0:c2:26'
p216
S'4.71.210.217'
p217
S'71.56.92.62'
p218
S'2012-10-14 11:53:42'
p219
F32311.299999999999
tp220
a(S'2c:b0:5d:a0:c2:26'
p221
S'4.71.210.204'
p222
S'71.56.92.62'
p223
S'2012-10-14 16:13:43'
p224
F22137.700000000001
tp225
a(S'2c:b0:5d:a0:c2:26'
p226
S'4.71.210.217'
p227
S'71.56.92.62'
p228
S'2012-10-14 20:33:43'
p229
F30424.200000000001
tp230
a.