(lp0
(S'2c:b0:5d:82:f4:1a'
p1
S'69.86.151.141'
p2
S'74.63.50.25'
p3
S'2012-10-03 11:02:53'
p4
F1019.2
tp5
a(S'2c:b0:5d:82:f4:1a'
p6
S'69.86.151.141'
p7
S'74.63.50.25'
p8
S'2012-10-03 15:22:39'
p9
F970.05999999999995
tp10
a(S'2c:b0:5d:82:f4:1a'
p11
S'69.86.151.141'
p12
S'74.63.50.12'
p13
S'2012-10-03 19:42:42'
p14
F992.00999999999999
tp15
a(S'2c:b0:5d:82:f4:1a'
p16
S'69.86.151.141'
p17
S'74.63.50.41'
p18
S'2012-10-04 00:02:43'
p19
F988.00999999999999
tp20
a(S'2c:b0:5d:82:f4:1a'
p21
S'69.86.151.141'
p22
S'74.63.50.25'
p23
S'2012-10-04 04:22:37'
p24
F991.09000000000003
tp25
a(S'2c:b0:5d:82:f4:1a'
p26
S'69.86.151.141'
p27
S'74.63.50.25'
p28
S'2012-10-04 11:02:51'
p29
F998.38999999999999
tp30
a(S'2c:b0:5d:82:f4:1a'
p31
S'69.86.151.141'
p32
S'74.63.50.41'
p33
S'2012-10-04 15:22:39'
p34
F987.16999999999996
tp35
a(S'2c:b0:5d:82:f4:1a'
p36
S'69.86.151.141'
p37
S'74.63.50.25'
p38
S'2012-10-04 19:42:40'
p39
F998.13999999999999
tp40
a(S'2c:b0:5d:82:f4:1a'
p41
S'69.86.151.141'
p42
S'74.63.50.25'
p43
S'2012-10-05 00:02:43'
p44
F1035.6800000000001
tp45
a(S'2c:b0:5d:82:f4:1a'
p46
S'69.86.151.141'
p47
S'74.63.50.25'
p48
S'2012-10-05 04:22:39'
p49
F1001.67
tp50
a(S'2c:b0:5d:82:f4:1a'
p51
S'69.86.151.141'
p52
S'74.63.50.12'
p53
S'2012-10-05 08:41:37'
p54
F998.62
tp55
a(S'2c:b0:5d:82:f4:1a'
p56
S'69.86.151.141'
p57
S'74.63.50.25'
p58
S'2012-10-05 11:01:51'
p59
F1003.46
tp60
a(S'2c:b0:5d:82:f4:1a'
p61
S'69.86.151.141'
p62
S'74.63.50.12'
p63
S'2012-10-05 15:21:38'
p64
F1008.97
tp65
a(S'2c:b0:5d:82:f4:1a'
p66
S'69.86.151.141'
p67
S'74.63.50.12'
p68
S'2012-10-05 19:41:48'
p69
F1013.92
tp70
a(S'2c:b0:5d:82:f4:1a'
p71
S'69.86.151.141'
p72
S'74.63.50.12'
p73
S'2012-10-06 00:01:54'
p74
F1009.4400000000001
tp75
a(S'2c:b0:5d:82:f4:1a'
p76
S'69.86.151.141'
p77
S'74.63.50.12'
p78
S'2012-10-06 04:21:46'
p79
F1006.05
tp80
a(S'2c:b0:5d:82:f4:1a'
p81
S'69.86.151.141'
p82
S'74.63.50.25'
p83
S'2012-10-06 08:41:40'
p84
F977.77999999999997
tp85
a(S'2c:b0:5d:82:f4:1a'
p86
S'69.86.151.141'
p87
S'74.63.50.25'
p88
S'2012-10-06 11:02:00'
p89
F996.04999999999995
tp90
a(S'2c:b0:5d:82:f4:1a'
p91
S'69.86.151.141'
p92
S'74.63.50.25'
p93
S'2012-10-06 15:21:38'
p94
F997.63999999999999
tp95
a(S'2c:b0:5d:82:f4:1a'
p96
S'69.86.151.141'
p97
S'74.63.50.41'
p98
S'2012-10-06 19:41:44'
p99
F985.37
tp100
a(S'2c:b0:5d:82:f4:1a'
p101
S'69.86.151.141'
p102
S'74.63.50.41'
p103
S'2012-10-07 00:01:50'
p104
F1012.55
tp105
a(S'2c:b0:5d:82:f4:1a'
p106
S'69.86.151.141'
p107
S'74.63.50.12'
p108
S'2012-10-07 04:21:45'
p109
F1005.36
tp110
a(S'2c:b0:5d:82:f4:1a'
p111
S'69.86.151.141'
p112
S'74.63.50.41'
p113
S'2012-10-07 08:41:39'
p114
F1001.29
tp115
a(S'2c:b0:5d:82:f4:1a'
p116
S'69.86.151.141'
p117
S'74.63.50.41'
p118
S'2012-10-07 11:01:51'
p119
F992.37
tp120
a(S'2c:b0:5d:82:f4:1a'
p121
S'69.86.151.141'
p122
S'74.63.50.25'
p123
S'2012-10-07 15:21:39'
p124
F978.73000000000002
tp125
a(S'2c:b0:5d:82:f4:1a'
p126
S'69.86.151.141'
p127
S'74.63.50.25'
p128
S'2012-10-07 19:41:42'
p129
F989.44000000000005
tp130
a(S'2c:b0:5d:82:f4:1a'
p131
S'69.86.151.141'
p132
S'74.63.50.25'
p133
S'2012-10-08 00:01:44'
p134
F958.66999999999996
tp135
a(S'2c:b0:5d:82:f4:1a'
p136
S'69.86.151.141'
p137
S'74.63.50.41'
p138
S'2012-10-08 04:21:39'
p139
F990.48000000000002
tp140
a(S'2c:b0:5d:82:f4:1a'
p141
S'69.86.151.141'
p142
S'74.63.50.41'
p143
S'2012-10-08 08:41:39'
p144
F990.10000000000002
tp145
a(S'2c:b0:5d:82:f4:1a'
p146
S'69.86.151.141'
p147
S'74.63.50.25'
p148
S'2012-10-08 11:01:58'
p149
F1011.09
tp150
a(S'2c:b0:5d:82:f4:1a'
p151
S'69.86.151.141'
p152
S'74.63.50.41'
p153
S'2012-10-08 15:21:39'
p154
F1005.11
tp155
a(S'2c:b0:5d:82:f4:1a'
p156
S'69.86.151.141'
p157
S'74.63.50.25'
p158
S'2012-10-08 22:42:14'
p159
F596.99000000000001
tp160
a(S'2c:b0:5d:82:f4:1a'
p161
S'69.86.151.141'
p162
S'74.63.50.25'
p163
S'2012-10-09 03:01:42'
p164
F947.36000000000001
tp165
a(S'2c:b0:5d:82:f4:1a'
p166
S'69.86.151.141'
p167
S'74.63.50.12'
p168
S'2012-10-09 07:21:49'
p169
F1059.8399999999999
tp170
a(S'2c:b0:5d:82:f4:1a'
p171
S'69.86.151.141'
p172
S'74.63.50.41'
p173
S'2012-10-09 11:41:45'
p174
F998.00999999999999
tp175
a(S'2c:b0:5d:82:f4:1a'
p176
S'69.86.151.141'
p177
S'74.63.50.12'
p178
S'2012-10-09 14:01:57'
p179
F985.03999999999996
tp180
a(S'2c:b0:5d:82:f4:1a'
p181
S'69.86.151.141'
p182
S'74.63.50.12'
p183
S'2012-10-09 18:21:56'
p184
F993.61000000000001
tp185
a(S'2c:b0:5d:82:f4:1a'
p186
S'69.86.151.141'
p187
S'74.63.50.41'
p188
S'2012-10-09 22:41:53'
p189
F1004.91
tp190
a(S'2c:b0:5d:82:f4:1a'
p191
S'69.86.151.141'
p192
S'74.63.50.41'
p193
S'2012-10-10 03:01:53'
p194
F903.47000000000003
tp195
a(S'2c:b0:5d:82:f4:1a'
p196
S'69.86.151.141'
p197
S'74.63.50.12'
p198
S'2012-10-10 07:21:45'
p199
F987.85000000000002
tp200
a(S'2c:b0:5d:82:f4:1a'
p201
S'69.86.151.141'
p202
S'74.63.50.41'
p203
S'2012-10-10 22:42:21'
p204
F1010.64
tp205
a(S'2c:b0:5d:82:f4:1a'
p206
S'69.86.151.141'
p207
S'74.63.50.12'
p208
S'2012-10-11 03:01:52'
p209
F1005.52
tp210
a(S'2c:b0:5d:82:f4:1a'
p211
S'69.86.151.141'
p212
S'74.63.50.12'
p213
S'2012-10-11 07:21:47'
p214
F987.20000000000005
tp215
a(S'2c:b0:5d:82:f4:1a'
p216
S'69.86.151.141'
p217
S'74.63.50.41'
p218
S'2012-10-11 11:41:58'
p219
F1612.05
tp220
a(S'2c:b0:5d:82:f4:1a'
p221
S'69.86.151.141'
p222
S'74.63.50.25'
p223
S'2012-10-11 14:02:01'
p224
F1009.78
tp225
a(S'2c:b0:5d:82:f4:1a'
p226
S'69.86.151.141'
p227
S'74.63.50.12'
p228
S'2012-10-11 18:21:44'
p229
F1005.8
tp230
a(S'2c:b0:5d:82:f4:1a'
p231
S'69.86.151.141'
p232
S'74.63.50.25'
p233
S'2012-10-11 22:42:46'
p234
F1014.15
tp235
a(S'2c:b0:5d:82:f4:1a'
p236
S'69.86.151.141'
p237
S'74.63.50.25'
p238
S'2012-10-12 03:01:50'
p239
F1009.89
tp240
a(S'2c:b0:5d:82:f4:1a'
p241
S'69.86.151.141'
p242
S'74.63.50.12'
p243
S'2012-10-12 07:21:49'
p244
F1617.6099999999999
tp245
a(S'2c:b0:5d:82:f4:1a'
p246
S'69.86.151.141'
p247
S'74.63.50.41'
p248
S'2012-10-12 11:41:49'
p249
F981.08000000000004
tp250
a(S'2c:b0:5d:82:f4:1a'
p251
S'69.86.151.141'
p252
S'74.63.50.12'
p253
S'2012-10-12 14:02:01'
p254
F1010.46
tp255
a(S'2c:b0:5d:82:f4:1a'
p256
S'69.86.151.109'
p257
S'74.63.50.41'
p258
S'2012-10-14 05:47:06'
p259
F1586.9100000000001
tp260
a(S'2c:b0:5d:82:f4:1a'
p261
S'69.86.151.109'
p262
S'74.63.50.12'
p263
S'2012-10-14 10:06:44'
p264
F995.69000000000005
tp265
a(S'2c:b0:5d:82:f4:1a'
p266
S'69.86.151.109'
p267
S'74.63.50.25'
p268
S'2012-10-14 14:27:11'
p269
F998.22000000000003
tp270
a(S'2c:b0:5d:82:f4:1a'
p271
S'69.86.151.109'
p272
S'74.63.50.12'
p273
S'2012-10-14 18:46:49'
p274
F988.46000000000004
tp275
a(S'2c:b0:5d:82:f4:1a'
p276
S'69.86.151.109'
p277
S'74.63.50.12'
p278
S'2012-10-14 23:06:43'
p279
F991.45000000000005
tp280
a.