(lp0
(S'2c:b0:5d:87:3b:24'
p1
S'184.77.211.163'
p2
S'64.9.225.161'
p3
S'2012-10-02 00:06:55'
p4
F0.0
tp5
a(S'2c:b0:5d:87:3b:24'
p6
S'184.77.211.163'
p7
S'64.9.225.183'
p8
S'2012-10-02 02:27:18'
p9
F0.0
tp10
a(S'2c:b0:5d:87:3b:24'
p11
S'184.77.211.163'
p12
S'64.9.225.183'
p13
S'2012-10-02 11:06:58'
p14
F0.0
tp15
a(S'2c:b0:5d:87:3b:24'
p16
S'184.77.211.163'
p17
S'64.9.225.140'
p18
S'2012-10-02 15:28:23'
p19
F0.0
tp20
a(S'2c:b0:5d:87:3b:24'
p21
S'184.77.211.163'
p22
S'64.9.225.161'
p23
S'2012-10-02 19:46:55'
p24
F0.0
tp25
a(S'2c:b0:5d:87:3b:24'
p26
S'184.77.211.163'
p27
S'64.9.225.183'
p28
S'2012-10-03 02:26:47'
p29
F0.0
tp30
a(S'2c:b0:5d:87:3b:24'
p31
S'184.77.211.163'
p32
S'64.9.225.161'
p33
S'2012-10-03 10:56:04'
p34
F892.12
tp35
a(S'2c:b0:5d:87:3b:24'
p36
S'184.77.211.163'
p37
S'64.9.225.161'
p38
S'2012-10-03 15:15:55'
p39
F901.80999999999995
tp40
a(S'2c:b0:5d:87:3b:24'
p41
S'184.77.211.163'
p42
S'64.9.225.183'
p43
S'2012-10-03 19:35:36'
p44
F0.0
tp45
a(S'2c:b0:5d:87:3b:24'
p46
S'184.77.211.163'
p47
S'64.9.225.183'
p48
S'2012-10-03 23:55:35'
p49
F0.0
tp50
a(S'2c:b0:5d:87:3b:24'
p51
S'184.77.211.163'
p52
S'64.9.225.170'
p53
S'2012-10-04 02:16:13'
p54
F1008.71
tp55
a(S'2c:b0:5d:87:3b:24'
p56
S'184.77.211.163'
p57
S'64.9.225.161'
p58
S'2012-10-04 06:35:56'
p59
F899.45000000000005
tp60
a(S'2c:b0:5d:87:3b:24'
p61
S'184.77.211.163'
p62
S'64.9.225.183'
p63
S'2012-10-04 10:55:43'
p64
F0.0
tp65
a(S'2c:b0:5d:87:3b:24'
p66
S'184.77.211.163'
p67
S'64.9.225.170'
p68
S'2012-10-04 15:15:54'
p69
F778.63999999999999
tp70
a(S'2c:b0:5d:87:3b:24'
p71
S'184.77.211.163'
p72
S'64.9.225.140'
p73
S'2012-10-04 19:35:56'
p74
F812.96000000000004
tp75
a(S'2c:b0:5d:87:3b:24'
p76
S'184.77.211.163'
p77
S'64.9.225.183'
p78
S'2012-10-04 23:55:36'
p79
F0.0
tp80
a(S'2c:b0:5d:87:3b:24'
p81
S'184.77.211.163'
p82
S'64.9.225.140'
p83
S'2012-10-05 02:16:10'
p84
F883.69000000000005
tp85
a(S'2c:b0:5d:87:3b:24'
p86
S'184.77.211.163'
p87
S'64.9.225.161'
p88
S'2012-10-05 06:35:56'
p89
F739.13
tp90
a(S'2c:b0:5d:87:3b:24'
p91
S'184.77.211.163'
p92
S'64.9.225.140'
p93
S'2012-10-05 10:56:00'
p94
F866.95000000000005
tp95
a(S'2c:b0:5d:87:3b:24'
p96
S'184.77.211.163'
p97
S'64.9.225.161'
p98
S'2012-10-05 15:15:54'
p99
F909.34000000000003
tp100
a(S'2c:b0:5d:87:3b:24'
p101
S'184.77.211.163'
p102
S'64.9.225.183'
p103
S'2012-10-05 19:35:33'
p104
F0.0
tp105
a(S'2c:b0:5d:87:3b:24'
p106
S'184.77.211.163'
p107
S'64.9.225.161'
p108
S'2012-10-05 23:55:53'
p109
F923.34000000000003
tp110
a(S'2c:b0:5d:87:3b:24'
p111
S'184.77.211.163'
p112
S'64.9.225.161'
p113
S'2012-10-06 02:16:08'
p114
F961.53999999999996
tp115
a(S'2c:b0:5d:87:3b:24'
p116
S'184.77.211.163'
p117
S'64.9.225.161'
p118
S'2012-10-06 06:35:56'
p119
F969.63
tp120
a(S'2c:b0:5d:87:3b:24'
p121
S'184.77.211.163'
p122
S'64.9.225.161'
p123
S'2012-10-06 10:56:00'
p124
F966.35000000000002
tp125
a(S'2c:b0:5d:87:3b:24'
p126
S'184.77.211.163'
p127
S'64.9.225.183'
p128
S'2012-10-06 15:15:33'
p129
F0.0
tp130
a(S'2c:b0:5d:87:3b:24'
p131
S'184.77.211.163'
p132
S'64.9.225.161'
p133
S'2012-10-06 19:35:57'
p134
F1027.52
tp135
a(S'2c:b0:5d:87:3b:24'
p136
S'184.77.211.163'
p137
S'64.9.225.140'
p138
S'2012-10-06 23:56:00'
p139
F1114.5599999999999
tp140
a(S'2c:b0:5d:87:3b:24'
p141
S'184.77.211.163'
p142
S'64.9.225.161'
p143
S'2012-10-07 02:16:09'
p144
F1021.02
tp145
a(S'2c:b0:5d:87:3b:24'
p146
S'184.77.211.163'
p147
S'64.9.225.161'
p148
S'2012-10-07 06:35:56'
p149
F910.52999999999997
tp150
a(S'2c:b0:5d:87:3b:24'
p151
S'184.77.211.163'
p152
S'64.9.225.170'
p153
S'2012-10-07 10:55:01'
p154
F1025.4300000000001
tp155
a(S'2c:b0:5d:87:3b:24'
p156
S'184.77.211.163'
p157
S'64.9.225.170'
p158
S'2012-10-07 15:14:52'
p159
F996.57000000000005
tp160
a(S'2c:b0:5d:87:3b:24'
p161
S'184.77.211.163'
p162
S'64.9.225.170'
p163
S'2012-10-07 19:34:58'
p164
F999.35000000000002
tp165
a(S'2c:b0:5d:87:3b:24'
p166
S'184.77.211.163'
p167
S'64.9.225.140'
p168
S'2012-10-07 23:54:54'
p169
F974.51999999999998
tp170
a(S'2c:b0:5d:87:3b:24'
p171
S'184.77.211.163'
p172
S'64.9.225.183'
p173
S'2012-10-08 02:14:49'
p174
F0.0
tp175
a(S'2c:b0:5d:87:3b:24'
p176
S'184.77.211.163'
p177
S'64.9.225.170'
p178
S'2012-10-08 06:34:57'
p179
F856.96000000000004
tp180
a(S'2c:b0:5d:87:3b:24'
p181
S'184.77.211.163'
p182
S'64.9.225.170'
p183
S'2012-10-08 10:54:58'
p184
F1040.96
tp185
a(S'2c:b0:5d:87:3b:24'
p186
S'184.77.211.163'
p187
S'64.9.225.183'
p188
S'2012-10-08 15:14:49'
p189
F0.0
tp190
a(S'2c:b0:5d:87:3b:24'
p191
S'184.77.211.163'
p192
S'64.9.225.140'
p193
S'2012-10-08 19:34:56'
p194
F1045.8499999999999
tp195
a(S'2c:b0:5d:87:3b:24'
p196
S'184.77.211.163'
p197
S'64.9.225.161'
p198
S'2012-10-08 23:54:55'
p199
F977.98000000000002
tp200
a(S'2c:b0:5d:87:3b:24'
p201
S'184.77.211.163'
p202
S'64.9.225.183'
p203
S'2012-10-09 02:14:49'
p204
F0.0
tp205
a(S'2c:b0:5d:87:3b:24'
p206
S'184.77.211.163'
p207
S'64.9.225.140'
p208
S'2012-10-09 10:55:00'
p209
F1037.25
tp210
a(S'2c:b0:5d:87:3b:24'
p211
S'184.77.211.163'
p212
S'64.9.225.183'
p213
S'2012-10-09 15:14:33'
p214
F0.0
tp215
a(S'2c:b0:5d:87:3b:24'
p216
S'184.77.211.163'
p217
S'64.9.225.183'
p218
S'2012-10-09 19:34:40'
p219
F0.0
tp220
a(S'2c:b0:5d:87:3b:24'
p221
S'184.77.211.163'
p222
S'64.9.225.161'
p223
S'2012-10-09 23:54:53'
p224
F986.38
tp225
a(S'2c:b0:5d:87:3b:24'
p226
S'184.77.211.163'
p227
S'64.9.225.183'
p228
S'2012-10-10 02:14:47'
p229
F0.0
tp230
a(S'2c:b0:5d:87:3b:24'
p231
S'184.77.211.163'
p232
S'64.9.225.161'
p233
S'2012-10-10 06:34:56'
p234
F1030.6500000000001
tp235
a(S'2c:b0:5d:87:3b:24'
p236
S'184.77.211.163'
p237
S'64.9.225.183'
p238
S'2012-10-10 23:54:35'
p239
F0.0
tp240
a(S'2c:b0:5d:87:3b:24'
p241
S'184.77.211.163'
p242
S'64.9.225.140'
p243
S'2012-10-11 02:15:10'
p244
F818.07000000000005
tp245
a(S'2c:b0:5d:87:3b:24'
p246
S'184.77.211.163'
p247
S'64.9.225.161'
p248
S'2012-10-11 11:03:56'
p249
F556.62
tp250
a(S'2c:b0:5d:87:3b:24'
p251
S'184.77.211.163'
p252
S'64.9.225.161'
p253
S'2012-10-11 15:23:59'
p254
F487.77999999999997
tp255
a(S'2c:b0:5d:87:3b:24'
p256
S'184.77.211.163'
p257
S'64.9.225.161'
p258
S'2012-10-11 19:43:51'
p259
F785.96000000000004
tp260
a(S'2c:b0:5d:87:3b:24'
p261
S'184.77.211.163'
p262
S'64.9.225.183'
p263
S'2012-10-12 00:03:35'
p264
F0.0
tp265
a(S'2c:b0:5d:87:3b:24'
p266
S'184.77.211.163'
p267
S'64.9.225.161'
p268
S'2012-10-12 02:24:08'
p269
F731.84000000000003
tp270
a(S'2c:b0:5d:87:3b:24'
p271
S'184.77.211.163'
p272
S'64.9.225.140'
p273
S'2012-10-12 11:03:59'
p274
F934.33000000000004
tp275
a(S'2c:b0:5d:87:3b:24'
p276
S'184.77.211.163'
p277
S'64.9.225.161'
p278
S'2012-10-12 15:23:52'
p279
F1019.8200000000001
tp280
a(S'2c:b0:5d:87:3b:24'
p281
S'184.77.211.163'
p282
S'64.9.225.183'
p283
S'2012-10-13 00:03:36'
p284
F0.0
tp285
a(S'2c:b0:5d:87:3b:24'
p286
S'184.77.211.163'
p287
S'64.9.225.170'
p288
S'2012-10-13 02:24:07'
p289
F1021.77
tp290
a(S'2c:b0:5d:87:3b:24'
p291
S'184.77.211.163'
p292
S'64.9.225.140'
p293
S'2012-10-13 06:43:56'
p294
F1001.3
tp295
a(S'2c:b0:5d:87:3b:24'
p296
S'184.77.211.163'
p297
S'64.9.225.170'
p298
S'2012-10-13 11:04:00'
p299
F960.04999999999995
tp300
a(S'2c:b0:5d:87:3b:24'
p301
S'184.77.211.163'
p302
S'64.9.225.161'
p303
S'2012-10-13 15:23:52'
p304
F978.45000000000005
tp305
a(S'2c:b0:5d:87:3b:24'
p306
S'184.77.211.163'
p307
S'64.9.225.161'
p308
S'2012-10-13 19:43:55'
p309
F1012.51
tp310
a(S'2c:b0:5d:87:3b:24'
p311
S'184.77.211.163'
p312
S'64.9.225.140'
p313
S'2012-10-14 00:23:55'
p314
F962.23000000000002
tp315
a(S'2c:b0:5d:87:3b:24'
p316
S'184.77.211.163'
p317
S'64.9.225.140'
p318
S'2012-10-14 02:44:10'
p319
F974.17999999999995
tp320
a(S'2c:b0:5d:87:3b:24'
p321
S'184.77.211.163'
p322
S'64.9.225.170'
p323
S'2012-10-14 07:03:55'
p324
F840.75999999999999
tp325
a(S'2c:b0:5d:87:3b:24'
p326
S'184.77.211.163'
p327
S'64.9.225.161'
p328
S'2012-10-14 11:24:00'
p329
F1014.41
tp330
a(S'2c:b0:5d:87:3b:24'
p331
S'184.77.211.163'
p332
S'64.9.225.183'
p333
S'2012-10-14 15:43:34'
p334
F0.0
tp335
a(S'2c:b0:5d:87:3b:24'
p336
S'184.77.211.163'
p337
S'64.9.225.170'
p338
S'2012-10-14 20:03:56'
p339
F1006.08
tp340
a.