(lp0
(S'2c:b0:5d:87:3b:24'
p1
S'64.9.225.161'
p2
S'184.77.211.163'
p3
S'2012-10-02 02:16:56'
p4
F0.0
tp5
a(S'2c:b0:5d:87:3b:24'
p6
S'64.9.225.161'
p7
S'184.77.211.163'
p8
S'2012-10-02 06:36:57'
p9
F0.0
tp10
a(S'2c:b0:5d:87:3b:24'
p11
S'64.9.225.140'
p12
S'184.77.211.163'
p13
S'2012-10-02 10:56:56'
p14
F0.0
tp15
a(S'2c:b0:5d:87:3b:24'
p16
S'64.9.225.161'
p17
S'184.77.211.163'
p18
S'2012-10-02 15:17:22'
p19
F0.0
tp20
a(S'2c:b0:5d:87:3b:24'
p21
S'64.9.225.161'
p22
S'184.77.211.163'
p23
S'2012-10-02 19:36:57'
p24
F0.0
tp25
a(S'2c:b0:5d:87:3b:24'
p26
S'64.9.225.161'
p27
S'184.77.211.163'
p28
S'2012-10-02 23:56:50'
p29
F7586.9099999999999
tp30
a(S'2c:b0:5d:87:3b:24'
p31
S'64.9.225.161'
p32
S'184.77.211.163'
p33
S'2012-10-03 02:16:52'
p34
F2079.5900000000001
tp35
a(S'2c:b0:5d:87:3b:24'
p36
S'64.9.225.183'
p37
S'184.77.211.163'
p38
S'2012-10-03 10:45:35'
p39
F0.0
tp40
a(S'2c:b0:5d:87:3b:24'
p41
S'64.9.225.161'
p42
S'184.77.211.163'
p43
S'2012-10-03 15:06:10'
p44
F7773.5100000000002
tp45
a(S'2c:b0:5d:87:3b:24'
p46
S'64.9.225.183'
p47
S'184.77.211.163'
p48
S'2012-10-03 19:25:36'
p49
F0.0
tp50
a(S'2c:b0:5d:87:3b:24'
p51
S'64.9.225.170'
p52
S'184.77.211.163'
p53
S'2012-10-03 23:45:54'
p54
F2142.3800000000001
tp55
a(S'2c:b0:5d:87:3b:24'
p56
S'64.9.225.183'
p57
S'184.77.211.163'
p58
S'2012-10-04 02:05:34'
p59
F0.0
tp60
a(S'2c:b0:5d:87:3b:24'
p61
S'64.9.225.161'
p62
S'184.77.211.163'
p63
S'2012-10-04 06:25:53'
p64
F5469.5
tp65
a(S'2c:b0:5d:87:3b:24'
p66
S'64.9.225.183'
p67
S'184.77.211.163'
p68
S'2012-10-04 10:45:34'
p69
F0.0
tp70
a(S'2c:b0:5d:87:3b:24'
p71
S'64.9.225.140'
p72
S'184.77.211.163'
p73
S'2012-10-04 15:06:11'
p74
F4376.6800000000003
tp75
a(S'2c:b0:5d:87:3b:24'
p76
S'64.9.225.161'
p77
S'184.77.211.163'
p78
S'2012-10-04 19:25:48'
p79
F4148.3500000000004
tp80
a(S'2c:b0:5d:87:3b:24'
p81
S'64.9.225.140'
p82
S'184.77.211.163'
p83
S'2012-10-04 23:45:50'
p84
F2089.6300000000001
tp85
a(S'2c:b0:5d:87:3b:24'
p86
S'64.9.225.140'
p87
S'184.77.211.163'
p88
S'2012-10-05 02:05:46'
p89
F1888.4100000000001
tp90
a(S'2c:b0:5d:87:3b:24'
p91
S'64.9.225.140'
p92
S'184.77.211.163'
p93
S'2012-10-05 06:25:51'
p94
F4487.8100000000004
tp95
a(S'2c:b0:5d:87:3b:24'
p96
S'64.9.225.140'
p97
S'184.77.211.163'
p98
S'2012-10-05 10:45:52'
p99
F7341.3000000000002
tp100
a(S'2c:b0:5d:87:3b:24'
p101
S'64.9.225.161'
p102
S'184.77.211.163'
p103
S'2012-10-05 15:06:05'
p104
F6620.6499999999996
tp105
a(S'2c:b0:5d:87:3b:24'
p106
S'64.9.225.183'
p107
S'184.77.211.163'
p108
S'2012-10-05 19:25:36'
p109
F0.0
tp110
a(S'2c:b0:5d:87:3b:24'
p111
S'64.9.225.161'
p112
S'184.77.211.163'
p113
S'2012-10-05 23:45:52'
p114
F4804.1400000000003
tp115
a(S'2c:b0:5d:87:3b:24'
p116
S'64.9.225.183'
p117
S'184.77.211.163'
p118
S'2012-10-06 02:05:34'
p119
F0.0
tp120
a(S'2c:b0:5d:87:3b:24'
p121
S'64.9.225.161'
p122
S'184.77.211.163'
p123
S'2012-10-06 06:25:51'
p124
F1871.51
tp125
a(S'2c:b0:5d:87:3b:24'
p126
S'64.9.225.183'
p127
S'184.77.211.163'
p128
S'2012-10-06 10:45:35'
p129
F0.0
tp130
a(S'2c:b0:5d:87:3b:24'
p131
S'64.9.225.140'
p132
S'184.77.211.163'
p133
S'2012-10-06 15:06:10'
p134
F10288.200000000001
tp135
a(S'2c:b0:5d:87:3b:24'
p136
S'64.9.225.161'
p137
S'184.77.211.163'
p138
S'2012-10-06 19:25:55'
p139
F9553.5699999999997
tp140
a(S'2c:b0:5d:87:3b:24'
p141
S'64.9.225.140'
p142
S'184.77.211.163'
p143
S'2012-10-06 23:45:54'
p144
F7538.6700000000001
tp145
a(S'2c:b0:5d:87:3b:24'
p146
S'64.9.225.170'
p147
S'184.77.211.163'
p148
S'2012-10-07 02:05:52'
p149
F2081.4299999999998
tp150
a(S'2c:b0:5d:87:3b:24'
p151
S'64.9.225.183'
p152
S'184.77.211.163'
p153
S'2012-10-07 06:25:33'
p154
F0.0
tp155
a(S'2c:b0:5d:87:3b:24'
p156
S'64.9.225.161'
p157
S'184.77.211.163'
p158
S'2012-10-07 10:44:53'
p159
F10148.4
tp160
a(S'2c:b0:5d:87:3b:24'
p161
S'64.9.225.183'
p162
S'184.77.211.163'
p163
S'2012-10-07 15:04:51'
p164
F0.0
tp165
a(S'2c:b0:5d:87:3b:24'
p166
S'64.9.225.161'
p167
S'184.77.211.163'
p168
S'2012-10-07 19:24:55'
p169
F0.0
tp170
a(S'2c:b0:5d:87:3b:24'
p171
S'64.9.225.140'
p172
S'184.77.211.163'
p173
S'2012-10-07 23:44:54'
p174
F5720.54
tp175
a(S'2c:b0:5d:87:3b:24'
p176
S'64.9.225.170'
p177
S'184.77.211.163'
p178
S'2012-10-08 02:04:55'
p179
F2056.52
tp180
a(S'2c:b0:5d:87:3b:24'
p181
S'64.9.225.183'
p182
S'184.77.211.163'
p183
S'2012-10-08 06:24:34'
p184
F0.0
tp185
a(S'2c:b0:5d:87:3b:24'
p186
S'64.9.225.170'
p187
S'184.77.211.163'
p188
S'2012-10-08 10:44:51'
p189
F9105.2999999999993
tp190
a(S'2c:b0:5d:87:3b:24'
p191
S'64.9.225.170'
p192
S'184.77.211.163'
p193
S'2012-10-08 15:05:43'
p194
F10198.9
tp195
a(S'2c:b0:5d:87:3b:24'
p196
S'64.9.225.183'
p197
S'184.77.211.163'
p198
S'2012-10-08 19:24:36'
p199
F0.0
tp200
a(S'2c:b0:5d:87:3b:24'
p201
S'64.9.225.161'
p202
S'184.77.211.163'
p203
S'2012-10-08 23:44:53'
p204
F10788.299999999999
tp205
a(S'2c:b0:5d:87:3b:24'
p206
S'64.9.225.183'
p207
S'184.77.211.163'
p208
S'2012-10-09 02:04:40'
p209
F0.0
tp210
a(S'2c:b0:5d:87:3b:24'
p211
S'64.9.225.140'
p212
S'184.77.211.163'
p213
S'2012-10-09 06:24:56'
p214
F8735.0300000000007
tp215
a(S'2c:b0:5d:87:3b:24'
p216
S'64.9.225.140'
p217
S'184.77.211.163'
p218
S'2012-10-09 10:44:53'
p219
F8564.8999999999996
tp220
a(S'2c:b0:5d:87:3b:24'
p221
S'64.9.225.140'
p222
S'184.77.211.163'
p223
S'2012-10-09 15:05:19'
p224
F8905.4599999999991
tp225
a(S'2c:b0:5d:87:3b:24'
p226
S'64.9.225.161'
p227
S'184.77.211.163'
p228
S'2012-10-09 19:24:54'
p229
F8181.4899999999998
tp230
a(S'2c:b0:5d:87:3b:24'
p231
S'64.9.225.140'
p232
S'184.77.211.163'
p233
S'2012-10-09 23:44:52'
p234
F8964.2800000000007
tp235
a(S'2c:b0:5d:87:3b:24'
p236
S'64.9.225.140'
p237
S'184.77.211.163'
p238
S'2012-10-10 02:04:52'
p239
F6582.6400000000003
tp240
a(S'2c:b0:5d:87:3b:24'
p241
S'64.9.225.183'
p242
S'184.77.211.163'
p243
S'2012-10-10 06:24:34'
p244
F0.0
tp245
a(S'2c:b0:5d:87:3b:24'
p246
S'64.9.225.183'
p247
S'184.77.211.163'
p248
S'2012-10-10 23:44:35'
p249
F0.0
tp250
a(S'2c:b0:5d:87:3b:24'
p251
S'64.9.225.183'
p252
S'184.77.211.163'
p253
S'2012-10-11 02:04:35'
p254
F0.0
tp255
a(S'2c:b0:5d:87:3b:24'
p256
S'64.9.225.170'
p257
S'184.77.211.163'
p258
S'2012-10-11 06:33:56'
p259
F0.0
tp260
a(S'2c:b0:5d:87:3b:24'
p261
S'64.9.225.183'
p262
S'184.77.211.163'
p263
S'2012-10-11 10:53:34'
p264
F0.0
tp265
a(S'2c:b0:5d:87:3b:24'
p266
S'64.9.225.161'
p267
S'184.77.211.163'
p268
S'2012-10-11 15:14:09'
p269
F4465.04
tp270
a(S'2c:b0:5d:87:3b:24'
p271
S'64.9.225.170'
p272
S'184.77.211.163'
p273
S'2012-10-11 19:33:53'
p274
F5042.8400000000001
tp275
a(S'2c:b0:5d:87:3b:24'
p276
S'64.9.225.161'
p277
S'184.77.211.163'
p278
S'2012-10-11 23:53:52'
p279
F5235.0600000000004
tp280
a(S'2c:b0:5d:87:3b:24'
p281
S'64.9.225.183'
p282
S'184.77.211.163'
p283
S'2012-10-12 02:13:34'
p284
F0.0
tp285
a(S'2c:b0:5d:87:3b:24'
p286
S'64.9.225.161'
p287
S'184.77.211.163'
p288
S'2012-10-12 10:53:51'
p289
F6460.0699999999997
tp290
a(S'2c:b0:5d:87:3b:24'
p291
S'64.9.225.161'
p292
S'184.77.211.163'
p293
S'2012-10-12 15:14:10'
p294
F5683.7600000000002
tp295
a(S'2c:b0:5d:87:3b:24'
p296
S'64.9.225.140'
p297
S'184.77.211.163'
p298
S'2012-10-12 23:53:51'
p299
F10541.6
tp300
a(S'2c:b0:5d:87:3b:24'
p301
S'64.9.225.183'
p302
S'184.77.211.163'
p303
S'2012-10-13 02:13:34'
p304
F0.0
tp305
a(S'2c:b0:5d:87:3b:24'
p306
S'64.9.225.183'
p307
S'184.77.211.163'
p308
S'2012-10-13 06:33:36'
p309
F0.0
tp310
a(S'2c:b0:5d:87:3b:24'
p311
S'64.9.225.183'
p312
S'184.77.211.163'
p313
S'2012-10-13 10:53:36'
p314
F0.0
tp315
a(S'2c:b0:5d:87:3b:24'
p316
S'64.9.225.183'
p317
S'184.77.211.163'
p318
S'2012-10-13 15:13:51'
p319
F0.0
tp320
a(S'2c:b0:5d:87:3b:24'
p321
S'64.9.225.183'
p322
S'184.77.211.163'
p323
S'2012-10-13 19:33:39'
p324
F0.0
tp325
a(S'2c:b0:5d:87:3b:24'
p326
S'64.9.225.183'
p327
S'184.77.211.163'
p328
S'2012-10-14 00:13:38'
p329
F0.0
tp330
a(S'2c:b0:5d:87:3b:24'
p331
S'64.9.225.140'
p332
S'184.77.211.163'
p333
S'2012-10-14 02:33:53'
p334
F2084.4299999999998
tp335
a(S'2c:b0:5d:87:3b:24'
p336
S'64.9.225.183'
p337
S'184.77.211.163'
p338
S'2012-10-14 06:53:35'
p339
F0.0
tp340
a(S'2c:b0:5d:87:3b:24'
p341
S'64.9.225.183'
p342
S'184.77.211.163'
p343
S'2012-10-14 11:13:36'
p344
F0.0
tp345
a(S'2c:b0:5d:87:3b:24'
p346
S'64.9.225.140'
p347
S'184.77.211.163'
p348
S'2012-10-14 15:34:10'
p349
F9394.4400000000005
tp350
a(S'2c:b0:5d:87:3b:24'
p351
S'64.9.225.183'
p352
S'184.77.211.163'
p353
S'2012-10-14 19:53:34'
p354
F0.0
tp355
a.