(lp0
(S'2c:b0:5d:87:37:88'
p1
S'4.71.251.166'
p2
S'99.185.58.166'
p3
S'2012-10-02 02:06:08'
p4
F5541.4099999999999
tp5
a(S'2c:b0:5d:87:37:88'
p6
S'4.71.251.153'
p7
S'99.185.58.166'
p8
S'2012-10-02 06:26:04'
p9
F6295.7299999999996
tp10
a(S'2c:b0:5d:87:37:88'
p11
S'4.71.251.153'
p12
S'99.185.58.166'
p13
S'2012-10-02 08:46:01'
p14
F3092.8099999999999
tp15
a(S'2c:b0:5d:87:37:88'
p16
S'4.71.251.166'
p17
S'99.185.58.166'
p18
S'2012-10-02 13:06:03'
p19
F3247.73
tp20
a(S'2c:b0:5d:87:37:88'
p21
S'4.71.251.153'
p22
S'99.185.58.166'
p23
S'2012-10-02 17:26:02'
p24
F4590.5699999999997
tp25
a(S'2c:b0:5d:87:37:88'
p26
S'4.71.251.153'
p27
S'99.185.58.166'
p28
S'2012-10-02 21:46:38'
p29
F4234.2799999999997
tp30
a(S'2c:b0:5d:87:37:88'
p31
S'4.71.251.153'
p32
S'99.185.58.166'
p33
S'2012-10-03 02:06:38'
p34
F5425.1000000000004
tp35
a(S'2c:b0:5d:87:37:88'
p36
S'4.71.251.153'
p37
S'99.185.58.166'
p38
S'2012-10-03 06:26:05'
p39
F7375.1099999999997
tp40
a(S'2c:b0:5d:87:37:88'
p41
S'4.71.251.166'
p42
S'99.185.58.166'
p43
S'2012-10-03 08:46:05'
p44
F3565.8899999999999
tp45
a(S'2c:b0:5d:87:37:88'
p46
S'4.71.251.166'
p47
S'99.185.58.166'
p48
S'2012-10-03 13:06:06'
p49
F5453.9899999999998
tp50
a(S'2c:b0:5d:87:37:88'
p51
S'4.71.251.153'
p52
S'99.185.58.166'
p53
S'2012-10-03 17:26:14'
p54
F7048.7200000000003
tp55
a(S'2c:b0:5d:87:37:88'
p56
S'4.71.251.166'
p57
S'99.185.58.166'
p58
S'2012-10-03 21:47:47'
p59
F6605.79
tp60
a(S'2c:b0:5d:87:37:88'
p61
S'4.71.251.153'
p62
S'99.185.58.166'
p63
S'2012-10-04 02:35:21'
p64
F6028.7399999999998
tp65
a(S'2c:b0:5d:87:37:88'
p66
S'4.71.251.166'
p67
S'99.185.58.166'
p68
S'2012-10-04 06:55:06'
p69
F5423.6999999999998
tp70
a(S'2c:b0:5d:87:37:88'
p71
S'4.71.251.153'
p72
S'99.185.58.166'
p73
S'2012-10-04 09:14:52'
p74
F17042.099999999999
tp75
a(S'2c:b0:5d:87:37:88'
p76
S'4.71.251.166'
p77
S'99.185.58.166'
p78
S'2012-10-04 13:35:02'
p79
F4655.1800000000003
tp80
a(S'2c:b0:5d:87:37:88'
p81
S'4.71.251.166'
p82
S'99.185.58.166'
p83
S'2012-10-04 17:55:07'
p84
F5705.5799999999999
tp85
a(S'2c:b0:5d:87:37:88'
p86
S'4.71.251.166'
p87
S'99.185.58.166'
p88
S'2012-10-04 22:15:38'
p89
F6328.8599999999997
tp90
a(S'2c:b0:5d:87:37:88'
p91
S'4.71.251.166'
p92
S'99.185.58.166'
p93
S'2012-10-05 02:35:22'
p94
F5793.0299999999997
tp95
a(S'2c:b0:5d:87:37:88'
p96
S'4.71.251.153'
p97
S'99.185.58.166'
p98
S'2012-10-05 06:55:07'
p99
F4207.5799999999999
tp100
a(S'2c:b0:5d:87:37:88'
p101
S'4.71.251.153'
p102
S'99.185.58.166'
p103
S'2012-10-05 09:15:03'
p104
F4523.79
tp105
a(S'2c:b0:5d:87:37:88'
p106
S'4.71.251.153'
p107
S'99.185.58.166'
p108
S'2012-10-05 13:35:06'
p109
F3056.71
tp110
a(S'2c:b0:5d:87:37:88'
p111
S'4.71.251.153'
p112
S'99.185.58.166'
p113
S'2012-10-05 17:54:52'
p114
F14287.700000000001
tp115
a(S'2c:b0:5d:87:37:88'
p116
S'4.71.251.166'
p117
S'99.185.58.166'
p118
S'2012-10-05 22:15:15'
p119
F13918.700000000001
tp120
a(S'2c:b0:5d:87:37:88'
p121
S'4.71.251.153'
p122
S'99.185.58.166'
p123
S'2012-10-06 02:34:53'
p124
F14022.299999999999
tp125
a(S'2c:b0:5d:87:37:88'
p126
S'4.71.251.166'
p127
S'99.185.58.166'
p128
S'2012-10-06 06:54:52'
p129
F13783.6
tp130
a(S'2c:b0:5d:87:37:88'
p131
S'4.71.251.153'
p132
S'99.185.58.166'
p133
S'2012-10-06 09:14:51'
p134
F14529.1
tp135
a(S'2c:b0:5d:87:37:88'
p136
S'4.71.251.153'
p137
S'99.185.58.166'
p138
S'2012-10-06 13:35:10'
p139
F13030.200000000001
tp140
a(S'2c:b0:5d:87:37:88'
p141
S'4.71.251.166'
p142
S'99.185.58.166'
p143
S'2012-10-06 17:55:20'
p144
F2925.4299999999998
tp145
a(S'2c:b0:5d:87:37:88'
p146
S'4.71.251.153'
p147
S'99.185.58.166'
p148
S'2012-10-06 22:15:52'
p149
F5823.5600000000004
tp150
a(S'2c:b0:5d:87:37:88'
p151
S'4.71.251.153'
p152
S'99.185.58.166'
p153
S'2012-10-07 02:35:24'
p154
F1371.45
tp155
a(S'2c:b0:5d:87:37:88'
p156
S'4.71.251.153'
p157
S'99.185.58.166'
p158
S'2012-10-07 07:55:10'
p159
F3400.5599999999999
tp160
a(S'2c:b0:5d:87:37:88'
p161
S'4.71.251.153'
p162
S'99.185.58.166'
p163
S'2012-10-07 10:15:24'
p164
F4614.46
tp165
a(S'2c:b0:5d:87:37:88'
p166
S'4.71.251.153'
p167
S'99.185.58.166'
p168
S'2012-10-07 14:34:15'
p169
F4107.6000000000004
tp170
a(S'2c:b0:5d:87:37:88'
p171
S'4.71.251.153'
p172
S'99.185.58.166'
p173
S'2012-10-07 18:54:14'
p174
F3426.3899999999999
tp175
a(S'2c:b0:5d:87:37:88'
p176
S'4.71.251.153'
p177
S'99.185.58.166'
p178
S'2012-10-07 23:15:12'
p179
F6328.7700000000004
tp180
a(S'2c:b0:5d:87:37:88'
p181
S'4.71.251.166'
p182
S'99.185.58.166'
p183
S'2012-10-08 03:34:26'
p184
F3396.0100000000002
tp185
a(S'2c:b0:5d:87:37:88'
p186
S'4.71.251.166'
p187
S'99.185.58.166'
p188
S'2012-10-08 07:54:38'
p189
F4028.8899999999999
tp190
a(S'2c:b0:5d:87:37:88'
p191
S'4.71.251.153'
p192
S'99.185.58.166'
p193
S'2012-10-08 10:14:31'
p194
F4553.2799999999997
tp195
a(S'2c:b0:5d:87:37:88'
p196
S'4.71.251.166'
p197
S'99.185.58.166'
p198
S'2012-10-08 14:34:11'
p199
F4247.79
tp200
a(S'2c:b0:5d:87:37:88'
p201
S'4.71.251.153'
p202
S'99.185.58.166'
p203
S'2012-10-08 18:54:17'
p204
F3570.8600000000001
tp205
a(S'2c:b0:5d:87:37:88'
p206
S'4.71.251.153'
p207
S'99.185.58.166'
p208
S'2012-10-08 23:14:34'
p209
F3655.0700000000002
tp210
a(S'2c:b0:5d:87:37:88'
p211
S'4.71.210.204'
p212
S'99.185.58.166'
p213
S'2012-10-09 03:34:23'
p214
F3577.6799999999998
tp215
a(S'2c:b0:5d:87:37:88'
p216
S'4.71.210.217'
p217
S'99.185.58.166'
p218
S'2012-10-09 08:54:08'
p219
F4629.2799999999997
tp220
a(S'2c:b0:5d:87:37:88'
p221
S'4.71.210.217'
p222
S'99.185.58.166'
p223
S'2012-10-09 11:14:09'
p224
F4760.7299999999996
tp225
a(S'2c:b0:5d:87:37:88'
p226
S'4.71.210.204'
p227
S'99.185.58.166'
p228
S'2012-10-09 15:34:14'
p229
F6443.04
tp230
a(S'2c:b0:5d:87:37:88'
p231
S'4.71.210.217'
p232
S'99.185.58.166'
p233
S'2012-10-09 20:53:04'
p234
F10689.299999999999
tp235
a(S'2c:b0:5d:87:37:88'
p236
S'4.71.210.217'
p237
S'99.185.58.166'
p238
S'2012-10-10 01:13:21'
p239
F10787.1
tp240
a(S'2c:b0:5d:87:37:88'
p241
S'4.71.210.217'
p242
S'99.185.58.166'
p243
S'2012-10-10 05:32:59'
p244
F13720.9
tp245
a(S'2c:b0:5d:87:37:88'
p246
S'4.71.210.217'
p247
S'99.185.58.166'
p248
S'2012-10-10 20:53:09'
p249
F2999.77
tp250
a(S'2c:b0:5d:87:37:88'
p251
S'4.71.210.217'
p252
S'99.185.58.166'
p253
S'2012-10-11 01:13:57'
p254
F5498.7399999999998
tp255
a(S'2c:b0:5d:87:37:88'
p256
S'4.71.210.217'
p257
S'99.185.58.166'
p258
S'2012-10-11 05:33:18'
p259
F4488.2299999999996
tp260
a(S'2c:b0:5d:87:37:88'
p261
S'4.71.210.204'
p262
S'99.185.58.166'
p263
S'2012-10-11 09:53:03'
p264
F6440.8500000000004
tp265
a(S'2c:b0:5d:87:37:88'
p266
S'4.71.210.217'
p267
S'99.185.58.166'
p268
S'2012-10-11 12:13:01'
p269
F5858.7200000000003
tp270
a(S'2c:b0:5d:87:37:88'
p271
S'4.71.210.217'
p272
S'99.185.58.166'
p273
S'2012-10-11 16:33:01'
p274
F7062.5100000000002
tp275
a(S'2c:b0:5d:87:37:88'
p276
S'4.71.210.217'
p277
S'99.185.58.166'
p278
S'2012-10-11 20:53:05'
p279
F4672.29
tp280
a(S'2c:b0:5d:87:37:88'
p281
S'4.71.210.204'
p282
S'99.185.58.166'
p283
S'2012-10-12 01:13:33'
p284
F4737.6499999999996
tp285
a(S'2c:b0:5d:87:37:88'
p286
S'4.71.210.204'
p287
S'99.185.58.166'
p288
S'2012-10-12 05:33:05'
p289
F3464.6500000000001
tp290
a(S'2c:b0:5d:87:37:88'
p291
S'4.71.210.217'
p292
S'99.185.58.166'
p293
S'2012-10-12 09:53:09'
p294
F5277.0200000000004
tp295
a(S'2c:b0:5d:87:37:88'
p296
S'4.71.210.204'
p297
S'99.185.58.166'
p298
S'2012-10-12 12:22:01'
p299
F3920.1199999999999
tp300
a(S'2c:b0:5d:87:37:88'
p301
S'4.71.210.204'
p302
S'99.185.58.166'
p303
S'2012-10-12 16:42:14'
p304
F4872.3100000000004
tp305
a(S'2c:b0:5d:87:37:88'
p306
S'4.71.210.217'
p307
S'99.185.58.166'
p308
S'2012-10-12 21:02:16'
p309
F3304.1599999999999
tp310
a(S'2c:b0:5d:87:37:88'
p311
S'4.71.210.204'
p312
S'99.185.58.166'
p313
S'2012-10-13 01:23:13'
p314
F3231.02
tp315
a(S'2c:b0:5d:87:37:88'
p316
S'4.71.210.204'
p317
S'99.185.58.166'
p318
S'2012-10-13 05:42:04'
p319
F3587.54
tp320
a(S'2c:b0:5d:87:37:88'
p321
S'4.71.210.217'
p322
S'99.185.58.166'
p323
S'2012-10-13 10:02:07'
p324
F5305.1999999999998
tp325
a(S'2c:b0:5d:87:37:88'
p326
S'4.71.210.204'
p327
S'99.185.58.166'
p328
S'2012-10-13 19:42:13'
p329
F5471.54
tp330
a(S'2c:b0:5d:87:37:88'
p331
S'4.71.210.217'
p332
S'99.185.58.166'
p333
S'2012-10-14 00:02:18'
p334
F6868.1999999999998
tp335
a(S'2c:b0:5d:87:37:88'
p336
S'4.71.210.217'
p337
S'99.185.58.166'
p338
S'2012-10-14 04:23:07'
p339
F3129.9000000000001
tp340
a(S'2c:b0:5d:87:37:88'
p341
S'4.71.210.217'
p342
S'99.185.58.166'
p343
S'2012-10-14 08:42:22'
p344
F4828.6400000000003
tp345
a(S'2c:b0:5d:87:37:88'
p346
S'4.71.210.204'
p347
S'99.185.58.166'
p348
S'2012-10-14 13:02:32'
p349
F3175.1999999999998
tp350
a(S'2c:b0:5d:87:37:88'
p351
S'4.71.210.204'
p352
S'99.185.58.166'
p353
S'2012-10-14 15:22:30'
p354
F7377.6999999999998
tp355
a(S'2c:b0:5d:87:37:88'
p356
S'4.71.210.217'
p357
S'99.185.58.166'
p358
S'2012-10-14 19:42:14'
p359
F3336.8099999999999
tp360
a.