(lp0
(S'4c:60:de:d0:f5:77'
p1
S'24.184.48.99'
p2
S'38.106.70.143'
p3
S'2012-10-02 01:10:40'
p4
F2162.7199999999998
tp5
a(S'4c:60:de:d0:f5:77'
p6
S'24.184.48.99'
p7
S'38.106.70.143'
p8
S'2012-10-02 05:30:44'
p9
F2156.71
tp10
a(S'4c:60:de:d0:f5:77'
p11
S'24.184.48.99'
p12
S'38.106.70.153'
p13
S'2012-10-02 14:50:41'
p14
F2124.1599999999999
tp15
a(S'4c:60:de:d0:f5:77'
p16
S'24.184.48.99'
p17
S'38.106.70.153'
p18
S'2012-10-02 23:10:43'
p19
F2116.71
tp20
a(S'4c:60:de:d0:f5:77'
p21
S'24.184.48.99'
p22
S'38.106.70.165'
p23
S'2012-10-03 13:50:42'
p24
F2148.6100000000001
tp25
a(S'4c:60:de:d0:f5:77'
p26
S'24.184.48.99'
p27
S'38.106.70.165'
p28
S'2012-10-03 18:10:39'
p29
F2134.0999999999999
tp30
a(S'4c:60:de:d0:f5:77'
p31
S'24.184.48.99'
p32
S'38.106.70.165'
p33
S'2012-10-03 20:30:53'
p34
F2141.98
tp35
a(S'4c:60:de:d0:f5:77'
p36
S'24.184.48.99'
p37
S'38.106.70.153'
p38
S'2012-10-04 00:50:41'
p39
F2110.9899999999998
tp40
a(S'4c:60:de:d0:f5:77'
p41
S'24.184.48.99'
p42
S'38.106.70.143'
p43
S'2012-10-04 05:10:45'
p44
F1953.0699999999999
tp45
a(S'4c:60:de:d0:f5:77'
p46
S'24.184.48.99'
p47
S'38.106.70.165'
p48
S'2012-10-04 09:30:49'
p49
F2124.4400000000001
tp50
a(S'4c:60:de:d0:f5:77'
p51
S'24.184.48.99'
p52
S'38.106.70.165'
p53
S'2012-10-04 13:50:42'
p54
F2141.4899999999998
tp55
a(S'4c:60:de:d0:f5:77'
p56
S'24.184.48.99'
p57
S'38.106.70.143'
p58
S'2012-10-04 18:11:00'
p59
F2103.9099999999999
tp60
a(S'4c:60:de:d0:f5:77'
p61
S'24.184.48.99'
p62
S'38.106.70.165'
p63
S'2012-10-04 20:30:57'
p64
F2108.1100000000001
tp65
a(S'4c:60:de:d0:f5:77'
p66
S'24.184.48.99'
p67
S'38.106.70.153'
p68
S'2012-10-05 00:51:01'
p69
F2161.9899999999998
tp70
a(S'4c:60:de:d0:f5:77'
p71
S'24.184.48.99'
p72
S'38.106.70.165'
p73
S'2012-10-05 05:10:57'
p74
F2145.5500000000002
tp75
a(S'4c:60:de:d0:f5:77'
p76
S'24.184.48.99'
p77
S'38.106.70.143'
p78
S'2012-10-05 09:30:45'
p79
F2126.6900000000001
tp80
a(S'4c:60:de:d0:f5:77'
p81
S'24.184.48.99'
p82
S'38.106.70.143'
p83
S'2012-10-05 14:30:41'
p84
F2125.3800000000001
tp85
a(S'4c:60:de:d0:f5:77'
p86
S'24.184.48.99'
p87
S'38.106.70.143'
p88
S'2012-10-05 21:59:45'
p89
F2176.5
tp90
a(S'4c:60:de:d0:f5:77'
p91
S'24.184.48.99'
p92
S'38.106.70.153'
p93
S'2012-10-06 02:19:53'
p94
F2118.9400000000001
tp95
a(S'4c:60:de:d0:f5:77'
p96
S'24.184.48.99'
p97
S'38.106.70.153'
p98
S'2012-10-06 10:39:39'
p99
F2116.8499999999999
tp100
a(S'4c:60:de:d0:f5:77'
p101
S'24.184.48.99'
p102
S'38.106.70.143'
p103
S'2012-10-06 15:59:41'
p104
F2142.2800000000002
tp105
a(S'4c:60:de:d0:f5:77'
p106
S'24.184.48.99'
p107
S'38.106.70.153'
p108
S'2012-10-06 20:19:43'
p109
F2152.3000000000002
tp110
a(S'4c:60:de:d0:f5:77'
p111
S'24.184.48.99'
p112
S'38.106.70.143'
p113
S'2012-10-07 00:39:42'
p114
F2154.0799999999999
tp115
a(S'4c:60:de:d0:f5:77'
p116
S'24.184.48.99'
p117
S'38.106.70.153'
p118
S'2012-10-07 04:59:39'
p119
F2119.02
tp120
a(S'4c:60:de:d0:f5:77'
p121
S'24.184.48.99'
p122
S'38.106.70.165'
p123
S'2012-10-07 07:19:54'
p124
F2179.5300000000002
tp125
a(S'4c:60:de:d0:f5:77'
p126
S'24.184.48.99'
p127
S'38.106.70.153'
p128
S'2012-10-07 11:39:42'
p129
F2212.96
tp130
a(S'4c:60:de:d0:f5:77'
p131
S'24.184.48.99'
p132
S'38.106.70.143'
p133
S'2012-10-07 15:59:44'
p134
F2158.27
tp135
a(S'4c:60:de:d0:f5:77'
p136
S'24.184.48.99'
p137
S'38.106.70.143'
p138
S'2012-10-07 20:19:45'
p139
F2224.3600000000001
tp140
a(S'4c:60:de:d0:f5:77'
p141
S'24.184.48.99'
p142
S'38.106.70.153'
p143
S'2012-10-08 00:39:42'
p144
F2018.79
tp145
a(S'4c:60:de:d0:f5:77'
p146
S'24.184.48.99'
p147
S'38.106.70.153'
p148
S'2012-10-08 04:59:41'
p149
F2184.04
tp150
a(S'4c:60:de:d0:f5:77'
p151
S'24.184.48.99'
p152
S'38.106.70.165'
p153
S'2012-10-08 07:19:54'
p154
F2165.3400000000001
tp155
a(S'4c:60:de:d0:f5:77'
p156
S'24.184.48.99'
p157
S'38.106.70.143'
p158
S'2012-10-08 11:39:40'
p159
F2138.0599999999999
tp160
a(S'4c:60:de:d0:f5:77'
p161
S'24.184.48.99'
p162
S'38.106.70.153'
p163
S'2012-10-08 18:59:41'
p164
F2163.1100000000001
tp165
a(S'4c:60:de:d0:f5:77'
p166
S'24.184.48.99'
p167
S'38.106.70.153'
p168
S'2012-10-09 01:19:44'
p169
F2088.23
tp170
a(S'4c:60:de:d0:f5:77'
p171
S'24.184.48.99'
p172
S'38.106.70.143'
p173
S'2012-10-09 07:09:41'
p174
F2146.75
tp175
a(S'4c:60:de:d0:f5:77'
p176
S'24.184.48.99'
p177
S'38.106.70.165'
p178
S'2012-10-09 13:49:54'
p179
F2212.0300000000002
tp180
a(S'4c:60:de:d0:f5:77'
p181
S'24.184.48.99'
p182
S'38.106.70.153'
p183
S'2012-10-09 18:09:41'
p184
F2162.52
tp185
a(S'4c:60:de:d0:f5:77'
p186
S'24.184.48.99'
p187
S'38.106.70.143'
p188
S'2012-10-09 22:29:43'
p189
F2177.9000000000001
tp190
a(S'4c:60:de:d0:f5:77'
p191
S'24.184.48.99'
p192
S'38.106.70.143'
p193
S'2012-10-10 02:49:44'
p194
F2116.04
tp195
a(S'4c:60:de:d0:f5:77'
p196
S'24.184.48.99'
p197
S'38.106.70.153'
p198
S'2012-10-10 07:09:40'
p199
F2166.3000000000002
tp200
a(S'4c:60:de:d0:f5:77'
p201
S'24.184.48.99'
p202
S'38.106.70.143'
p203
S'2012-10-10 11:29:39'
p204
F2137.5500000000002
tp205
a(S'4c:60:de:d0:f5:77'
p206
S'24.184.48.99'
p207
S'38.106.70.143'
p208
S'2012-10-10 22:29:41'
p209
F2155.1799999999998
tp210
a(S'4c:60:de:d0:f5:77'
p211
S'24.184.48.99'
p212
S'38.106.70.165'
p213
S'2012-10-11 02:49:45'
p214
F2114.3499999999999
tp215
a(S'4c:60:de:d0:f5:77'
p216
S'24.184.48.99'
p217
S'38.106.70.143'
p218
S'2012-10-11 07:09:41'
p219
F2134.9699999999998
tp220
a(S'4c:60:de:d0:f5:77'
p221
S'24.184.48.99'
p222
S'38.106.70.143'
p223
S'2012-10-11 11:29:41'
p224
F2129.9000000000001
tp225
a(S'4c:60:de:d0:f5:77'
p226
S'24.184.48.99'
p227
S'38.106.70.165'
p228
S'2012-10-11 13:49:53'
p229
F2121.4000000000001
tp230
a(S'4c:60:de:d0:f5:77'
p231
S'24.184.48.99'
p232
S'38.106.70.165'
p233
S'2012-10-11 18:09:42'
p234
F2128.9499999999998
tp235
a(S'4c:60:de:d0:f5:77'
p236
S'24.184.48.99'
p237
S'38.106.70.165'
p238
S'2012-10-11 22:29:44'
p239
F2150.48
tp240
a(S'4c:60:de:d0:f5:77'
p241
S'24.184.48.99'
p242
S'38.106.70.143'
p243
S'2012-10-12 02:49:43'
p244
F2132.1799999999998
tp245
a(S'4c:60:de:d0:f5:77'
p246
S'24.184.48.99'
p247
S'38.106.70.143'
p248
S'2012-10-12 07:09:39'
p249
F2165.7800000000002
tp250
a(S'4c:60:de:d0:f5:77'
p251
S'24.184.48.99'
p252
S'38.106.70.165'
p253
S'2012-10-12 11:29:40'
p254
F2146.04
tp255
a(S'4c:60:de:d0:f5:77'
p256
S'24.184.48.99'
p257
S'38.106.70.143'
p258
S'2012-10-12 13:49:52'
p259
F2150.2399999999998
tp260
a(S'4c:60:de:d0:f5:77'
p261
S'24.184.48.99'
p262
S'38.106.70.143'
p263
S'2012-10-12 18:09:40'
p264
F2166.23
tp265
a(S'4c:60:de:d0:f5:77'
p266
S'24.184.48.99'
p267
S'38.106.70.153'
p268
S'2012-10-13 02:49:44'
p269
F2123.6500000000001
tp270
a(S'4c:60:de:d0:f5:77'
p271
S'24.184.48.99'
p272
S'38.106.70.153'
p273
S'2012-10-13 07:09:40'
p274
F2168.54
tp275
a(S'4c:60:de:d0:f5:77'
p276
S'24.184.48.99'
p277
S'38.106.70.153'
p278
S'2012-10-13 11:29:41'
p279
F2132.8899999999999
tp280
a(S'4c:60:de:d0:f5:77'
p281
S'24.184.48.99'
p282
S'38.106.70.165'
p283
S'2012-10-13 16:19:59'
p284
F2120.3400000000001
tp285
a(S'4c:60:de:d0:f5:77'
p286
S'24.184.48.99'
p287
S'38.106.70.165'
p288
S'2012-10-13 22:39:40'
p289
F2137.46
tp290
a(S'4c:60:de:d0:f5:77'
p291
S'24.184.48.99'
p292
S'38.106.70.165'
p293
S'2012-10-14 03:59:42'
p294
F2144.71
tp295
a(S'4c:60:de:d0:f5:77'
p296
S'24.184.48.99'
p297
S'38.106.70.165'
p298
S'2012-10-14 08:19:41'
p299
F2192.0300000000002
tp300
a(S'4c:60:de:d0:f5:77'
p301
S'24.184.48.99'
p302
S'38.106.70.153'
p303
S'2012-10-14 12:39:41'
p304
F2165.8800000000001
tp305
a(S'4c:60:de:d0:f5:77'
p306
S'24.184.48.99'
p307
S'38.106.70.165'
p308
S'2012-10-14 16:59:41'
p309
F2100.4699999999998
tp310
a(S'4c:60:de:d0:f5:77'
p311
S'24.184.48.99'
p312
S'38.106.70.153'
p313
S'2012-10-14 19:18:54'
p314
F2134.5900000000001
tp315
a(S'4c:60:de:d0:f5:77'
p316
S'24.184.48.99'
p317
S'38.106.70.143'
p318
S'2012-10-14 23:38:42'
p319
F2140.2600000000002
tp320
a.