(lp0
(S'4c:60:de:d0:f5:77'
p1
S'38.106.70.165'
p2
S'24.184.48.99'
p3
S'2012-10-02 01:00:38'
p4
F20668.400000000001
tp5
a(S'4c:60:de:d0:f5:77'
p6
S'38.106.70.153'
p7
S'24.184.48.99'
p8
S'2012-10-02 05:20:37'
p9
F21312.0
tp10
a(S'4c:60:de:d0:f5:77'
p11
S'38.106.70.165'
p12
S'24.184.48.99'
p13
S'2012-10-02 14:40:36'
p14
F21332.799999999999
tp15
a(S'4c:60:de:d0:f5:77'
p16
S'38.106.70.143'
p17
S'24.184.48.99'
p18
S'2012-10-02 23:00:43'
p19
F7478.0299999999997
tp20
a(S'4c:60:de:d0:f5:77'
p21
S'38.106.70.153'
p22
S'24.184.48.99'
p23
S'2012-10-03 06:20:53'
p24
F21335.200000000001
tp25
a(S'4c:60:de:d0:f5:77'
p26
S'38.106.70.165'
p27
S'24.184.48.99'
p28
S'2012-10-03 13:40:36'
p29
F20647.700000000001
tp30
a(S'4c:60:de:d0:f5:77'
p31
S'38.106.70.143'
p32
S'24.184.48.99'
p33
S'2012-10-03 18:00:36'
p34
F21345.099999999999
tp35
a(S'4c:60:de:d0:f5:77'
p36
S'38.106.70.165'
p37
S'24.184.48.99'
p38
S'2012-10-03 20:20:37'
p39
F21281.299999999999
tp40
a(S'4c:60:de:d0:f5:77'
p41
S'38.106.70.165'
p42
S'24.184.48.99'
p43
S'2012-10-04 00:40:36'
p44
F21288.0
tp45
a(S'4c:60:de:d0:f5:77'
p46
S'38.106.70.153'
p47
S'24.184.48.99'
p48
S'2012-10-04 05:00:38'
p49
F20168.299999999999
tp50
a(S'4c:60:de:d0:f5:77'
p51
S'38.106.70.143'
p52
S'24.184.48.99'
p53
S'2012-10-04 09:20:52'
p54
F21339.599999999999
tp55
a(S'4c:60:de:d0:f5:77'
p56
S'38.106.70.165'
p57
S'24.184.48.99'
p58
S'2012-10-04 13:40:37'
p59
F21348.700000000001
tp60
a(S'4c:60:de:d0:f5:77'
p61
S'38.106.70.143'
p62
S'24.184.48.99'
p63
S'2012-10-04 18:00:37'
p64
F21334.099999999999
tp65
a(S'4c:60:de:d0:f5:77'
p66
S'38.106.70.153'
p67
S'24.184.48.99'
p68
S'2012-10-04 20:20:56'
p69
F21333.599999999999
tp70
a(S'4c:60:de:d0:f5:77'
p71
S'38.106.70.165'
p72
S'24.184.48.99'
p73
S'2012-10-05 00:40:42'
p74
F20948.0
tp75
a(S'4c:60:de:d0:f5:77'
p76
S'38.106.70.143'
p77
S'24.184.48.99'
p78
S'2012-10-05 05:00:53'
p79
F20930.400000000001
tp80
a(S'4c:60:de:d0:f5:77'
p81
S'38.106.70.165'
p82
S'24.184.48.99'
p83
S'2012-10-05 09:20:57'
p84
F21320.200000000001
tp85
a(S'4c:60:de:d0:f5:77'
p86
S'38.106.70.165'
p87
S'24.184.48.99'
p88
S'2012-10-05 14:20:35'
p89
F21334.400000000001
tp90
a(S'4c:60:de:d0:f5:77'
p91
S'38.106.70.153'
p92
S'24.184.48.99'
p93
S'2012-10-05 21:49:36'
p94
F21339.900000000001
tp95
a(S'4c:60:de:d0:f5:77'
p96
S'38.106.70.143'
p97
S'24.184.48.99'
p98
S'2012-10-06 10:29:35'
p99
F21331.799999999999
tp100
a(S'4c:60:de:d0:f5:77'
p101
S'38.106.70.153'
p102
S'24.184.48.99'
p103
S'2012-10-06 15:49:37'
p104
F21280.0
tp105
a(S'4c:60:de:d0:f5:77'
p106
S'38.106.70.143'
p107
S'24.184.48.99'
p108
S'2012-10-06 20:09:50'
p109
F21067.900000000001
tp110
a(S'4c:60:de:d0:f5:77'
p111
S'38.106.70.143'
p112
S'24.184.48.99'
p113
S'2012-10-07 00:29:36'
p114
F21266.299999999999
tp115
a(S'4c:60:de:d0:f5:77'
p116
S'38.106.70.143'
p117
S'24.184.48.99'
p118
S'2012-10-07 04:49:38'
p119
F21389.900000000001
tp120
a(S'4c:60:de:d0:f5:77'
p121
S'38.106.70.165'
p122
S'24.184.48.99'
p123
S'2012-10-07 07:09:36'
p124
F21473.099999999999
tp125
a(S'4c:60:de:d0:f5:77'
p126
S'38.106.70.153'
p127
S'24.184.48.99'
p128
S'2012-10-07 11:29:37'
p129
F21524.900000000001
tp130
a(S'4c:60:de:d0:f5:77'
p131
S'38.106.70.165'
p132
S'24.184.48.99'
p133
S'2012-10-07 15:49:37'
p134
F18145.400000000001
tp135
a(S'4c:60:de:d0:f5:77'
p136
S'38.106.70.165'
p137
S'24.184.48.99'
p138
S'2012-10-07 20:09:54'
p139
F20845.0
tp140
a(S'4c:60:de:d0:f5:77'
p141
S'38.106.70.153'
p142
S'24.184.48.99'
p143
S'2012-10-08 00:29:36'
p144
F17403.099999999999
tp145
a(S'4c:60:de:d0:f5:77'
p146
S'38.106.70.143'
p147
S'24.184.48.99'
p148
S'2012-10-08 04:49:36'
p149
F21382.900000000001
tp150
a(S'4c:60:de:d0:f5:77'
p151
S'38.106.70.165'
p152
S'24.184.48.99'
p153
S'2012-10-08 07:09:35'
p154
F21455.299999999999
tp155
a(S'4c:60:de:d0:f5:77'
p156
S'38.106.70.143'
p157
S'24.184.48.99'
p158
S'2012-10-08 11:29:35'
p159
F21542.700000000001
tp160
a(S'4c:60:de:d0:f5:77'
p161
S'38.106.70.143'
p162
S'24.184.48.99'
p163
S'2012-10-08 18:49:37'
p164
F21276.700000000001
tp165
a(S'4c:60:de:d0:f5:77'
p166
S'38.106.70.165'
p167
S'24.184.48.99'
p168
S'2012-10-09 01:09:50'
p169
F20838.5
tp170
a(S'4c:60:de:d0:f5:77'
p171
S'38.106.70.143'
p172
S'24.184.48.99'
p173
S'2012-10-09 06:59:35'
p174
F21299.200000000001
tp175
a(S'4c:60:de:d0:f5:77'
p176
S'38.106.70.153'
p177
S'24.184.48.99'
p178
S'2012-10-09 11:19:35'
p179
F21351.299999999999
tp180
a(S'4c:60:de:d0:f5:77'
p181
S'38.106.70.165'
p182
S'24.184.48.99'
p183
S'2012-10-09 13:39:38'
p184
F21307.0
tp185
a(S'4c:60:de:d0:f5:77'
p186
S'38.106.70.165'
p187
S'24.184.48.99'
p188
S'2012-10-09 17:59:36'
p189
F20634.299999999999
tp190
a(S'4c:60:de:d0:f5:77'
p191
S'38.106.70.165'
p192
S'24.184.48.99'
p193
S'2012-10-09 22:19:36'
p194
F21248.700000000001
tp195
a(S'4c:60:de:d0:f5:77'
p196
S'38.106.70.153'
p197
S'24.184.48.99'
p198
S'2012-10-10 02:39:52'
p199
F21059.5
tp200
a(S'4c:60:de:d0:f5:77'
p201
S'38.106.70.153'
p202
S'24.184.48.99'
p203
S'2012-10-10 06:59:38'
p204
F21322.099999999999
tp205
a(S'4c:60:de:d0:f5:77'
p206
S'38.106.70.143'
p207
S'24.184.48.99'
p208
S'2012-10-10 13:39:36'
p209
F21359.0
tp210
a(S'4c:60:de:d0:f5:77'
p211
S'38.106.70.165'
p212
S'24.184.48.99'
p213
S'2012-10-10 11:19:21'
p214
F0.0
tp215
a(S'4c:60:de:d0:f5:77'
p216
S'38.106.70.143'
p217
S'24.184.48.99'
p218
S'2012-10-11 02:39:51'
p219
F21128.0
tp220
a(S'4c:60:de:d0:f5:77'
p221
S'38.106.70.153'
p222
S'24.184.48.99'
p223
S'2012-10-11 11:19:37'
p224
F21344.599999999999
tp225
a(S'4c:60:de:d0:f5:77'
p226
S'38.106.70.143'
p227
S'24.184.48.99'
p228
S'2012-10-11 13:39:36'
p229
F21294.0
tp230
a(S'4c:60:de:d0:f5:77'
p231
S'38.106.70.143'
p232
S'24.184.48.99'
p233
S'2012-10-11 17:59:38'
p234
F20315.200000000001
tp235
a(S'4c:60:de:d0:f5:77'
p236
S'38.106.70.153'
p237
S'24.184.48.99'
p238
S'2012-10-11 22:19:35'
p239
F21305.0
tp240
a(S'4c:60:de:d0:f5:77'
p241
S'38.106.70.165'
p242
S'24.184.48.99'
p243
S'2012-10-12 02:39:52'
p244
F21132.5
tp245
a(S'4c:60:de:d0:f5:77'
p246
S'38.106.70.143'
p247
S'24.184.48.99'
p248
S'2012-10-12 06:59:37'
p249
F21305.5
tp250
a(S'4c:60:de:d0:f5:77'
p251
S'38.106.70.153'
p252
S'24.184.48.99'
p253
S'2012-10-12 11:19:37'
p254
F21335.200000000001
tp255
a(S'4c:60:de:d0:f5:77'
p256
S'38.106.70.165'
p257
S'24.184.48.99'
p258
S'2012-10-12 13:39:26'
p259
F21237.200000000001
tp260
a(S'4c:60:de:d0:f5:77'
p261
S'38.106.70.165'
p262
S'24.184.48.99'
p263
S'2012-10-12 17:59:37'
p264
F21332.700000000001
tp265
a(S'4c:60:de:d0:f5:77'
p266
S'38.106.70.143'
p267
S'24.184.48.99'
p268
S'2012-10-13 02:39:50'
p269
F21227.200000000001
tp270
a(S'4c:60:de:d0:f5:77'
p271
S'38.106.70.153'
p272
S'24.184.48.99'
p273
S'2012-10-13 06:59:37'
p274
F21322.400000000001
tp275
a(S'4c:60:de:d0:f5:77'
p276
S'38.106.70.143'
p277
S'24.184.48.99'
p278
S'2012-10-13 11:19:36'
p279
F21353.0
tp280
a(S'4c:60:de:d0:f5:77'
p281
S'38.106.70.153'
p282
S'24.184.48.99'
p283
S'2012-10-13 22:29:35'
p284
F21299.5
tp285
a(S'4c:60:de:d0:f5:77'
p286
S'38.106.70.143'
p287
S'24.184.48.99'
p288
S'2012-10-14 03:49:36'
p289
F21252.799999999999
tp290
a(S'4c:60:de:d0:f5:77'
p291
S'38.106.70.143'
p292
S'24.184.48.99'
p293
S'2012-10-14 08:09:52'
p294
F20207.0
tp295
a(S'4c:60:de:d0:f5:77'
p296
S'38.106.70.153'
p297
S'24.184.48.99'
p298
S'2012-10-14 12:29:36'
p299
F21328.5
tp300
a(S'4c:60:de:d0:f5:77'
p301
S'38.106.70.143'
p302
S'24.184.48.99'
p303
S'2012-10-14 16:49:37'
p304
F20889.900000000001
tp305
a(S'4c:60:de:d0:f5:77'
p306
S'38.106.70.153'
p307
S'24.184.48.99'
p308
S'2012-10-14 19:08:37'
p309
F21248.599999999999
tp310
a(S'4c:60:de:d0:f5:77'
p311
S'38.106.70.143'
p312
S'24.184.48.99'
p313
S'2012-10-14 23:28:37'
p314
F20971.700000000001
tp315
a.