(lp0
(S'4c:60:de:e6:c9:ab'
p1
S'24.14.199.139'
p2
S'143.215.131.173'
p3
S'2012-10-02 07:52:18'
p4
F4182.6599999999999
tp5
a(S'4c:60:de:e6:c9:ab'
p6
S'24.14.199.139'
p7
S'143.215.131.173'
p8
S'2012-10-02 12:10:44'
p9
F4094.5500000000002
tp10
a(S'4c:60:de:e6:c9:ab'
p11
S'24.14.199.139'
p12
S'143.215.131.173'
p13
S'2012-10-02 16:32:21'
p14
F4123.1899999999996
tp15
a(S'4c:60:de:e6:c9:ab'
p16
S'24.14.199.139'
p17
S'143.215.131.173'
p18
S'2012-10-02 20:52:43'
p19
F4147.96
tp20
a(S'4c:60:de:e6:c9:ab'
p21
S'24.14.199.139'
p22
S'38.106.70.165'
p23
S'2012-10-03 09:30:45'
p24
F4270.6999999999998
tp25
a(S'4c:60:de:e6:c9:ab'
p26
S'24.14.199.139'
p27
S'38.106.70.143'
p28
S'2012-10-03 12:50:56'
p29
F4224.1899999999996
tp30
a(S'4c:60:de:e6:c9:ab'
p31
S'24.14.199.139'
p32
S'38.106.70.165'
p33
S'2012-10-03 17:10:45'
p34
F4240.3199999999997
tp35
a(S'4c:60:de:e6:c9:ab'
p36
S'24.14.199.139'
p37
S'38.106.70.165'
p38
S'2012-10-03 21:30:48'
p39
F4339.6800000000003
tp40
a(S'4c:60:de:e6:c9:ab'
p41
S'24.14.199.139'
p42
S'38.106.70.165'
p43
S'2012-10-04 01:50:41'
p44
F4246.8100000000004
tp45
a(S'4c:60:de:e6:c9:ab'
p46
S'24.14.199.139'
p47
S'38.106.70.143'
p48
S'2012-10-04 06:10:43'
p49
F4328.0600000000004
tp50
a(S'4c:60:de:e6:c9:ab'
p51
S'24.14.199.139'
p52
S'38.106.70.165'
p53
S'2012-10-04 10:30:44'
p54
F4267.6199999999999
tp55
a(S'4c:60:de:e6:c9:ab'
p56
S'24.14.199.139'
p57
S'38.106.70.153'
p58
S'2012-10-04 12:51:44'
p59
F0.0
tp60
a(S'4c:60:de:e6:c9:ab'
p61
S'24.14.199.139'
p62
S'38.106.70.153'
p63
S'2012-10-04 17:10:42'
p64
F4207.2399999999998
tp65
a(S'4c:60:de:e6:c9:ab'
p66
S'24.14.199.139'
p67
S'38.106.70.153'
p68
S'2012-10-05 01:50:43'
p69
F4268.21
tp70
a(S'4c:60:de:e6:c9:ab'
p71
S'24.14.199.139'
p72
S'38.106.70.143'
p73
S'2012-10-05 06:19:42'
p74
F4199.96
tp75
a(S'4c:60:de:e6:c9:ab'
p76
S'24.14.199.139'
p77
S'38.106.70.165'
p78
S'2012-10-05 10:39:45'
p79
F4238.1899999999996
tp80
a(S'4c:60:de:e6:c9:ab'
p81
S'24.14.199.139'
p82
S'38.106.70.165'
p83
S'2012-10-05 12:59:57'
p84
F4281.7700000000004
tp85
a(S'4c:60:de:e6:c9:ab'
p86
S'24.14.199.139'
p87
S'38.106.70.143'
p88
S'2012-10-06 00:39:56'
p89
F4943.6800000000003
tp90
a(S'4c:60:de:e6:c9:ab'
p91
S'24.14.199.139'
p92
S'38.106.70.165'
p93
S'2012-10-06 08:49:43'
p94
F4292.0
tp95
a(S'4c:60:de:e6:c9:ab'
p96
S'24.14.199.139'
p97
S'38.106.70.143'
p98
S'2012-10-06 15:09:43'
p99
F4178.6800000000003
tp100
a(S'4c:60:de:e6:c9:ab'
p101
S'24.14.199.139'
p102
S'38.106.70.153'
p103
S'2012-10-06 19:29:43'
p104
F4222.5799999999999
tp105
a(S'4c:60:de:e6:c9:ab'
p106
S'24.14.199.139'
p107
S'38.106.70.165'
p108
S'2012-10-06 21:49:56'
p109
F4262.8299999999999
tp110
a(S'4c:60:de:e6:c9:ab'
p111
S'24.14.199.139'
p112
S'38.106.70.153'
p113
S'2012-10-07 02:09:43'
p114
F4196.2600000000002
tp115
a(S'4c:60:de:e6:c9:ab'
p116
S'24.14.199.139'
p117
S'38.106.70.153'
p118
S'2012-10-07 06:29:35'
p119
F4227.9200000000001
tp120
a(S'4c:60:de:e6:c9:ab'
p121
S'24.14.199.139'
p122
S'38.106.70.153'
p123
S'2012-10-07 10:49:42'
p124
F4240.5299999999997
tp125
a(S'4c:60:de:e6:c9:ab'
p126
S'24.14.199.139'
p127
S'38.106.70.165'
p128
S'2012-10-07 15:09:44'
p129
F4184.4799999999996
tp130
a(S'4c:60:de:e6:c9:ab'
p131
S'24.14.199.139'
p132
S'38.106.70.143'
p133
S'2012-10-07 19:29:44'
p134
F4206.4399999999996
tp135
a(S'4c:60:de:e6:c9:ab'
p136
S'24.14.199.139'
p137
S'38.106.70.153'
p138
S'2012-10-07 21:49:57'
p139
F4228.5500000000002
tp140
a(S'4c:60:de:e6:c9:ab'
p141
S'24.14.199.139'
p142
S'38.106.70.153'
p143
S'2012-10-08 02:09:51'
p144
F4572.7600000000002
tp145
a(S'4c:60:de:e6:c9:ab'
p146
S'24.14.199.139'
p147
S'38.106.70.165'
p148
S'2012-10-08 06:29:44'
p149
F4253.5900000000001
tp150
a(S'4c:60:de:e6:c9:ab'
p151
S'24.14.199.139'
p152
S'38.106.70.143'
p153
S'2012-10-08 10:49:41'
p154
F4202.6899999999996
tp155
a(S'4c:60:de:e6:c9:ab'
p156
S'24.14.199.139'
p157
S'38.106.70.165'
p158
S'2012-10-08 17:09:44'
p159
F4200.0
tp160
a(S'4c:60:de:e6:c9:ab'
p161
S'24.14.199.139'
p162
S'38.106.70.153'
p163
S'2012-10-09 01:29:43'
p164
F4268.96
tp165
a(S'4c:60:de:e6:c9:ab'
p166
S'24.14.199.139'
p167
S'38.106.70.165'
p168
S'2012-10-09 05:49:57'
p169
F4248.1899999999996
tp170
a(S'4c:60:de:e6:c9:ab'
p171
S'24.14.199.139'
p172
S'38.106.70.165'
p173
S'2012-10-09 10:09:44'
p174
F4267.8400000000001
tp175
a(S'4c:60:de:e6:c9:ab'
p176
S'24.14.199.139'
p177
S'38.106.70.165'
p178
S'2012-10-09 14:29:47'
p179
F4264.4700000000003
tp180
a(S'4c:60:de:e6:c9:ab'
p181
S'24.14.199.139'
p182
S'38.106.70.143'
p183
S'2012-10-09 18:49:42'
p184
F4282.5100000000002
tp185
a(S'4c:60:de:e6:c9:ab'
p186
S'24.14.199.139'
p187
S'38.106.70.165'
p188
S'2012-10-09 23:09:45'
p189
F4338.2799999999997
tp190
a(S'4c:60:de:e6:c9:ab'
p191
S'24.14.199.139'
p192
S'38.106.70.153'
p193
S'2012-10-10 03:29:43'
p194
F4174.6400000000003
tp195
a(S'4c:60:de:e6:c9:ab'
p196
S'24.14.199.139'
p197
S'38.106.70.143'
p198
S'2012-10-10 05:50:07'
p199
F4242.6599999999999
tp200
a(S'4c:60:de:e6:c9:ab'
p201
S'24.14.199.139'
p202
S'38.106.70.153'
p203
S'2012-10-10 10:09:42'
p204
F4297.8800000000001
tp205
a(S'4c:60:de:e6:c9:ab'
p206
S'24.14.199.139'
p207
S'38.106.70.165'
p208
S'2012-10-11 03:29:54'
p209
F4051.4699999999998
tp210
a(S'4c:60:de:e6:c9:ab'
p211
S'24.14.199.139'
p212
S'38.106.70.153'
p213
S'2012-10-11 05:49:56'
p214
F4266.25
tp215
a(S'4c:60:de:e6:c9:ab'
p216
S'24.14.199.139'
p217
S'38.106.70.165'
p218
S'2012-10-11 10:09:43'
p219
F4210.2299999999996
tp220
a(S'4c:60:de:e6:c9:ab'
p221
S'24.14.199.139'
p222
S'38.106.70.165'
p223
S'2012-10-11 14:28:47'
p224
F4243.71
tp225
a(S'4c:60:de:e6:c9:ab'
p226
S'24.14.199.139'
p227
S'38.106.70.143'
p228
S'2012-10-11 18:48:42'
p229
F4199.8400000000001
tp230
a(S'4c:60:de:e6:c9:ab'
p231
S'24.14.199.139'
p232
S'38.106.70.153'
p233
S'2012-10-11 23:08:43'
p234
F4205.0299999999997
tp235
a(S'4c:60:de:e6:c9:ab'
p236
S'24.14.199.139'
p237
S'38.106.70.143'
p238
S'2012-10-12 03:28:58'
p239
F4982.3400000000001
tp240
a(S'4c:60:de:e6:c9:ab'
p241
S'24.14.199.139'
p242
S'38.106.70.153'
p243
S'2012-10-12 05:48:56'
p244
F4206.3400000000001
tp245
a(S'4c:60:de:e6:c9:ab'
p246
S'24.14.199.139'
p247
S'38.106.70.143'
p248
S'2012-10-12 10:08:42'
p249
F4218.7700000000004
tp250
a(S'4c:60:de:e6:c9:ab'
p251
S'24.14.199.139'
p252
S'38.106.70.143'
p253
S'2012-10-12 14:28:44'
p254
F4183.5600000000004
tp255
a(S'4c:60:de:e6:c9:ab'
p256
S'24.14.199.139'
p257
S'38.106.70.165'
p258
S'2012-10-12 23:08:53'
p259
F4832.0900000000001
tp260
a(S'4c:60:de:e6:c9:ab'
p261
S'24.14.199.139'
p262
S'38.106.70.153'
p263
S'2012-10-13 03:28:45'
p264
F4048.2399999999998
tp265
a(S'4c:60:de:e6:c9:ab'
p266
S'24.14.199.139'
p267
S'38.106.70.153'
p268
S'2012-10-13 05:48:57'
p269
F4210.8000000000002
tp270
a(S'4c:60:de:e6:c9:ab'
p271
S'24.14.199.139'
p272
S'38.106.70.153'
p273
S'2012-10-13 14:28:45'
p274
F4281.8999999999996
tp275
a(S'4c:60:de:e6:c9:ab'
p276
S'24.14.199.139'
p277
S'38.106.70.143'
p278
S'2012-10-13 22:48:43'
p279
F4263.8199999999997
tp280
a(S'4c:60:de:e6:c9:ab'
p281
S'24.14.199.139'
p282
S'38.106.70.143'
p283
S'2012-10-14 03:38:43'
p284
F4213.6400000000003
tp285
a(S'4c:60:de:e6:c9:ab'
p286
S'24.14.199.139'
p287
S'38.106.70.165'
p288
S'2012-10-14 10:18:57'
p289
F4205.8699999999999
tp290
a(S'4c:60:de:e6:c9:ab'
p291
S'24.14.199.139'
p292
S'38.106.70.153'
p293
S'2012-10-14 14:39:01'
p294
F3121.1300000000001
tp295
a(S'4c:60:de:e6:c9:ab'
p296
S'24.14.199.139'
p297
S'38.106.70.165'
p298
S'2012-10-14 18:58:47'
p299
F4217.4200000000001
tp300
a(S'4c:60:de:e6:c9:ab'
p301
S'24.14.199.139'
p302
S'38.106.70.153'
p303
S'2012-10-14 23:18:43'
p304
F4369.1199999999999
tp305
a.