(lp0
(S'74:44:01:93:62:28'
p1
S'122.167.82.59'
p2
S'203.178.130.236'
p3
S'2012-10-02 01:47:35'
p4
F831.13
tp5
a(S'74:44:01:93:62:28'
p6
S'122.167.82.59'
p7
S'203.178.130.223'
p8
S'2012-10-02 06:07:35'
p9
F831.13
tp10
a(S'74:44:01:93:62:28'
p11
S'122.167.82.59'
p12
S'203.178.130.236'
p13
S'2012-10-02 08:27:51'
p14
F816.0
tp15
a(S'74:44:01:93:62:28'
p16
S'122.167.82.59'
p17
S'203.178.130.223'
p18
S'2012-10-02 13:47:41'
p19
F792.39999999999998
tp20
a(S'74:44:01:93:62:28'
p21
S'122.167.82.59'
p22
S'203.178.130.210'
p23
S'2012-10-02 20:08:09'
p24
F845.73000000000002
tp25
a(S'74:44:01:93:62:28'
p26
S'122.167.82.59'
p27
S'203.178.130.210'
p28
S'2012-10-03 00:27:44'
p29
F857.09000000000003
tp30
a(S'74:44:01:93:62:28'
p31
S'122.167.82.59'
p32
S'203.178.130.223'
p33
S'2012-10-03 04:47:36'
p34
F853.19000000000005
tp35
a(S'74:44:01:93:62:28'
p36
S'122.167.82.59'
p37
S'203.178.130.210'
p38
S'2012-10-03 09:07:47'
p39
F1072.51
tp40
a(S'74:44:01:93:62:28'
p41
S'122.167.82.59'
p42
S'203.178.130.210'
p43
S'2012-10-03 11:28:00'
p44
F1264.1300000000001
tp45
a(S'74:44:01:93:62:28'
p46
S'122.167.82.59'
p47
S'203.178.130.210'
p48
S'2012-10-03 15:47:36'
p49
F806.16999999999996
tp50
a(S'74:44:01:93:62:28'
p51
S'122.167.82.59'
p52
S'203.178.130.210'
p53
S'2012-10-03 20:07:57'
p54
F860.00999999999999
tp55
a(S'74:44:01:93:62:28'
p56
S'122.167.82.59'
p57
S'203.178.130.210'
p58
S'2012-10-04 00:27:38'
p59
F865.32000000000005
tp60
a(S'74:44:01:93:62:28'
p61
S'122.167.82.59'
p62
S'203.178.130.210'
p63
S'2012-10-04 09:07:34'
p64
F840.46000000000004
tp65
a(S'74:44:01:93:62:28'
p66
S'122.167.82.59'
p67
S'203.178.130.210'
p68
S'2012-10-04 11:27:59'
p69
F1081.6099999999999
tp70
a(S'74:44:01:93:62:28'
p71
S'122.167.82.59'
p72
S'203.178.130.210'
p73
S'2012-10-04 15:48:00'
p74
F1034.3299999999999
tp75
a(S'74:44:01:93:62:28'
p76
S'122.167.82.59'
p77
S'203.178.130.236'
p78
S'2012-10-04 20:08:01'
p79
F1005.64
tp80
a(S'74:44:01:93:62:28'
p81
S'122.167.82.59'
p82
S'203.178.130.210'
p83
S'2012-10-05 00:27:39'
p84
F843.77999999999997
tp85
a(S'74:44:01:93:62:28'
p86
S'122.167.82.59'
p87
S'203.178.130.210'
p88
S'2012-10-05 04:47:38'
p89
F809.27999999999997
tp90
a(S'74:44:01:93:62:28'
p91
S'122.167.82.59'
p92
S'203.178.130.223'
p93
S'2012-10-05 09:07:36'
p94
F810.10000000000002
tp95
a(S'74:44:01:93:62:28'
p96
S'122.167.82.59'
p97
S'203.178.130.223'
p98
S'2012-10-05 11:28:10'
p99
F898.58000000000004
tp100
a(S'74:44:01:93:62:28'
p101
S'122.167.82.59'
p102
S'203.178.130.236'
p103
S'2012-10-05 21:17:06'
p104
F856.23000000000002
tp105
a(S'74:44:01:93:62:28'
p106
S'122.167.82.59'
p107
S'203.178.130.236'
p108
S'2012-10-06 01:36:38'
p109
F861.29999999999995
tp110
a(S'74:44:01:93:62:28'
p111
S'122.167.82.59'
p112
S'203.178.130.210'
p113
S'2012-10-06 06:56:43'
p114
F709.41999999999996
tp115
a(S'74:44:01:93:62:28'
p116
S'122.167.82.59'
p117
S'203.178.130.210'
p118
S'2012-10-06 11:16:36'
p119
F705.70000000000005
tp120
a(S'74:44:01:93:62:28'
p121
S'122.167.82.59'
p122
S'203.178.130.223'
p123
S'2012-10-06 13:37:01'
p124
F958.03999999999996
tp125
a(S'74:44:01:93:62:28'
p126
S'122.167.82.59'
p127
S'203.178.130.236'
p128
S'2012-10-06 17:56:37'
p129
F818.83000000000004
tp130
a(S'74:44:01:93:62:28'
p131
S'122.167.82.59'
p132
S'203.178.130.236'
p133
S'2012-10-06 22:17:11'
p134
F863.64999999999998
tp135
a(S'74:44:01:93:62:28'
p136
S'122.167.82.59'
p137
S'203.178.130.210'
p138
S'2012-10-07 02:36:40'
p139
F815.73000000000002
tp140
a(S'74:44:01:93:62:28'
p141
S'122.167.82.59'
p142
S'203.178.130.236'
p143
S'2012-10-07 06:56:38'
p144
F817.88
tp145
a(S'74:44:01:93:62:28'
p146
S'122.167.82.59'
p147
S'203.178.130.223'
p148
S'2012-10-07 13:16:48'
p149
F454.63
tp150
a(S'74:44:01:93:62:28'
p151
S'122.167.82.59'
p152
S'203.178.130.223'
p153
S'2012-10-07 16:37:09'
p154
F475.11000000000001
tp155
a(S'74:44:01:93:62:28'
p156
S'122.167.82.59'
p157
S'203.178.130.210'
p158
S'2012-10-07 20:56:41'
p159
F854.0
tp160
a(S'74:44:01:93:62:28'
p161
S'122.167.82.59'
p162
S'203.178.130.210'
p163
S'2012-10-08 01:17:12'
p164
F829.61000000000001
tp165
a(S'74:44:01:93:62:28'
p166
S'122.178.233.191'
p167
S'203.178.130.223'
p168
S'2012-10-08 06:46:49'
p169
F925.46000000000004
tp170
a(S'74:44:01:93:62:28'
p171
S'122.178.233.191'
p172
S'203.178.130.210'
p173
S'2012-10-08 11:06:48'
p174
F1004.5700000000001
tp175
a(S'74:44:01:93:62:28'
p176
S'122.178.233.191'
p177
S'203.178.130.236'
p178
S'2012-10-08 15:26:37'
p179
F792.91999999999996
tp180
a(S'74:44:01:93:62:28'
p181
S'122.178.233.191'
p182
S'203.178.130.223'
p183
S'2012-10-08 17:46:55'
p184
F893.16999999999996
tp185
a(S'74:44:01:93:62:28'
p186
S'122.178.233.191'
p187
S'203.178.130.210'
p188
S'2012-10-08 22:06:36'
p189
F864.72000000000003
tp190
a(S'74:44:01:93:62:28'
p191
S'122.178.233.191'
p192
S'203.178.130.210'
p193
S'2012-10-09 02:27:04'
p194
F1223.55
tp195
a(S'74:44:01:93:62:28'
p196
S'122.178.233.191'
p197
S'203.178.130.223'
p198
S'2012-10-09 06:46:40'
p199
F799.10000000000002
tp200
a(S'74:44:01:93:62:28'
p201
S'122.178.249.206'
p202
S'203.178.130.210'
p203
S'2012-10-09 12:06:40'
p204
F845.40999999999997
tp205
a(S'74:44:01:93:62:28'
p206
S'122.178.249.206'
p207
S'203.178.130.236'
p208
S'2012-10-09 17:26:35'
p209
F807.91999999999996
tp210
a(S'74:44:01:93:62:28'
p211
S'122.178.249.206'
p212
S'203.178.130.223'
p213
S'2012-10-09 19:46:47'
p214
F842.19000000000005
tp215
a(S'74:44:01:93:62:28'
p216
S'122.178.249.206'
p217
S'203.178.130.223'
p218
S'2012-10-10 00:06:36'
p219
F863.12
tp220
a(S'74:44:01:93:62:28'
p221
S'122.178.249.206'
p222
S'203.178.130.236'
p223
S'2012-10-10 04:26:57'
p224
F936.82000000000005
tp225
a(S'74:44:01:93:62:28'
p226
S'122.178.249.206'
p227
S'203.178.130.236'
p228
S'2012-10-10 13:06:37'
p229
F801.20000000000005
tp230
a(S'74:44:01:93:62:28'
p231
S'122.178.249.206'
p232
S'203.178.130.223'
p233
S'2012-10-11 00:06:36'
p234
F837.52999999999997
tp235
a(S'74:44:01:93:62:28'
p236
S'122.178.249.206'
p237
S'203.178.130.223'
p238
S'2012-10-11 04:26:59'
p239
F797.80999999999995
tp240
a(S'74:44:01:93:62:28'
p241
S'122.178.249.206'
p242
S'203.178.130.223'
p243
S'2012-10-11 08:46:59'
p244
F946.28999999999996
tp245
a(S'74:44:01:93:62:28'
p246
S'122.178.249.206'
p247
S'203.178.130.223'
p248
S'2012-10-11 13:06:37'
p249
F805.14999999999998
tp250
a(S'74:44:01:93:62:28'
p251
S'122.178.249.206'
p252
S'203.178.130.223'
p253
S'2012-10-11 17:26:39'
p254
F823.29999999999995
tp255
a(S'74:44:01:93:62:28'
p256
S'122.178.249.206'
p257
S'203.178.130.236'
p258
S'2012-10-11 19:46:49'
p259
F867.52999999999997
tp260
a(S'74:44:01:93:62:28'
p261
S'122.178.249.206'
p262
S'203.178.130.223'
p263
S'2012-10-12 00:06:39'
p264
F854.58000000000004
tp265
a(S'74:44:01:93:62:28'
p266
S'122.178.249.206'
p267
S'203.178.130.223'
p268
S'2012-10-12 04:26:57'
p269
F873.16999999999996
tp270
a(S'74:44:01:93:62:28'
p271
S'122.178.249.206'
p272
S'203.178.130.223'
p273
S'2012-10-12 09:46:52'
p274
F845.33000000000004
tp275
a(S'74:44:01:93:62:28'
p276
S'122.172.254.119'
p277
S'203.178.130.236'
p278
S'2012-10-12 14:15:35'
p279
F810.75
tp280
a(S'74:44:01:93:62:28'
p281
S'122.172.254.119'
p282
S'203.178.130.223'
p283
S'2012-10-12 19:35:37'
p284
F873.44000000000005
tp285
a(S'74:44:01:93:62:28'
p286
S'122.172.254.119'
p287
S'203.178.130.210'
p288
S'2012-10-13 02:15:38'
p289
F926.46000000000004
tp290
a(S'74:44:01:93:62:28'
p291
S'122.172.254.119'
p292
S'203.178.130.223'
p293
S'2012-10-13 06:35:55'
p294
F790.22000000000003
tp295
a(S'74:44:01:93:62:28'
p296
S'122.172.254.119'
p297
S'203.178.130.223'
p298
S'2012-10-13 11:56:02'
p299
F567.25999999999999
tp300
a(S'74:44:01:93:62:28'
p301
S'122.172.254.119'
p302
S'203.178.130.223'
p303
S'2012-10-13 16:15:57'
p304
F559.10000000000002
tp305
a(S'74:44:01:93:62:28'
p306
S'122.172.254.119'
p307
S'203.178.130.236'
p308
S'2012-10-13 20:35:39'
p309
F856.10000000000002
tp310
a(S'74:44:01:93:62:28'
p311
S'122.172.254.119'
p312
S'203.178.130.210'
p313
S'2012-10-13 22:55:48'
p314
F863.55999999999995
tp315
a(S'74:44:01:93:62:28'
p316
S'122.172.254.119'
p317
S'203.178.130.210'
p318
S'2012-10-14 03:15:38'
p319
F913.89999999999998
tp320
a(S'74:44:01:93:62:28'
p321
S'122.172.254.119'
p322
S'203.178.130.223'
p323
S'2012-10-14 07:36:04'
p324
F797.10000000000002
tp325
a(S'74:44:01:93:62:28'
p326
S'122.172.254.119'
p327
S'203.178.130.236'
p328
S'2012-10-14 16:16:22'
p329
F617.49000000000001
tp330
a(S'74:44:01:93:62:28'
p331
S'122.172.254.119'
p332
S'203.178.130.223'
p333
S'2012-10-14 20:35:39'
p334
F645.01999999999998
tp335
a(S'74:44:01:93:62:28'
p336
S'122.172.254.119'
p337
S'203.178.130.210'
p338
S'2012-10-14 22:56:00'
p339
F573.95000000000005
tp340
a.