(lp0
(S'a0:21:b7:a9:c6:55'
p1
S'76.111.39.202'
p2
S'4.71.254.153'
p3
S'2012-10-02 02:12:52'
p4
F4297.7200000000003
tp5
a(S'a0:21:b7:a9:c6:55'
p6
S'76.111.39.202'
p7
S'4.71.254.140'
p8
S'2012-10-02 06:32:40'
p9
F4329.1300000000001
tp10
a(S'a0:21:b7:a9:c6:55'
p11
S'76.111.39.202'
p12
S'4.71.254.153'
p13
S'2012-10-02 10:52:37'
p14
F4364.2299999999996
tp15
a(S'a0:21:b7:a9:c6:55'
p16
S'76.111.39.202'
p17
S'4.71.254.140'
p18
S'2012-10-02 15:12:41'
p19
F4305.5799999999999
tp20
a(S'a0:21:b7:a9:c6:55'
p21
S'76.111.39.202'
p22
S'4.71.254.140'
p23
S'2012-10-02 19:32:36'
p24
F4277.8900000000003
tp25
a(S'a0:21:b7:a9:c6:55'
p26
S'76.111.39.202'
p27
S'4.71.254.140'
p28
S'2012-10-02 23:52:38'
p29
F4308.7600000000002
tp30
a(S'a0:21:b7:a9:c6:55'
p31
S'76.111.39.202'
p32
S'4.71.254.153'
p33
S'2012-10-03 02:12:51'
p34
F4248.9200000000001
tp35
a(S'a0:21:b7:a9:c6:55'
p36
S'76.111.39.202'
p37
S'4.71.254.153'
p38
S'2012-10-03 06:32:41'
p39
F4356.54
tp40
a(S'a0:21:b7:a9:c6:55'
p41
S'76.111.39.202'
p42
S'4.71.254.153'
p43
S'2012-10-03 10:52:48'
p44
F4312.2600000000002
tp45
a(S'a0:21:b7:a9:c6:55'
p46
S'76.111.39.202'
p47
S'4.71.254.153'
p48
S'2012-10-03 15:12:40'
p49
F4225.9099999999999
tp50
a(S'a0:21:b7:a9:c6:55'
p51
S'76.111.39.202'
p52
S'4.71.254.140'
p53
S'2012-10-03 19:32:48'
p54
F4938.8800000000001
tp55
a(S'a0:21:b7:a9:c6:55'
p56
S'76.111.39.202'
p57
S'4.71.254.140'
p58
S'2012-10-03 23:52:48'
p59
F4332.8699999999999
tp60
a(S'a0:21:b7:a9:c6:55'
p61
S'76.111.39.202'
p62
S'4.71.254.140'
p63
S'2012-10-04 02:12:52'
p64
F4262.9799999999996
tp65
a(S'a0:21:b7:a9:c6:55'
p66
S'76.111.39.202'
p67
S'4.71.254.140'
p68
S'2012-10-04 06:32:38'
p69
F4269.1499999999996
tp70
a(S'a0:21:b7:a9:c6:55'
p71
S'76.111.39.202'
p72
S'4.71.254.140'
p73
S'2012-10-04 10:52:47'
p74
F4257.2299999999996
tp75
a(S'a0:21:b7:a9:c6:55'
p76
S'76.111.39.202'
p77
S'4.71.254.140'
p78
S'2012-10-04 15:12:56'
p79
F4255.75
tp80
a(S'a0:21:b7:a9:c6:55'
p81
S'76.111.39.202'
p82
S'4.71.254.153'
p83
S'2012-10-04 19:32:42'
p84
F4235.5100000000002
tp85
a(S'a0:21:b7:a9:c6:55'
p86
S'76.111.39.202'
p87
S'4.71.254.153'
p88
S'2012-10-04 23:52:53'
p89
F4236.0699999999997
tp90
a(S'a0:21:b7:a9:c6:55'
p91
S'76.111.39.202'
p92
S'4.71.254.140'
p93
S'2012-10-05 02:12:58'
p94
F4258.6400000000003
tp95
a(S'a0:21:b7:a9:c6:55'
p96
S'76.111.39.202'
p97
S'4.71.254.153'
p98
S'2012-10-05 06:42:44'
p99
F4329.0100000000002
tp100
a(S'a0:21:b7:a9:c6:55'
p101
S'76.111.39.202'
p102
S'4.71.254.153'
p103
S'2012-10-05 11:01:34'
p104
F4363.0699999999997
tp105
a(S'a0:21:b7:a9:c6:55'
p106
S'76.111.39.202'
p107
S'4.71.254.153'
p108
S'2012-10-05 15:21:48'
p109
F4307.25
tp110
a(S'a0:21:b7:a9:c6:55'
p111
S'76.111.39.202'
p112
S'4.71.254.153'
p113
S'2012-10-05 19:41:41'
p114
F4286.0799999999999
tp115
a(S'a0:21:b7:a9:c6:55'
p116
S'76.111.39.202'
p117
S'4.71.254.140'
p118
S'2012-10-06 00:01:44'
p119
F1869.25
tp120
a(S'a0:21:b7:a9:c6:55'
p121
S'76.111.39.202'
p122
S'4.71.254.153'
p123
S'2012-10-06 02:21:56'
p124
F4367.6300000000001
tp125
a(S'a0:21:b7:a9:c6:55'
p126
S'76.111.39.202'
p127
S'4.71.254.140'
p128
S'2012-10-06 06:41:41'
p129
F4163.6499999999996
tp130
a(S'a0:21:b7:a9:c6:55'
p131
S'76.111.39.202'
p132
S'4.71.254.153'
p133
S'2012-10-06 11:01:43'
p134
F4284.2700000000004
tp135
a(S'a0:21:b7:a9:c6:55'
p136
S'76.111.39.202'
p137
S'4.71.254.140'
p138
S'2012-10-06 15:21:39'
p139
F4241.9499999999998
tp140
a(S'a0:21:b7:a9:c6:55'
p141
S'76.111.39.202'
p142
S'4.71.254.153'
p143
S'2012-10-06 19:41:42'
p144
F4309.3299999999999
tp145
a(S'a0:21:b7:a9:c6:55'
p146
S'76.111.39.202'
p147
S'4.71.254.153'
p148
S'2012-10-07 00:01:46'
p149
F4263.4099999999999
tp150
a(S'a0:21:b7:a9:c6:55'
p151
S'76.111.39.202'
p152
S'4.71.254.140'
p153
S'2012-10-07 17:10:45'
p154
F4200.7200000000003
tp155
a(S'a0:21:b7:a9:c6:55'
p156
S'76.111.39.202'
p157
S'4.71.254.140'
p158
S'2012-10-07 22:10:41'
p159
F4263.7600000000002
tp160
a(S'a0:21:b7:a9:c6:55'
p161
S'76.111.39.202'
p162
S'4.71.254.153'
p163
S'2012-10-08 02:30:45'
p164
F4090.0799999999999
tp165
a(S'a0:21:b7:a9:c6:55'
p166
S'76.111.39.202'
p167
S'4.71.254.140'
p168
S'2012-10-08 06:50:44'
p169
F4008.2399999999998
tp170
a(S'a0:21:b7:a9:c6:55'
p171
S'76.111.39.202'
p172
S'4.71.254.153'
p173
S'2012-10-08 09:10:56'
p174
F4233.1700000000001
tp175
a(S'a0:21:b7:a9:c6:55'
p176
S'76.111.39.202'
p177
S'4.71.254.140'
p178
S'2012-10-08 13:30:46'
p179
F3836.25
tp180
a(S'a0:21:b7:a9:c6:55'
p181
S'76.111.39.202'
p182
S'4.71.254.153'
p183
S'2012-10-08 17:50:28'
p184
F0.0
tp185
a(S'a0:21:b7:a9:c6:55'
p186
S'76.111.39.202'
p187
S'4.71.254.153'
p188
S'2012-10-08 22:10:41'
p189
F4274.6899999999996
tp190
a(S'a0:21:b7:a9:c6:55'
p191
S'76.111.39.202'
p192
S'4.71.254.153'
p193
S'2012-10-09 02:30:51'
p194
F3830.8899999999999
tp195
a(S'a0:21:b7:a9:c6:55'
p196
S'76.111.39.202'
p197
S'4.71.254.140'
p198
S'2012-10-09 06:50:42'
p199
F4250.1599999999999
tp200
a(S'a0:21:b7:a9:c6:55'
p201
S'76.111.39.202'
p202
S'4.71.254.153'
p203
S'2012-10-09 09:10:56'
p204
F4232.04
tp205
a(S'a0:21:b7:a9:c6:55'
p206
S'76.111.39.202'
p207
S'4.71.254.140'
p208
S'2012-10-09 13:30:43'
p209
F4293.46
tp210
a(S'a0:21:b7:a9:c6:55'
p211
S'76.111.39.202'
p212
S'4.71.254.153'
p213
S'2012-10-09 17:50:45'
p214
F4207.6800000000003
tp215
a(S'a0:21:b7:a9:c6:55'
p216
S'76.111.39.202'
p217
S'4.71.254.140'
p218
S'2012-10-09 22:10:41'
p219
F4235.9399999999996
tp220
a(S'a0:21:b7:a9:c6:55'
p221
S'76.111.39.202'
p222
S'4.71.254.153'
p223
S'2012-10-10 02:30:41'
p224
F4222.3800000000001
tp225
a(S'a0:21:b7:a9:c6:55'
p226
S'76.111.39.202'
p227
S'4.71.254.153'
p228
S'2012-10-10 06:50:43'
p229
F4272.2299999999996
tp230
a(S'a0:21:b7:a9:c6:55'
p231
S'76.111.39.202'
p232
S'4.71.254.153'
p233
S'2012-10-10 13:30:45'
p234
F4231.4099999999999
tp235
a(S'a0:21:b7:a9:c6:55'
p236
S'76.111.39.202'
p237
S'4.71.254.140'
p238
S'2012-10-10 22:10:40'
p239
F4260.2600000000002
tp240
a(S'a0:21:b7:a9:c6:55'
p241
S'76.111.39.202'
p242
S'4.71.254.140'
p243
S'2012-10-11 02:30:43'
p244
F4132.1099999999997
tp245
a(S'a0:21:b7:a9:c6:55'
p246
S'76.111.39.202'
p247
S'4.71.254.153'
p248
S'2012-10-11 06:50:43'
p249
F4226.9700000000003
tp250
a(S'a0:21:b7:a9:c6:55'
p251
S'76.111.39.202'
p252
S'4.71.254.153'
p253
S'2012-10-11 09:11:00'
p254
F4253.4899999999998
tp255
a(S'a0:21:b7:a9:c6:55'
p256
S'76.111.39.202'
p257
S'4.71.254.153'
p258
S'2012-10-11 13:30:43'
p259
F4233.4799999999996
tp260
a(S'a0:21:b7:a9:c6:55'
p261
S'76.111.39.202'
p262
S'4.71.254.140'
p263
S'2012-10-11 17:50:44'
p264
F4286.6599999999999
tp265
a(S'a0:21:b7:a9:c6:55'
p266
S'76.111.39.202'
p267
S'4.71.254.153'
p268
S'2012-10-11 22:10:41'
p269
F4268.0600000000004
tp270
a(S'a0:21:b7:a9:c6:55'
p271
S'76.111.39.202'
p272
S'4.71.254.153'
p273
S'2012-10-12 02:30:42'
p274
F4199.1000000000004
tp275
a(S'a0:21:b7:a9:c6:55'
p276
S'76.111.39.202'
p277
S'4.71.254.140'
p278
S'2012-10-12 06:50:49'
p279
F3958.3800000000001
tp280
a(S'a0:21:b7:a9:c6:55'
p281
S'76.111.39.202'
p282
S'4.71.254.153'
p283
S'2012-10-12 09:10:56'
p284
F4339.1199999999999
tp285
a(S'a0:21:b7:a9:c6:55'
p286
S'76.111.39.202'
p287
S'4.71.254.153'
p288
S'2012-10-12 13:30:42'
p289
F4294.9700000000003
tp290
a(S'a0:21:b7:a9:c6:55'
p291
S'76.111.39.202'
p292
S'4.71.254.153'
p293
S'2012-10-12 17:50:43'
p294
F4266.3500000000004
tp295
a(S'a0:21:b7:a9:c6:55'
p296
S'76.111.39.202'
p297
S'4.71.254.140'
p298
S'2012-10-12 22:10:42'
p299
F4237.4200000000001
tp300
a(S'a0:21:b7:a9:c6:55'
p301
S'76.111.39.202'
p302
S'4.71.254.153'
p303
S'2012-10-13 02:30:41'
p304
F4232.3699999999999
tp305
a(S'a0:21:b7:a9:c6:55'
p306
S'76.111.39.202'
p307
S'4.71.254.140'
p308
S'2012-10-13 06:50:42'
p309
F4266.7299999999996
tp310
a(S'a0:21:b7:a9:c6:55'
p311
S'76.111.39.202'
p312
S'4.71.254.153'
p313
S'2012-10-13 09:10:54'
p314
F4276.6700000000001
tp315
a(S'a0:21:b7:a9:c6:55'
p316
S'76.111.39.202'
p317
S'4.71.254.153'
p318
S'2012-10-13 13:30:44'
p319
F3997.8499999999999
tp320
a(S'a0:21:b7:a9:c6:55'
p321
S'76.111.39.202'
p322
S'4.71.254.153'
p323
S'2012-10-13 17:50:56'
p324
F4307.6700000000001
tp325
a(S'a0:21:b7:a9:c6:55'
p326
S'76.111.39.202'
p327
S'4.71.254.153'
p328
S'2012-10-13 22:10:42'
p329
F4248.1499999999996
tp330
a(S'a0:21:b7:a9:c6:55'
p331
S'76.111.39.202'
p332
S'4.71.254.153'
p333
S'2012-10-14 02:30:43'
p334
F4314.6599999999999
tp335
a(S'a0:21:b7:a9:c6:55'
p336
S'76.111.39.202'
p337
S'4.71.254.140'
p338
S'2012-10-14 09:10:54'
p339
F4263.5200000000004
tp340
a(S'a0:21:b7:a9:c6:55'
p341
S'76.111.39.202'
p342
S'4.71.254.153'
p343
S'2012-10-14 13:30:43'
p344
F4239.1000000000004
tp345
a(S'a0:21:b7:a9:c6:55'
p346
S'76.111.39.202'
p347
S'4.71.254.153'
p348
S'2012-10-14 17:50:54'
p349
F4320.2600000000002
tp350
a(S'a0:21:b7:a9:c6:55'
p351
S'76.111.39.202'
p352
S'4.71.254.153'
p353
S'2012-10-14 22:10:40'
p354
F4352.25
tp355
a.