(lp0
(S'c4:3d:c7:a3:76:d3'
p1
S'4.71.254.153'
p2
S'72.145.176.136'
p3
S'2012-10-02 03:26:42'
p4
F2659.0300000000002
tp5
a(S'c4:3d:c7:a3:76:d3'
p6
S'4.71.254.140'
p7
S'72.145.176.136'
p8
S'2012-10-02 07:47:01'
p9
F2655.4299999999998
tp10
a(S'c4:3d:c7:a3:76:d3'
p11
S'4.71.254.153'
p12
S'72.145.176.136'
p13
S'2012-10-02 12:06:43'
p14
F2663.1799999999998
tp15
a(S'c4:3d:c7:a3:76:d3'
p16
S'4.71.254.153'
p17
S'72.145.176.136'
p18
S'2012-10-02 16:26:40'
p19
F2649.9400000000001
tp20
a(S'c4:3d:c7:a3:76:d3'
p21
S'4.71.254.153'
p22
S'72.145.176.136'
p23
S'2012-10-02 18:46:43'
p24
F2659.5900000000001
tp25
a(S'c4:3d:c7:a3:76:d3'
p26
S'4.71.254.153'
p27
S'72.145.176.136'
p28
S'2012-10-02 23:06:52'
p29
F2653.0300000000002
tp30
a(S'c4:3d:c7:a3:76:d3'
p31
S'4.71.254.140'
p32
S'72.145.176.136'
p33
S'2012-10-03 04:26:40'
p34
F2656.46
tp35
a(S'c4:3d:c7:a3:76:d3'
p36
S'4.71.254.153'
p37
S'72.145.176.136'
p38
S'2012-10-03 08:46:57'
p39
F2588.0500000000002
tp40
a(S'c4:3d:c7:a3:76:d3'
p41
S'4.71.254.153'
p42
S'72.145.180.63'
p43
S'2012-10-03 13:06:53'
p44
F2822.48
tp45
a(S'c4:3d:c7:a3:76:d3'
p46
S'4.71.254.153'
p47
S'72.145.180.63'
p48
S'2012-10-03 16:55:51'
p49
F2834.1799999999998
tp50
a(S'c4:3d:c7:a3:76:d3'
p51
S'4.71.254.140'
p52
S'72.145.180.63'
p53
S'2012-10-03 18:55:42'
p54
F2862.9699999999998
tp55
a(S'c4:3d:c7:a3:76:d3'
p56
S'4.71.254.140'
p57
S'72.145.180.63'
p58
S'2012-10-03 23:15:43'
p59
F2843.8200000000002
tp60
a(S'c4:3d:c7:a3:76:d3'
p61
S'4.71.254.153'
p62
S'72.145.180.63'
p63
S'2012-10-04 03:35:40'
p64
F2863.3600000000001
tp65
a(S'c4:3d:c7:a3:76:d3'
p66
S'4.71.254.140'
p67
S'72.145.180.63'
p68
S'2012-10-04 07:55:59'
p69
F2869.02
tp70
a(S'c4:3d:c7:a3:76:d3'
p71
S'4.71.254.140'
p72
S'72.145.180.63'
p73
S'2012-10-04 12:15:53'
p74
F2862.7199999999998
tp75
a(S'c4:3d:c7:a3:76:d3'
p76
S'4.71.254.153'
p77
S'72.145.180.63'
p78
S'2012-10-04 16:35:46'
p79
F2856.54
tp80
a(S'c4:3d:c7:a3:76:d3'
p81
S'4.71.254.153'
p82
S'72.145.180.63'
p83
S'2012-10-04 18:55:53'
p84
F2850.5799999999999
tp85
a(S'c4:3d:c7:a3:76:d3'
p86
S'4.71.254.140'
p87
S'72.145.180.63'
p88
S'2012-10-04 23:15:46'
p89
F2861.5799999999999
tp90
a(S'c4:3d:c7:a3:76:d3'
p91
S'4.71.254.140'
p92
S'72.145.180.63'
p93
S'2012-10-05 04:35:46'
p94
F2802.77
tp95
a(S'c4:3d:c7:a3:76:d3'
p96
S'4.71.254.140'
p97
S'72.145.180.63'
p98
S'2012-10-05 08:56:10'
p99
F3523.0599999999999
tp100
a(S'c4:3d:c7:a3:76:d3'
p101
S'4.71.254.140'
p102
S'72.145.180.63'
p103
S'2012-10-05 14:05:45'
p104
F2805.8899999999999
tp105
a(S'c4:3d:c7:a3:76:d3'
p106
S'4.71.254.153'
p107
S'72.145.180.63'
p108
S'2012-10-05 18:25:54'
p109
F2836.3899999999999
tp110
a(S'c4:3d:c7:a3:76:d3'
p111
S'4.71.254.153'
p112
S'72.145.180.63'
p113
S'2012-10-05 20:45:46'
p114
F2856.5700000000002
tp115
a(S'c4:3d:c7:a3:76:d3'
p116
S'4.71.254.153'
p117
S'72.145.180.63'
p118
S'2012-10-06 01:15:47'
p119
F2813.8299999999999
tp120
a(S'c4:3d:c7:a3:76:d3'
p121
S'4.71.254.140'
p122
S'72.145.180.63'
p123
S'2012-10-06 05:35:46'
p124
F2871.29
tp125
a(S'c4:3d:c7:a3:76:d3'
p126
S'4.71.254.153'
p127
S'72.145.180.63'
p128
S'2012-10-06 09:56:01'
p129
F2833.48
tp130
a(S'c4:3d:c7:a3:76:d3'
p131
S'4.71.254.140'
p132
S'72.145.180.63'
p133
S'2012-10-06 14:15:48'
p134
F2847.3000000000002
tp135
a(S'c4:3d:c7:a3:76:d3'
p136
S'4.71.254.140'
p137
S'72.145.180.63'
p138
S'2012-10-06 18:35:55'
p139
F2836.4899999999998
tp140
a(S'c4:3d:c7:a3:76:d3'
p141
S'4.71.254.140'
p142
S'72.145.180.63'
p143
S'2012-10-06 20:55:45'
p144
F2868.3800000000001
tp145
a(S'c4:3d:c7:a3:76:d3'
p146
S'4.71.254.140'
p147
S'72.145.180.63'
p148
S'2012-10-07 01:15:32'
p149
F2821.4499999999998
tp150
a(S'c4:3d:c7:a3:76:d3'
p151
S'4.71.254.153'
p152
S'72.145.180.63'
p153
S'2012-10-07 06:47:39'
p154
F0.0
tp155
a(S'c4:3d:c7:a3:76:d3'
p156
S'4.71.254.140'
p157
S'72.145.180.63'
p158
S'2012-10-07 14:06:01'
p159
F2862.6799999999998
tp160
a(S'c4:3d:c7:a3:76:d3'
p161
S'4.71.254.140'
p162
S'72.145.180.63'
p163
S'2012-10-07 21:05:45'
p164
F2876.21
tp165
a(S'c4:3d:c7:a3:76:d3'
p166
S'4.71.254.153'
p167
S'72.145.180.63'
p168
S'2012-10-08 04:05:46'
p169
F2835.1399999999999
tp170
a(S'c4:3d:c7:a3:76:d3'
p171
S'4.71.254.153'
p172
S'72.145.180.63'
p173
S'2012-10-08 06:25:50'
p174
F2841.0799999999999
tp175
a(S'c4:3d:c7:a3:76:d3'
p176
S'4.71.254.153'
p177
S'72.145.180.63'
p178
S'2012-10-08 10:45:48'
p179
F2868.0999999999999
tp180
a(S'c4:3d:c7:a3:76:d3'
p181
S'4.71.254.140'
p182
S'72.145.180.63'
p183
S'2012-10-08 15:05:52'
p184
F2854.9200000000001
tp185
a(S'c4:3d:c7:a3:76:d3'
p186
S'4.71.254.153'
p187
S'72.145.180.63'
p188
S'2012-10-08 19:25:45'
p189
F0.0
tp190
a(S'c4:3d:c7:a3:76:d3'
p191
S'4.71.254.140'
p192
S'72.145.180.63'
p193
S'2012-10-09 00:45:46'
p194
F2807.27
tp195
a(S'c4:3d:c7:a3:76:d3'
p196
S'4.71.254.140'
p197
S'72.145.180.63'
p198
S'2012-10-09 05:05:48'
p199
F2839.1100000000001
tp200
a(S'c4:3d:c7:a3:76:d3'
p201
S'4.71.254.153'
p202
S'72.145.180.63'
p203
S'2012-10-09 07:25:47'
p204
F2832.8299999999999
tp205
a(S'c4:3d:c7:a3:76:d3'
p206
S'4.71.254.153'
p207
S'72.145.180.63'
p208
S'2012-10-09 11:45:46'
p209
F2821.5999999999999
tp210
a(S'c4:3d:c7:a3:76:d3'
p211
S'4.71.254.140'
p212
S'72.145.180.63'
p213
S'2012-10-09 16:05:46'
p214
F2837.2800000000002
tp215
a(S'c4:3d:c7:a3:76:d3'
p216
S'4.71.254.140'
p217
S'72.145.180.63'
p218
S'2012-10-09 20:26:03'
p219
F2870.0900000000001
tp220
a(S'c4:3d:c7:a3:76:d3'
p221
S'4.71.254.153'
p222
S'72.145.180.63'
p223
S'2012-10-10 00:45:48'
p224
F2855.3800000000001
tp225
a(S'c4:3d:c7:a3:76:d3'
p226
S'4.71.254.140'
p227
S'72.145.180.63'
p228
S'2012-10-10 05:05:45'
p229
F2865.3600000000001
tp230
a(S'c4:3d:c7:a3:76:d3'
p231
S'4.71.254.153'
p232
S'72.145.180.63'
p233
S'2012-10-10 07:25:58'
p234
F2837.7199999999998
tp235
a(S'c4:3d:c7:a3:76:d3'
p236
S'4.71.254.140'
p237
S'72.145.180.63'
p238
S'2012-10-10 23:41:47'
p239
F2856.52
tp240
a(S'c4:3d:c7:a3:76:d3'
p241
S'4.71.254.153'
p242
S'72.145.180.63'
p243
S'2012-10-11 04:02:02'
p244
F2864.52
tp245
a(S'c4:3d:c7:a3:76:d3'
p246
S'4.71.254.153'
p247
S'72.145.180.63'
p248
S'2012-10-11 08:21:45'
p249
F2857.6900000000001
tp250
a(S'c4:3d:c7:a3:76:d3'
p251
S'4.71.254.140'
p252
S'72.145.180.63'
p253
S'2012-10-11 12:42:03'
p254
F2863.2800000000002
tp255
a(S'c4:3d:c7:a3:76:d3'
p256
S'4.71.254.153'
p257
S'72.145.180.63'
p258
S'2012-10-11 15:01:46'
p259
F2856.0
tp260
a(S'c4:3d:c7:a3:76:d3'
p261
S'4.71.254.140'
p262
S'72.145.180.63'
p263
S'2012-10-11 19:21:54'
p264
F2877.8600000000001
tp265
a(S'c4:3d:c7:a3:76:d3'
p266
S'4.71.254.140'
p267
S'72.145.180.63'
p268
S'2012-10-12 05:02:00'
p269
F2838.04
tp270
a(S'c4:3d:c7:a3:76:d3'
p271
S'4.71.254.140'
p272
S'72.145.180.63'
p273
S'2012-10-12 09:21:47'
p274
F2856.1900000000001
tp275
a(S'c4:3d:c7:a3:76:d3'
p276
S'4.71.254.153'
p277
S'72.145.180.63'
p278
S'2012-10-12 13:41:47'
p279
F2853.2800000000002
tp280
a(S'c4:3d:c7:a3:76:d3'
p281
S'4.71.254.153'
p282
S'72.145.180.63'
p283
S'2012-10-12 16:01:47'
p284
F2879.0900000000001
tp285
a(S'c4:3d:c7:a3:76:d3'
p286
S'4.71.254.140'
p287
S'72.145.180.63'
p288
S'2012-10-12 20:21:46'
p289
F2831.9299999999998
tp290
a(S'c4:3d:c7:a3:76:d3'
p291
S'4.71.254.153'
p292
S'72.145.180.63'
p293
S'2012-10-13 00:41:45'
p294
F2840.7199999999998
tp295
a(S'c4:3d:c7:a3:76:d3'
p296
S'4.71.254.153'
p297
S'72.145.180.63'
p298
S'2012-10-13 05:02:00'
p299
F2805.6399999999999
tp300
a(S'c4:3d:c7:a3:76:d3'
p301
S'4.71.254.140'
p302
S'72.145.180.63'
p303
S'2012-10-13 09:21:47'
p304
F2862.8299999999999
tp305
a(S'c4:3d:c7:a3:76:d3'
p306
S'4.71.254.153'
p307
S'72.145.180.63'
p308
S'2012-10-13 13:41:45'
p309
F2873.4699999999998
tp310
a(S'c4:3d:c7:a3:76:d3'
p311
S'4.71.254.140'
p312
S'72.145.180.63'
p313
S'2012-10-13 16:01:45'
p314
F2867.21
tp315
a(S'c4:3d:c7:a3:76:d3'
p316
S'4.71.254.153'
p317
S'72.145.180.63'
p318
S'2012-10-13 20:21:45'
p319
F2864.8099999999999
tp320
a(S'c4:3d:c7:a3:76:d3'
p321
S'4.71.254.140'
p322
S'72.145.180.63'
p323
S'2012-10-14 00:41:47'
p324
F2895.6799999999998
tp325
a(S'c4:3d:c7:a3:76:d3'
p326
S'4.71.254.153'
p327
S'72.145.180.63'
p328
S'2012-10-14 05:02:14'
p329
F2262.9299999999998
tp330
a(S'c4:3d:c7:a3:76:d3'
p331
S'4.71.254.153'
p332
S'72.145.180.63'
p333
S'2012-10-14 09:21:53'
p334
F2871.6900000000001
tp335
a(S'c4:3d:c7:a3:76:d3'
p336
S'4.71.254.153'
p337
S'72.145.180.63'
p338
S'2012-10-14 13:41:47'
p339
F2872.73
tp340
a(S'c4:3d:c7:a3:76:d3'
p341
S'4.71.254.140'
p342
S'72.145.180.63'
p343
S'2012-10-14 16:01:46'
p344
F2315.46
tp345
a(S'c4:3d:c7:a3:76:d3'
p346
S'4.71.254.140'
p347
S'72.145.180.63'
p348
S'2012-10-14 20:21:54'
p349
F2882.29
tp350
a.