(lp0
(S'c4:3d:c7:b0:ca:b6'
p1
S'4.71.254.140'
p2
S'76.97.68.93'
p3
S'2012-10-02 01:26:39'
p4
F20810.0
tp5
a(S'c4:3d:c7:b0:ca:b6'
p6
S'4.71.254.140'
p7
S'76.97.68.93'
p8
S'2012-10-02 05:45:40'
p9
F0.0
tp10
a(S'c4:3d:c7:b0:ca:b6'
p11
S'4.71.254.140'
p12
S'76.97.68.93'
p13
S'2012-10-02 08:05:38'
p14
F20085.299999999999
tp15
a(S'c4:3d:c7:b0:ca:b6'
p16
S'4.71.254.140'
p17
S'76.97.68.93'
p18
S'2012-10-02 12:25:39'
p19
F0.0
tp20
a(S'c4:3d:c7:b0:ca:b6'
p21
S'4.71.254.153'
p22
S'76.97.68.93'
p23
S'2012-10-02 16:45:39'
p24
F20232.099999999999
tp25
a(S'c4:3d:c7:b0:ca:b6'
p26
S'4.71.254.140'
p27
S'76.97.68.93'
p28
S'2012-10-02 21:05:53'
p29
F0.0
tp30
a(S'c4:3d:c7:b0:ca:b6'
p31
S'4.71.254.153'
p32
S'76.97.68.93'
p33
S'2012-10-03 01:25:41'
p34
F20226.299999999999
tp35
a(S'c4:3d:c7:b0:ca:b6'
p36
S'4.71.254.153'
p37
S'76.97.68.93'
p38
S'2012-10-03 05:45:40'
p39
F0.0
tp40
a(S'c4:3d:c7:b0:ca:b6'
p41
S'4.71.254.153'
p42
S'76.97.68.93'
p43
S'2012-10-03 08:55:44'
p44
F20922.5
tp45
a(S'c4:3d:c7:b0:ca:b6'
p46
S'4.71.254.140'
p47
S'76.97.68.93'
p48
S'2012-10-03 13:15:40'
p49
F0.0
tp50
a(S'c4:3d:c7:b0:ca:b6'
p51
S'4.71.254.153'
p52
S'76.97.68.93'
p53
S'2012-10-03 19:36:44'
p54
F19983.799999999999
tp55
a(S'c4:3d:c7:b0:ca:b6'
p56
S'4.71.254.140'
p57
S'76.97.68.93'
p58
S'2012-10-03 23:56:40'
p59
F0.0
tp60
a(S'c4:3d:c7:b0:ca:b6'
p61
S'4.71.254.140'
p62
S'76.97.68.93'
p63
S'2012-10-04 04:16:40'
p64
F20209.400000000001
tp65
a(S'c4:3d:c7:b0:ca:b6'
p66
S'4.71.254.140'
p67
S'76.97.68.93'
p68
S'2012-10-04 08:36:58'
p69
F0.0
tp70
a(S'c4:3d:c7:b0:ca:b6'
p71
S'4.71.254.153'
p72
S'76.97.68.93'
p73
S'2012-10-04 12:56:39'
p74
F0.0
tp75
a(S'c4:3d:c7:b0:ca:b6'
p76
S'4.71.254.153'
p77
S'76.97.68.93'
p78
S'2012-10-04 17:16:45'
p79
F21071.599999999999
tp80
a(S'c4:3d:c7:b0:ca:b6'
p81
S'4.71.254.153'
p82
S'76.97.68.93'
p83
S'2012-10-04 19:36:45'
p84
F0.0
tp85
a(S'c4:3d:c7:b0:ca:b6'
p86
S'4.71.254.140'
p87
S'76.97.68.93'
p88
S'2012-10-04 23:56:43'
p89
F0.0
tp90
a(S'c4:3d:c7:b0:ca:b6'
p91
S'4.71.254.140'
p92
S'76.97.68.93'
p93
S'2012-10-05 04:16:47'
p94
F0.0
tp95
a(S'c4:3d:c7:b0:ca:b6'
p96
S'4.71.254.140'
p97
S'76.97.68.93'
p98
S'2012-10-05 08:36:58'
p99
F20529.700000000001
tp100
a(S'c4:3d:c7:b0:ca:b6'
p101
S'4.71.254.140'
p102
S'76.97.68.93'
p103
S'2012-10-05 12:56:44'
p104
F20817.900000000001
tp105
a(S'c4:3d:c7:b0:ca:b6'
p106
S'4.71.254.140'
p107
S'76.97.68.93'
p108
S'2012-10-05 17:16:45'
p109
F21224.299999999999
tp110
a(S'c4:3d:c7:b0:ca:b6'
p111
S'4.71.254.140'
p112
S'76.97.68.93'
p113
S'2012-10-05 19:36:44'
p114
F0.0
tp115
a(S'c4:3d:c7:b0:ca:b6'
p116
S'4.71.254.153'
p117
S'76.97.68.93'
p118
S'2012-10-05 23:56:45'
p119
F20022.0
tp120
a(S'c4:3d:c7:b0:ca:b6'
p121
S'4.71.254.153'
p122
S'76.97.68.93'
p123
S'2012-10-06 04:16:43'
p124
F0.0
tp125
a(S'c4:3d:c7:b0:ca:b6'
p126
S'4.71.254.140'
p127
S'76.97.68.93'
p128
S'2012-10-06 08:36:58'
p129
F19821.099999999999
tp130
a(S'c4:3d:c7:b0:ca:b6'
p131
S'4.71.254.153'
p132
S'76.97.68.93'
p133
S'2012-10-06 12:56:43'
p134
F21344.599999999999
tp135
a(S'c4:3d:c7:b0:ca:b6'
p136
S'4.71.254.153'
p137
S'76.97.68.93'
p138
S'2012-10-06 17:16:44'
p139
F0.0
tp140
a(S'c4:3d:c7:b0:ca:b6'
p141
S'4.71.254.153'
p142
S'76.97.68.93'
p143
S'2012-10-06 19:36:42'
p144
F21575.400000000001
tp145
a(S'c4:3d:c7:b0:ca:b6'
p146
S'4.71.254.153'
p147
S'76.97.68.93'
p148
S'2012-10-06 23:56:46'
p149
F0.0
tp150
a(S'c4:3d:c7:b0:ca:b6'
p151
S'4.71.254.140'
p152
S'76.97.68.93'
p153
S'2012-10-07 04:16:45'
p154
F21158.099999999999
tp155
a(S'c4:3d:c7:b0:ca:b6'
p156
S'4.71.254.153'
p157
S'76.97.68.93'
p158
S'2012-10-07 17:38:36'
p159
F0.0
tp160
a(S'c4:3d:c7:b0:ca:b6'
p161
S'4.71.254.140'
p162
S'76.97.68.93'
p163
S'2012-10-07 22:16:41'
p164
F23190.099999999999
tp165
a(S'c4:3d:c7:b0:ca:b6'
p166
S'4.71.254.153'
p167
S'76.97.68.93'
p168
S'2012-10-08 00:36:43'
p169
F21564.0
tp170
a(S'c4:3d:c7:b0:ca:b6'
p171
S'4.71.254.153'
p172
S'76.97.68.93'
p173
S'2012-10-08 04:56:42'
p174
F22297.099999999999
tp175
a(S'c4:3d:c7:b0:ca:b6'
p176
S'4.71.254.153'
p177
S'76.97.68.93'
p178
S'2012-10-08 09:16:48'
p179
F0.0
tp180
a(S'c4:3d:c7:b0:ca:b6'
p181
S'4.71.254.153'
p182
S'76.97.68.93'
p183
S'2012-10-08 13:26:01'
p184
F0.0
tp185
a(S'c4:3d:c7:b0:ca:b6'
p186
S'4.71.254.140'
p187
S'76.97.68.93'
p188
S'2012-10-08 17:45:46'
p189
F20683.400000000001
tp190
a(S'c4:3d:c7:b0:ca:b6'
p191
S'4.71.254.140'
p192
S'76.97.68.93'
p193
S'2012-10-08 22:05:44'
p194
F20285.400000000001
tp195
a(S'c4:3d:c7:b0:ca:b6'
p196
S'4.71.254.140'
p197
S'76.97.68.93'
p198
S'2012-10-09 00:25:45'
p199
F21399.0
tp200
a(S'c4:3d:c7:b0:ca:b6'
p201
S'4.71.254.140'
p202
S'76.97.68.93'
p203
S'2012-10-09 04:45:45'
p204
F20378.700000000001
tp205
a(S'c4:3d:c7:b0:ca:b6'
p206
S'4.71.254.140'
p207
S'76.97.68.93'
p208
S'2012-10-09 09:05:45'
p209
F20321.099999999999
tp210
a(S'c4:3d:c7:b0:ca:b6'
p211
S'4.71.254.153'
p212
S'76.97.68.93'
p213
S'2012-10-09 13:26:00'
p214
F20331.099999999999
tp215
a(S'c4:3d:c7:b0:ca:b6'
p216
S'4.71.254.140'
p217
S'76.97.68.93'
p218
S'2012-10-09 17:45:44'
p219
F20342.799999999999
tp220
a(S'c4:3d:c7:b0:ca:b6'
p221
S'4.71.254.140'
p222
S'76.97.68.93'
p223
S'2012-10-09 22:05:44'
p224
F0.0
tp225
a(S'c4:3d:c7:b0:ca:b6'
p226
S'4.71.254.140'
p227
S'76.97.68.93'
p228
S'2012-10-10 00:25:45'
p229
F20081.200000000001
tp230
a(S'c4:3d:c7:b0:ca:b6'
p231
S'4.71.254.153'
p232
S'76.97.68.93'
p233
S'2012-10-10 04:45:44'
p234
F21197.299999999999
tp235
a(S'c4:3d:c7:b0:ca:b6'
p236
S'4.71.254.140'
p237
S'76.97.68.93'
p238
S'2012-10-10 19:47:46'
p239
F25105.099999999999
tp240
a(S'c4:3d:c7:b0:ca:b6'
p241
S'4.71.254.140'
p242
S'76.97.68.93'
p243
S'2012-10-11 00:07:46'
p244
F20079.299999999999
tp245
a(S'c4:3d:c7:b0:ca:b6'
p246
S'4.71.254.153'
p247
S'76.97.68.93'
p248
S'2012-10-11 04:28:01'
p249
F20074.400000000001
tp250
a(S'c4:3d:c7:b0:ca:b6'
p251
S'4.71.254.140'
p252
S'76.97.68.93'
p253
S'2012-10-11 08:47:44'
p254
F20048.5
tp255
a(S'c4:3d:c7:b0:ca:b6'
p256
S'4.71.254.140'
p257
S'76.97.68.93'
p258
S'2012-10-11 13:07:44'
p259
F20983.599999999999
tp260
a(S'c4:3d:c7:b0:ca:b6'
p261
S'4.71.254.140'
p262
S'76.97.68.93'
p263
S'2012-10-11 15:27:46'
p264
F0.0
tp265
a(S'c4:3d:c7:b0:ca:b6'
p266
S'4.71.254.140'
p267
S'76.97.68.93'
p268
S'2012-10-11 19:47:45'
p269
F0.0
tp270
a(S'c4:3d:c7:b0:ca:b6'
p271
S'4.71.254.140'
p272
S'76.97.68.93'
p273
S'2012-10-12 00:07:45'
p274
F20053.599999999999
tp275
a(S'c4:3d:c7:b0:ca:b6'
p276
S'4.71.254.153'
p277
S'76.97.68.93'
p278
S'2012-10-12 04:27:59'
p279
F21021.0
tp280
a(S'c4:3d:c7:b0:ca:b6'
p281
S'4.71.254.140'
p282
S'76.97.68.93'
p283
S'2012-10-12 08:47:44'
p284
F20340.0
tp285
a(S'c4:3d:c7:b0:ca:b6'
p286
S'4.71.254.140'
p287
S'76.97.68.93'
p288
S'2012-10-12 13:07:43'
p289
F20466.900000000001
tp290
a(S'c4:3d:c7:b0:ca:b6'
p291
S'4.71.254.140'
p292
S'76.97.68.93'
p293
S'2012-10-12 15:27:47'
p294
F20645.0
tp295
a(S'c4:3d:c7:b0:ca:b6'
p296
S'4.71.254.140'
p297
S'76.97.68.93'
p298
S'2012-10-12 19:47:44'
p299
F0.0
tp300
a(S'c4:3d:c7:b0:ca:b6'
p301
S'4.71.254.153'
p302
S'76.97.68.93'
p303
S'2012-10-13 00:07:43'
p304
F20249.599999999999
tp305
a(S'c4:3d:c7:b0:ca:b6'
p306
S'4.71.254.153'
p307
S'76.97.68.93'
p308
S'2012-10-13 04:27:58'
p309
F0.0
tp310
a(S'c4:3d:c7:b0:ca:b6'
p311
S'4.71.254.140'
p312
S'76.97.68.93'
p313
S'2012-10-13 08:47:44'
p314
F20383.599999999999
tp315
a(S'c4:3d:c7:b0:ca:b6'
p316
S'4.71.254.140'
p317
S'76.97.68.93'
p318
S'2012-10-13 15:27:43'
p319
F20445.799999999999
tp320
a(S'c4:3d:c7:b0:ca:b6'
p321
S'4.71.254.140'
p322
S'76.97.68.93'
p323
S'2012-10-13 19:47:44'
p324
F20450.0
tp325
a(S'c4:3d:c7:b0:ca:b6'
p326
S'4.71.254.153'
p327
S'76.97.68.93'
p328
S'2012-10-14 00:07:45'
p329
F0.0
tp330
a(S'c4:3d:c7:b0:ca:b6'
p331
S'4.71.254.153'
p332
S'76.97.68.93'
p333
S'2012-10-14 04:27:58'
p334
F20401.599999999999
tp335
a(S'c4:3d:c7:b0:ca:b6'
p336
S'4.71.254.140'
p337
S'76.97.68.93'
p338
S'2012-10-14 08:47:46'
p339
F0.0
tp340
a(S'c4:3d:c7:b0:ca:b6'
p341
S'4.71.254.140'
p342
S'76.97.68.93'
p343
S'2012-10-14 15:27:42'
p344
F20234.299999999999
tp345
a(S'c4:3d:c7:b0:ca:b6'
p346
S'4.71.254.140'
p347
S'76.97.68.93'
p348
S'2012-10-14 19:47:43'
p349
F20137.299999999999
tp350
a.