(lp0
(S'c4:3d:c7:9d:e0:f7'
p1
S'184.77.62.196'
p2
S'4.71.254.153'
p3
S'2012-10-02 03:02:05'
p4
F1393.9300000000001
tp5
a(S'c4:3d:c7:9d:e0:f7'
p6
S'184.77.62.196'
p7
S'4.71.254.140'
p8
S'2012-10-02 08:21:54'
p9
F1519.6900000000001
tp10
a(S'c4:3d:c7:9d:e0:f7'
p11
S'184.77.62.196'
p12
S'4.71.254.153'
p13
S'2012-10-02 12:42:02'
p14
F1523.5899999999999
tp15
a(S'c4:3d:c7:9d:e0:f7'
p16
S'184.77.62.196'
p17
S'4.71.254.153'
p18
S'2012-10-02 15:12:14'
p19
F1323.25
tp20
a(S'c4:3d:c7:9d:e0:f7'
p21
S'184.77.62.196'
p22
S'4.71.254.153'
p23
S'2012-10-02 21:12:02'
p24
F1455.22
tp25
a(S'c4:3d:c7:9d:e0:f7'
p26
S'184.77.62.196'
p27
S'4.71.254.153'
p28
S'2012-10-03 03:11:54'
p29
F1688.4400000000001
tp30
a(S'c4:3d:c7:9d:e0:f7'
p31
S'184.77.62.196'
p32
S'4.71.254.153'
p33
S'2012-10-03 05:37:14'
p34
F1310.5699999999999
tp35
a(S'c4:3d:c7:9d:e0:f7'
p36
S'184.77.62.196'
p37
S'4.71.254.140'
p38
S'2012-10-03 10:37:10'
p39
F1369.1199999999999
tp40
a(S'c4:3d:c7:9d:e0:f7'
p41
S'184.77.62.196'
p42
S'4.71.254.153'
p43
S'2012-10-03 15:06:55'
p44
F1572.6500000000001
tp45
a(S'c4:3d:c7:9d:e0:f7'
p46
S'184.77.62.196'
p47
S'4.71.254.140'
p48
S'2012-10-03 20:07:17'
p49
F1330.27
tp50
a(S'c4:3d:c7:9d:e0:f7'
p51
S'184.77.62.196'
p52
S'4.71.254.140'
p53
S'2012-10-04 00:27:14'
p54
F1588.25
tp55
a(S'c4:3d:c7:9d:e0:f7'
p56
S'184.77.62.196'
p57
S'4.71.254.140'
p58
S'2012-10-04 04:47:13'
p59
F1535.51
tp60
a(S'c4:3d:c7:9d:e0:f7'
p61
S'184.77.62.196'
p62
S'4.71.254.153'
p63
S'2012-10-04 07:07:26'
p64
F1886.1700000000001
tp65
a(S'c4:3d:c7:9d:e0:f7'
p66
S'184.77.62.196'
p67
S'4.71.254.153'
p68
S'2012-10-04 11:27:07'
p69
F1336.02
tp70
a(S'c4:3d:c7:9d:e0:f7'
p71
S'184.77.62.196'
p72
S'4.71.254.153'
p73
S'2012-10-04 15:46:40'
p74
F1681.1099999999999
tp75
a(S'c4:3d:c7:9d:e0:f7'
p76
S'184.77.62.196'
p77
S'4.71.254.153'
p78
S'2012-10-04 20:07:03'
p79
F1343.99
tp80
a(S'c4:3d:c7:9d:e0:f7'
p81
S'184.77.62.196'
p82
S'4.71.254.153'
p83
S'2012-10-05 00:27:00'
p84
F1364.72
tp85
a(S'c4:3d:c7:9d:e0:f7'
p86
S'184.77.62.196'
p87
S'4.71.254.153'
p88
S'2012-10-05 04:47:12'
p89
F1355.4300000000001
tp90
a(S'c4:3d:c7:9d:e0:f7'
p91
S'184.77.62.196'
p92
S'4.71.254.140'
p93
S'2012-10-05 07:07:14'
p94
F1645.03
tp95
a(S'c4:3d:c7:9d:e0:f7'
p96
S'184.77.62.196'
p97
S'4.71.254.153'
p98
S'2012-10-05 11:27:06'
p99
F1361.77
tp100
a(S'c4:3d:c7:9d:e0:f7'
p101
S'184.77.62.196'
p102
S'4.71.254.153'
p103
S'2012-10-05 15:47:22'
p104
F1751.47
tp105
a(S'c4:3d:c7:9d:e0:f7'
p106
S'184.77.62.196'
p107
S'4.71.254.153'
p108
S'2012-10-05 20:07:17'
p109
F1362.5799999999999
tp110
a(S'c4:3d:c7:9d:e0:f7'
p111
S'184.77.62.196'
p112
S'4.71.254.153'
p113
S'2012-10-06 00:26:55'
p114
F1532.96
tp115
a(S'c4:3d:c7:9d:e0:f7'
p116
S'184.77.62.196'
p117
S'4.71.254.153'
p118
S'2012-10-06 04:46:56'
p119
F1332.8800000000001
tp120
a(S'c4:3d:c7:9d:e0:f7'
p121
S'184.77.62.196'
p122
S'4.71.254.153'
p123
S'2012-10-06 07:07:11'
p124
F1542.24
tp125
a(S'c4:3d:c7:9d:e0:f7'
p126
S'184.77.62.196'
p127
S'4.71.254.153'
p128
S'2012-10-06 11:47:20'
p129
F1609.29
tp130
a(S'c4:3d:c7:9d:e0:f7'
p131
S'184.77.62.196'
p132
S'4.71.254.153'
p133
S'2012-10-06 16:17:10'
p134
F1274.72
tp135
a(S'c4:3d:c7:9d:e0:f7'
p136
S'184.77.62.196'
p137
S'4.71.254.153'
p138
S'2012-10-06 20:57:07'
p139
F1612.5799999999999
tp140
a(S'c4:3d:c7:9d:e0:f7'
p141
S'184.77.62.196'
p142
S'4.71.254.140'
p143
S'2012-10-07 17:49:52'
p144
F1704.6600000000001
tp145
a(S'c4:3d:c7:9d:e0:f7'
p146
S'184.77.62.196'
p147
S'4.71.254.140'
p148
S'2012-10-07 23:10:09'
p149
F1162.6600000000001
tp150
a(S'c4:3d:c7:9d:e0:f7'
p151
S'184.77.62.196'
p152
S'4.71.254.153'
p153
S'2012-10-08 03:30:06'
p154
F1563.95
tp155
a(S'c4:3d:c7:9d:e0:f7'
p156
S'184.77.62.196'
p157
S'4.71.254.153'
p158
S'2012-10-08 07:49:56'
p159
F1437.6900000000001
tp160
a(S'c4:3d:c7:9d:e0:f7'
p161
S'184.77.62.196'
p162
S'4.71.254.140'
p163
S'2012-10-08 10:10:33'
p164
F1375.71
tp165
a(S'c4:3d:c7:9d:e0:f7'
p166
S'184.77.62.196'
p167
S'4.71.254.140'
p168
S'2012-10-08 14:29:06'
p169
F1659.1300000000001
tp170
a(S'c4:3d:c7:9d:e0:f7'
p171
S'184.77.62.196'
p172
S'4.71.254.140'
p173
S'2012-10-08 23:49:05'
p174
F1583.1199999999999
tp175
a(S'c4:3d:c7:9d:e0:f7'
p176
S'184.77.62.196'
p177
S'4.71.254.140'
p178
S'2012-10-09 04:29:15'
p179
F1348.3199999999999
tp180
a(S'c4:3d:c7:9d:e0:f7'
p181
S'184.77.62.196'
p182
S'4.71.254.153'
p183
S'2012-10-09 10:09:11'
p184
F1304.9400000000001
tp185
a(S'c4:3d:c7:9d:e0:f7'
p186
S'184.77.62.196'
p187
S'4.71.254.140'
p188
S'2012-10-09 12:29:26'
p189
F1759.0799999999999
tp190
a(S'c4:3d:c7:9d:e0:f7'
p191
S'184.77.62.196'
p192
S'4.71.254.140'
p193
S'2012-10-09 16:48:56'
p194
F1571.47
tp195
a(S'c4:3d:c7:9d:e0:f7'
p196
S'184.77.62.196'
p197
S'4.71.254.153'
p198
S'2012-10-09 21:08:51'
p199
F1802.75
tp200
a(S'c4:3d:c7:9d:e0:f7'
p201
S'184.77.62.196'
p202
S'4.71.254.140'
p203
S'2012-10-10 01:28:58'
p204
F1574.6500000000001
tp205
a(S'c4:3d:c7:9d:e0:f7'
p206
S'184.77.62.196'
p207
S'4.71.254.153'
p208
S'2012-10-10 05:49:10'
p209
F1573.6199999999999
tp210
a(S'c4:3d:c7:9d:e0:f7'
p211
S'184.77.62.196'
p212
S'4.71.254.140'
p213
S'2012-10-10 19:53:19'
p214
F1530.46
tp215
a(S'c4:3d:c7:9d:e0:f7'
p216
S'184.77.62.196'
p217
S'4.71.254.153'
p218
S'2012-10-11 00:13:04'
p219
F1559.9000000000001
tp220
a(S'c4:3d:c7:9d:e0:f7'
p221
S'184.77.62.196'
p222
S'4.71.254.153'
p223
S'2012-10-11 04:33:56'
p224
F1657.8099999999999
tp225
a(S'c4:3d:c7:9d:e0:f7'
p226
S'184.77.62.196'
p227
S'4.71.254.153'
p228
S'2012-10-11 08:53:07'
p229
F1257.6199999999999
tp230
a(S'c4:3d:c7:9d:e0:f7'
p231
S'184.77.62.196'
p232
S'4.71.254.140'
p233
S'2012-10-11 13:13:08'
p234
F1627.4400000000001
tp235
a(S'c4:3d:c7:9d:e0:f7'
p236
S'184.77.62.196'
p237
S'4.71.254.140'
p238
S'2012-10-11 17:33:11'
p239
F1427.74
tp240
a(S'c4:3d:c7:9d:e0:f7'
p241
S'184.77.62.196'
p242
S'4.71.254.153'
p243
S'2012-10-11 19:53:10'
p244
F1416.26
tp245
a(S'c4:3d:c7:9d:e0:f7'
p246
S'184.77.62.196'
p247
S'4.71.254.140'
p248
S'2012-10-12 00:13:16'
p249
F1285.0699999999999
tp250
a(S'c4:3d:c7:9d:e0:f7'
p251
S'184.77.62.196'
p252
S'4.71.254.140'
p253
S'2012-10-12 04:32:50'
p254
F1205.1600000000001
tp255
a(S'c4:3d:c7:9d:e0:f7'
p256
S'184.77.62.196'
p257
S'4.71.254.153'
p258
S'2012-10-12 08:53:03'
p259
F1395.7
tp260
a(S'c4:3d:c7:9d:e0:f7'
p261
S'184.77.62.196'
p262
S'4.71.254.153'
p263
S'2012-10-12 13:13:04'
p264
F1693.5599999999999
tp265
a(S'c4:3d:c7:9d:e0:f7'
p266
S'184.77.62.196'
p267
S'4.71.254.153'
p268
S'2012-10-12 17:33:10'
p269
F1637.9400000000001
tp270
a(S'c4:3d:c7:9d:e0:f7'
p271
S'184.77.62.196'
p272
S'4.71.254.153'
p273
S'2012-10-12 19:53:21'
p274
F1577.3499999999999
tp275
a(S'c4:3d:c7:9d:e0:f7'
p276
S'184.77.62.196'
p277
S'4.71.254.153'
p278
S'2012-10-13 00:13:02'
p279
F1660.8800000000001
tp280
a(S'c4:3d:c7:9d:e0:f7'
p281
S'184.77.62.196'
p282
S'4.71.254.140'
p283
S'2012-10-13 04:32:39'
p284
F1722.8800000000001
tp285
a(S'c4:3d:c7:9d:e0:f7'
p286
S'184.77.62.196'
p287
S'4.71.254.153'
p288
S'2012-10-13 08:23:05'
p289
F1569.77
tp290
a(S'c4:3d:c7:9d:e0:f7'
p291
S'184.77.62.196'
p292
S'4.71.254.140'
p293
S'2012-10-13 16:53:08'
p294
F1489.27
tp295
a(S'c4:3d:c7:9d:e0:f7'
p296
S'184.77.62.196'
p297
S'4.71.254.140'
p298
S'2012-10-13 19:12:41'
p299
F1417.45
tp300
a(S'c4:3d:c7:9d:e0:f7'
p301
S'184.77.62.196'
p302
S'4.71.254.153'
p303
S'2012-10-13 23:22:56'
p304
F1273.8399999999999
tp305
a(S'c4:3d:c7:9d:e0:f7'
p306
S'184.77.62.196'
p307
S'4.71.254.153'
p308
S'2012-10-14 03:32:38'
p309
F1737.5899999999999
tp310
a(S'c4:3d:c7:9d:e0:f7'
p311
S'184.77.62.196'
p312
S'4.71.254.153'
p313
S'2012-10-14 08:13:00'
p314
F1327.8499999999999
tp315
a(S'c4:3d:c7:9d:e0:f7'
p316
S'184.77.62.196'
p317
S'4.71.254.153'
p318
S'2012-10-14 12:52:05'
p319
F1654.3
tp320
a(S'c4:3d:c7:9d:e0:f7'
p321
S'184.77.62.196'
p322
S'4.71.254.140'
p323
S'2012-10-14 17:22:04'
p324
F1421.74
tp325
a(S'c4:3d:c7:9d:e0:f7'
p326
S'184.77.62.196'
p327
S'4.71.254.153'
p328
S'2012-10-14 19:42:50'
p329
F1656.8699999999999
tp330
a.