(lp0
(S'c4:3d:c7:a3:7c:4c'
p1
S'71.56.54.117'
p2
S'4.71.254.140'
p3
S'2012-10-02 00:50:43'
p4
F4312.9499999999998
tp5
a(S'c4:3d:c7:a3:7c:4c'
p6
S'71.56.54.117'
p7
S'4.71.254.153'
p8
S'2012-10-02 05:10:39'
p9
F4224.8299999999999
tp10
a(S'c4:3d:c7:a3:7c:4c'
p11
S'71.56.54.117'
p12
S'4.71.254.140'
p13
S'2012-10-02 09:30:41'
p14
F4273.5600000000004
tp15
a(S'c4:3d:c7:a3:7c:4c'
p16
S'71.56.54.117'
p17
S'4.71.254.153'
p18
S'2012-10-02 13:50:37'
p19
F4225.5500000000002
tp20
a(S'c4:3d:c7:a3:7c:4c'
p21
S'71.56.54.117'
p22
S'4.71.254.140'
p23
S'2012-10-02 18:10:38'
p24
F4391.46
tp25
a(S'c4:3d:c7:a3:7c:4c'
p26
S'71.56.54.117'
p27
S'4.71.254.140'
p28
S'2012-10-02 20:30:51'
p29
F4223.6599999999999
tp30
a(S'c4:3d:c7:a3:7c:4c'
p31
S'71.56.54.117'
p32
S'4.71.254.140'
p33
S'2012-10-03 00:50:38'
p34
F4281.0500000000002
tp35
a(S'c4:3d:c7:a3:7c:4c'
p36
S'71.56.54.117'
p37
S'4.71.254.153'
p38
S'2012-10-03 05:10:41'
p39
F4269.8000000000002
tp40
a(S'c4:3d:c7:a3:7c:4c'
p41
S'71.56.54.117'
p42
S'4.71.254.153'
p43
S'2012-10-03 09:30:41'
p44
F4356.8999999999996
tp45
a(S'c4:3d:c7:a3:7c:4c'
p46
S'71.56.54.117'
p47
S'4.71.254.153'
p48
S'2012-10-03 13:50:37'
p49
F4260.5100000000002
tp50
a(S'c4:3d:c7:a3:7c:4c'
p51
S'71.56.54.117'
p52
S'4.71.254.153'
p53
S'2012-10-03 18:10:42'
p54
F4242.5299999999997
tp55
a(S'c4:3d:c7:a3:7c:4c'
p56
S'71.56.54.117'
p57
S'4.71.254.153'
p58
S'2012-10-03 20:30:51'
p59
F4307.3699999999999
tp60
a(S'c4:3d:c7:a3:7c:4c'
p61
S'71.56.54.117'
p62
S'4.71.254.140'
p63
S'2012-10-04 00:50:44'
p64
F4359.0500000000002
tp65
a(S'c4:3d:c7:a3:7c:4c'
p66
S'71.56.54.117'
p67
S'4.71.254.140'
p68
S'2012-10-04 05:10:44'
p69
F4215.1899999999996
tp70
a(S'c4:3d:c7:a3:7c:4c'
p71
S'71.56.54.117'
p72
S'4.71.254.153'
p73
S'2012-10-04 09:30:39'
p74
F4211.4799999999996
tp75
a(S'c4:3d:c7:a3:7c:4c'
p76
S'71.56.54.117'
p77
S'4.71.254.140'
p78
S'2012-10-04 13:50:37'
p79
F4265.6199999999999
tp80
a(S'c4:3d:c7:a3:7c:4c'
p81
S'71.56.54.117'
p82
S'4.71.254.153'
p83
S'2012-10-04 18:10:44'
p84
F4240.2200000000003
tp85
a(S'c4:3d:c7:a3:7c:4c'
p86
S'71.56.54.117'
p87
S'4.71.254.153'
p88
S'2012-10-04 20:30:55'
p89
F4299.1499999999996
tp90
a(S'c4:3d:c7:a3:7c:4c'
p91
S'71.56.54.117'
p92
S'4.71.254.140'
p93
S'2012-10-05 00:50:41'
p94
F4428.1999999999998
tp95
a(S'c4:3d:c7:a3:7c:4c'
p96
S'71.56.54.117'
p97
S'4.71.254.153'
p98
S'2012-10-05 05:10:43'
p99
F4350.4799999999996
tp100
a(S'c4:3d:c7:a3:7c:4c'
p101
S'71.56.54.117'
p102
S'4.71.254.140'
p103
S'2012-10-05 09:30:42'
p104
F4266.29
tp105
a(S'c4:3d:c7:a3:7c:4c'
p106
S'71.56.54.117'
p107
S'4.71.254.140'
p108
S'2012-10-05 13:50:41'
p109
F4510.7200000000003
tp110
a(S'c4:3d:c7:a3:7c:4c'
p111
S'71.56.54.117'
p112
S'4.71.254.140'
p113
S'2012-10-05 18:10:42'
p114
F4311.7299999999996
tp115
a(S'c4:3d:c7:a3:7c:4c'
p116
S'71.56.54.117'
p117
S'4.71.254.153'
p118
S'2012-10-05 20:30:56'
p119
F4230.6800000000003
tp120
a(S'c4:3d:c7:a3:7c:4c'
p121
S'71.56.54.117'
p122
S'4.71.254.153'
p123
S'2012-10-06 00:50:43'
p124
F4267.7299999999996
tp125
a(S'c4:3d:c7:a3:7c:4c'
p126
S'71.56.54.117'
p127
S'4.71.254.153'
p128
S'2012-10-06 05:10:43'
p129
F4289.4099999999999
tp130
a(S'c4:3d:c7:a3:7c:4c'
p131
S'71.56.54.117'
p132
S'4.71.254.140'
p133
S'2012-10-06 09:30:42'
p134
F4264.46
tp135
a(S'c4:3d:c7:a3:7c:4c'
p136
S'71.56.54.117'
p137
S'4.71.254.140'
p138
S'2012-10-06 13:50:41'
p139
F4264.3400000000001
tp140
a(S'c4:3d:c7:a3:7c:4c'
p141
S'71.56.54.117'
p142
S'4.71.254.140'
p143
S'2012-10-06 18:10:40'
p144
F4201.3299999999999
tp145
a(S'c4:3d:c7:a3:7c:4c'
p146
S'71.56.54.117'
p147
S'4.71.254.153'
p148
S'2012-10-06 20:30:55'
p149
F4400.0100000000002
tp150
a(S'c4:3d:c7:a3:7c:4c'
p151
S'71.56.54.117'
p152
S'4.71.254.140'
p153
S'2012-10-07 01:10:40'
p154
F4216.4099999999999
tp155
a(S'c4:3d:c7:a3:7c:4c'
p156
S'71.56.54.117'
p157
S'4.71.254.140'
p158
S'2012-10-07 05:49:45'
p159
F4267.79
tp160
a(S'c4:3d:c7:a3:7c:4c'
p161
S'71.56.54.117'
p162
S'4.71.254.140'
p163
S'2012-10-07 10:09:40'
p164
F4399.3000000000002
tp165
a(S'c4:3d:c7:a3:7c:4c'
p166
S'71.56.54.117'
p167
S'4.71.254.153'
p168
S'2012-10-07 17:51:34'
p169
F0.0
tp170
a(S'c4:3d:c7:a3:7c:4c'
p171
S'71.56.54.117'
p172
S'4.71.254.140'
p173
S'2012-10-07 22:19:41'
p174
F4306.04
tp175
a(S'c4:3d:c7:a3:7c:4c'
p176
S'71.56.54.117'
p177
S'4.71.254.153'
p178
S'2012-10-08 00:39:55'
p179
F4323.2799999999997
tp180
a(S'c4:3d:c7:a3:7c:4c'
p181
S'71.56.54.117'
p182
S'4.71.254.140'
p183
S'2012-10-08 04:59:43'
p184
F2834.5900000000001
tp185
a(S'c4:3d:c7:a3:7c:4c'
p186
S'71.56.54.117'
p187
S'4.71.254.153'
p188
S'2012-10-08 09:19:54'
p189
F4351.3800000000001
tp190
a(S'c4:3d:c7:a3:7c:4c'
p191
S'71.56.54.117'
p192
S'4.71.254.153'
p193
S'2012-10-08 13:39:39'
p194
F4278.4799999999996
tp195
a(S'c4:3d:c7:a3:7c:4c'
p196
S'71.56.54.117'
p197
S'4.71.254.153'
p198
S'2012-10-08 17:59:43'
p199
F4325.7299999999996
tp200
a(S'c4:3d:c7:a3:7c:4c'
p201
S'71.56.54.117'
p202
S'4.71.254.140'
p203
S'2012-10-08 22:19:53'
p204
F4257.4499999999998
tp205
a(S'c4:3d:c7:a3:7c:4c'
p206
S'71.56.54.117'
p207
S'4.71.254.140'
p208
S'2012-10-09 00:39:59'
p209
F4261.3299999999999
tp210
a(S'c4:3d:c7:a3:7c:4c'
p211
S'71.56.54.117'
p212
S'4.71.254.140'
p213
S'2012-10-09 04:59:43'
p214
F4239.9899999999998
tp215
a(S'c4:3d:c7:a3:7c:4c'
p216
S'71.56.54.117'
p217
S'4.71.254.140'
p218
S'2012-10-09 09:19:42'
p219
F4308.29
tp220
a(S'c4:3d:c7:a3:7c:4c'
p221
S'71.56.54.117'
p222
S'4.71.254.153'
p223
S'2012-10-09 13:39:40'
p224
F4231.2700000000004
tp225
a(S'c4:3d:c7:a3:7c:4c'
p226
S'71.56.54.117'
p227
S'4.71.254.153'
p228
S'2012-10-09 17:59:43'
p229
F4264.8699999999999
tp230
a(S'c4:3d:c7:a3:7c:4c'
p231
S'71.56.54.117'
p232
S'4.71.254.140'
p233
S'2012-10-09 22:19:41'
p234
F4232.9499999999998
tp235
a(S'c4:3d:c7:a3:7c:4c'
p236
S'71.56.54.117'
p237
S'4.71.254.140'
p238
S'2012-10-10 00:39:56'
p239
F4241.0
tp240
a(S'c4:3d:c7:a3:7c:4c'
p241
S'71.56.54.117'
p242
S'4.71.254.153'
p243
S'2012-10-10 04:59:43'
p244
F4320.3100000000004
tp245
a(S'c4:3d:c7:a3:7c:4c'
p246
S'71.56.54.117'
p247
S'4.71.254.140'
p248
S'2012-10-11 00:21:41'
p249
F4147.0500000000002
tp250
a(S'c4:3d:c7:a3:7c:4c'
p251
S'71.56.54.117'
p252
S'4.71.254.140'
p253
S'2012-10-11 04:41:43'
p254
F4188.0600000000004
tp255
a(S'c4:3d:c7:a3:7c:4c'
p256
S'71.56.54.117'
p257
S'4.71.254.140'
p258
S'2012-10-11 09:01:43'
p259
F4307.8199999999997
tp260
a(S'c4:3d:c7:a3:7c:4c'
p261
S'71.56.54.117'
p262
S'4.71.254.153'
p263
S'2012-10-11 11:21:55'
p264
F4226.9899999999998
tp265
a(S'c4:3d:c7:a3:7c:4c'
p266
S'71.56.54.117'
p267
S'4.71.254.153'
p268
S'2012-10-11 15:41:49'
p269
F4280.1700000000001
tp270
a(S'c4:3d:c7:a3:7c:4c'
p271
S'71.56.54.117'
p272
S'4.71.254.140'
p273
S'2012-10-11 20:01:44'
p274
F4369.8500000000004
tp275
a(S'c4:3d:c7:a3:7c:4c'
p276
S'71.56.54.117'
p277
S'4.71.254.140'
p278
S'2012-10-12 00:21:41'
p279
F4234.9399999999996
tp280
a(S'c4:3d:c7:a3:7c:4c'
p281
S'71.56.54.117'
p282
S'4.71.254.153'
p283
S'2012-10-12 04:20:44'
p284
F4225.46
tp285
a(S'c4:3d:c7:a3:7c:4c'
p286
S'71.56.54.117'
p287
S'4.71.254.140'
p288
S'2012-10-12 08:10:44'
p289
F4221.4799999999996
tp290
a(S'c4:3d:c7:a3:7c:4c'
p291
S'71.56.54.117'
p292
S'4.71.254.140'
p293
S'2012-10-12 10:30:57'
p294
F4211.3299999999999
tp295
a(S'c4:3d:c7:a3:7c:4c'
p296
S'71.56.54.117'
p297
S'4.71.254.140'
p298
S'2012-10-12 14:50:41'
p299
F4373.6000000000004
tp300
a(S'c4:3d:c7:a3:7c:4c'
p301
S'71.56.54.117'
p302
S'4.71.254.140'
p303
S'2012-10-12 19:10:45'
p304
F4301.5699999999997
tp305
a(S'c4:3d:c7:a3:7c:4c'
p306
S'71.56.54.117'
p307
S'4.71.254.153'
p308
S'2012-10-12 23:30:40'
p309
F4254.8199999999997
tp310
a(S'c4:3d:c7:a3:7c:4c'
p311
S'71.56.54.117'
p312
S'4.71.254.140'
p313
S'2012-10-13 03:50:42'
p314
F4231.96
tp315
a(S'c4:3d:c7:a3:7c:4c'
p316
S'71.56.54.117'
p317
S'4.71.254.140'
p318
S'2012-10-13 08:10:43'
p319
F4308.3000000000002
tp320
a(S'c4:3d:c7:a3:7c:4c'
p321
S'71.56.54.117'
p322
S'4.71.254.153'
p323
S'2012-10-13 10:30:55'
p324
F4225.4499999999998
tp325
a(S'c4:3d:c7:a3:7c:4c'
p326
S'71.56.54.117'
p327
S'4.71.254.140'
p328
S'2012-10-13 14:50:54'
p329
F4386.6099999999997
tp330
a(S'c4:3d:c7:a3:7c:4c'
p331
S'71.56.54.117'
p332
S'4.71.254.153'
p333
S'2012-10-13 19:10:45'
p334
F4317.1499999999996
tp335
a(S'c4:3d:c7:a3:7c:4c'
p336
S'71.56.54.117'
p337
S'4.71.254.153'
p338
S'2012-10-13 23:31:11'
p339
F3818.3499999999999
tp340
a(S'c4:3d:c7:a3:7c:4c'
p341
S'71.56.54.117'
p342
S'4.71.254.153'
p343
S'2012-10-14 03:50:44'
p344
F4335.2399999999998
tp345
a(S'c4:3d:c7:a3:7c:4c'
p346
S'71.56.54.117'
p347
S'4.71.254.153'
p348
S'2012-10-14 10:30:57'
p349
F4300.3500000000004
tp350
a(S'c4:3d:c7:a3:7c:4c'
p351
S'71.56.54.117'
p352
S'4.71.254.140'
p353
S'2012-10-14 14:50:52'
p354
F4218.3500000000004
tp355
a(S'c4:3d:c7:a3:7c:4c'
p356
S'71.56.54.117'
p357
S'4.71.254.140'
p358
S'2012-10-14 19:10:58'
p359
F4256.7200000000003
tp360
a(S'c4:3d:c7:a3:7c:4c'
p361
S'71.56.54.117'
p362
S'4.71.254.153'
p363
S'2012-10-14 23:30:39'
p364
F4325.7700000000004
tp365
a.