(lp0
(S'c4:3d:c7:8e:e0:81'
p1
S'108.203.55.66'
p2
S'64.9.225.140'
p3
S'2012-10-02 02:57:39'
p4
F0.0
tp5
a(S'c4:3d:c7:8e:e0:81'
p6
S'108.203.55.66'
p7
S'64.9.225.183'
p8
S'2012-10-02 08:59:00'
p9
F0.0
tp10
a(S'c4:3d:c7:8e:e0:81'
p11
S'108.203.55.66'
p12
S'64.9.225.140'
p13
S'2012-10-02 13:39:11'
p14
F0.0
tp15
a(S'c4:3d:c7:8e:e0:81'
p16
S'108.203.55.66'
p17
S'64.9.225.161'
p18
S'2012-10-02 17:57:29'
p19
F0.0
tp20
a(S'c4:3d:c7:8e:e0:81'
p21
S'108.203.55.66'
p22
S'64.9.225.161'
p23
S'2012-10-02 22:17:33'
p24
F2189.79
tp25
a(S'c4:3d:c7:8e:e0:81'
p26
S'108.203.55.66'
p27
S'64.9.225.140'
p28
S'2012-10-03 00:38:05'
p29
F2314.4099999999999
tp30
a(S'c4:3d:c7:8e:e0:81'
p31
S'108.203.55.66'
p32
S'64.9.225.161'
p33
S'2012-10-03 04:57:40'
p34
F1777.6099999999999
tp35
a(S'c4:3d:c7:8e:e0:81'
p36
S'108.203.55.66'
p37
S'64.9.225.183'
p38
S'2012-10-03 09:17:35'
p39
F0.0
tp40
a(S'c4:3d:c7:8e:e0:81'
p41
S'108.203.55.66'
p42
S'64.9.225.161'
p43
S'2012-10-03 13:37:48'
p44
F2312.8200000000002
tp45
a(S'c4:3d:c7:8e:e0:81'
p46
S'108.203.55.66'
p47
S'64.9.225.183'
p48
S'2012-10-03 17:57:08'
p49
F0.0
tp50
a(S'c4:3d:c7:8e:e0:81'
p51
S'108.203.55.66'
p52
S'64.9.225.161'
p53
S'2012-10-03 22:17:39'
p54
F2102.54
tp55
a(S'c4:3d:c7:8e:e0:81'
p56
S'108.203.55.66'
p57
S'64.9.225.183'
p58
S'2012-10-04 00:37:22'
p59
F0.0
tp60
a(S'c4:3d:c7:8e:e0:81'
p61
S'108.203.55.66'
p62
S'64.9.225.170'
p63
S'2012-10-04 04:57:36'
p64
F2107.8099999999999
tp65
a(S'c4:3d:c7:8e:e0:81'
p66
S'108.203.55.66'
p67
S'64.9.225.140'
p68
S'2012-10-04 09:18:33'
p69
F854.79999999999995
tp70
a(S'c4:3d:c7:8e:e0:81'
p71
S'108.203.55.66'
p72
S'64.9.225.183'
p73
S'2012-10-04 13:37:15'
p74
F0.0
tp75
a(S'c4:3d:c7:8e:e0:81'
p76
S'108.203.55.66'
p77
S'64.9.225.161'
p78
S'2012-10-04 17:57:39'
p79
F977.5
tp80
a(S'c4:3d:c7:8e:e0:81'
p81
S'108.203.55.66'
p82
S'64.9.225.170'
p83
S'2012-10-04 22:17:48'
p84
F1267.8299999999999
tp85
a(S'c4:3d:c7:8e:e0:81'
p86
S'108.203.55.66'
p87
S'64.9.225.161'
p88
S'2012-10-05 00:38:06'
p89
F1189.48
tp90
a(S'c4:3d:c7:8e:e0:81'
p91
S'108.203.55.66'
p92
S'64.9.225.161'
p93
S'2012-10-05 04:57:39'
p94
F2145.6399999999999
tp95
a(S'c4:3d:c7:8e:e0:81'
p96
S'108.203.55.66'
p97
S'64.9.225.161'
p98
S'2012-10-05 09:18:09'
p99
F2038.8
tp100
a(S'c4:3d:c7:8e:e0:81'
p101
S'108.203.55.66'
p102
S'64.9.225.170'
p103
S'2012-10-05 13:37:40'
p104
F1370.99
tp105
a(S'c4:3d:c7:8e:e0:81'
p106
S'108.203.55.66'
p107
S'64.9.225.170'
p108
S'2012-10-05 17:57:39'
p109
F1126.6199999999999
tp110
a(S'c4:3d:c7:8e:e0:81'
p111
S'108.203.55.66'
p112
S'64.9.225.140'
p113
S'2012-10-05 22:17:33'
p114
F1153.8699999999999
tp115
a(S'c4:3d:c7:8e:e0:81'
p116
S'108.203.55.66'
p117
S'64.9.225.170'
p118
S'2012-10-06 00:38:01'
p119
F941.73000000000002
tp120
a(S'c4:3d:c7:8e:e0:81'
p121
S'108.203.55.66'
p122
S'64.9.225.183'
p123
S'2012-10-06 04:57:14'
p124
F0.0
tp125
a(S'c4:3d:c7:8e:e0:81'
p126
S'108.203.55.66'
p127
S'64.9.225.161'
p128
S'2012-10-06 09:18:18'
p129
F2448.3000000000002
tp130
a(S'c4:3d:c7:8e:e0:81'
p131
S'108.203.55.66'
p132
S'64.9.225.170'
p133
S'2012-10-06 13:37:46'
p134
F2100.7399999999998
tp135
a(S'c4:3d:c7:8e:e0:81'
p136
S'108.203.55.66'
p137
S'64.9.225.140'
p138
S'2012-10-06 17:56:52'
p139
F1981.4400000000001
tp140
a(S'c4:3d:c7:8e:e0:81'
p141
S'108.203.55.66'
p142
S'64.9.225.183'
p143
S'2012-10-06 22:17:17'
p144
F0.0
tp145
a(S'c4:3d:c7:8e:e0:81'
p146
S'108.203.55.66'
p147
S'64.9.225.170'
p148
S'2012-10-07 01:07:03'
p149
F2379.3000000000002
tp150
a(S'c4:3d:c7:8e:e0:81'
p151
S'108.203.55.66'
p152
S'64.9.225.140'
p153
S'2012-10-07 06:26:58'
p154
F1828.3199999999999
tp155
a(S'c4:3d:c7:8e:e0:81'
p156
S'108.203.55.66'
p157
S'64.9.225.140'
p158
S'2012-10-07 11:47:23'
p159
F2073.3299999999999
tp160
a(S'c4:3d:c7:8e:e0:81'
p161
S'108.203.55.66'
p162
S'64.9.225.161'
p163
S'2012-10-07 17:06:44'
p164
F1757.24
tp165
a(S'c4:3d:c7:8e:e0:81'
p166
S'108.203.55.66'
p167
S'64.9.225.170'
p168
S'2012-10-07 21:46:36'
p169
F2059.21
tp170
a(S'c4:3d:c7:8e:e0:81'
p171
S'108.203.55.66'
p172
S'64.9.225.183'
p173
S'2012-10-08 02:06:16'
p174
F0.0
tp175
a(S'c4:3d:c7:8e:e0:81'
p176
S'108.203.55.66'
p177
S'64.9.225.170'
p178
S'2012-10-08 04:26:52'
p179
F1938.4100000000001
tp180
a(S'c4:3d:c7:8e:e0:81'
p181
S'108.203.55.66'
p182
S'64.9.225.170'
p183
S'2012-10-08 08:46:49'
p184
F2138.3299999999999
tp185
a(S'c4:3d:c7:8e:e0:81'
p186
S'108.203.55.66'
p187
S'64.9.225.183'
p188
S'2012-10-08 13:06:52'
p189
F0.0
tp190
a(S'c4:3d:c7:8e:e0:81'
p191
S'108.203.55.66'
p192
S'64.9.225.170'
p193
S'2012-10-08 17:26:47'
p194
F2073.0100000000002
tp195
a(S'c4:3d:c7:8e:e0:81'
p196
S'108.203.55.66'
p197
S'64.9.225.140'
p198
S'2012-10-08 21:46:36'
p199
F1959.5699999999999
tp200
a(S'c4:3d:c7:8e:e0:81'
p201
S'108.203.55.66'
p202
S'64.9.225.170'
p203
S'2012-10-09 02:07:02'
p204
F2498.3699999999999
tp205
a(S'c4:3d:c7:8e:e0:81'
p206
S'108.203.55.66'
p207
S'64.9.225.170'
p208
S'2012-10-09 04:26:51'
p209
F1998.23
tp210
a(S'c4:3d:c7:8e:e0:81'
p211
S'108.203.55.66'
p212
S'64.9.225.140'
p213
S'2012-10-09 08:46:47'
p214
F2227.1300000000001
tp215
a(S'c4:3d:c7:8e:e0:81'
p216
S'108.203.55.66'
p217
S'64.9.225.161'
p218
S'2012-10-09 13:07:52'
p219
F2153.6900000000001
tp220
a(S'c4:3d:c7:8e:e0:81'
p221
S'108.203.55.66'
p222
S'64.9.225.140'
p223
S'2012-10-09 17:26:46'
p224
F2175.2600000000002
tp225
a(S'c4:3d:c7:8e:e0:81'
p226
S'108.203.55.66'
p227
S'64.9.225.183'
p228
S'2012-10-09 21:46:19'
p229
F0.0
tp230
a(S'c4:3d:c7:8e:e0:81'
p231
S'108.203.55.66'
p232
S'64.9.225.170'
p233
S'2012-10-10 02:06:48'
p234
F2202.1300000000001
tp235
a(S'c4:3d:c7:8e:e0:81'
p236
S'108.203.55.66'
p237
S'64.9.225.170'
p238
S'2012-10-10 04:26:48'
p239
F1932.22
tp240
a(S'c4:3d:c7:8e:e0:81'
p241
S'108.203.55.66'
p242
S'64.9.225.161'
p243
S'2012-10-10 13:06:57'
p244
F2173.4299999999998
tp245
a(S'c4:3d:c7:8e:e0:81'
p246
S'108.203.55.66'
p247
S'64.9.225.161'
p248
S'2012-10-10 08:46:38'
p249
F2194.5100000000002
tp250
a(S'c4:3d:c7:8e:e0:81'
p251
S'108.203.55.66'
p252
S'64.9.225.170'
p253
S'2012-10-11 02:26:58'
p254
F2200.98
tp255
a(S'c4:3d:c7:8e:e0:81'
p256
S'108.203.55.66'
p257
S'64.9.225.183'
p258
S'2012-10-11 05:06:15'
p259
F0.0
tp260
a(S'c4:3d:c7:8e:e0:81'
p261
S'108.203.55.66'
p262
S'64.9.225.161'
p263
S'2012-10-11 10:16:33'
p264
F1965.54
tp265
a(S'c4:3d:c7:8e:e0:81'
p266
S'108.203.55.66'
p267
S'64.9.225.140'
p268
S'2012-10-11 15:57:08'
p269
F2292.29
tp270
a(S'c4:3d:c7:8e:e0:81'
p271
S'108.203.55.66'
p272
S'64.9.225.170'
p273
S'2012-10-11 20:46:57'
p274
F2364.5
tp275
a(S'c4:3d:c7:8e:e0:81'
p276
S'108.203.55.66'
p277
S'64.9.225.140'
p278
S'2012-10-12 01:56:35'
p279
F2062.4699999999998
tp280
a(S'c4:3d:c7:8e:e0:81'
p281
S'108.203.55.66'
p282
S'64.9.225.140'
p283
S'2012-10-12 07:06:39'
p284
F2209.9699999999998
tp285
a(S'c4:3d:c7:8e:e0:81'
p286
S'108.203.55.66'
p287
S'64.9.225.161'
p288
S'2012-10-12 11:06:45'
p289
F2173.1199999999999
tp290
a(S'c4:3d:c7:8e:e0:81'
p291
S'108.203.55.66'
p292
S'64.9.225.161'
p293
S'2012-10-12 18:25:48'
p294
F2184.1500000000001
tp295
a(S'c4:3d:c7:8e:e0:81'
p296
S'108.203.55.66'
p297
S'64.9.225.170'
p298
S'2012-10-13 01:16:16'
p299
F2270.3400000000001
tp300
a(S'c4:3d:c7:8e:e0:81'
p301
S'108.203.55.66'
p302
S'64.9.225.170'
p303
S'2012-10-13 05:45:32'
p304
F2071.5
tp305
a(S'c4:3d:c7:8e:e0:81'
p306
S'108.203.55.66'
p307
S'64.9.225.170'
p308
S'2012-10-13 10:05:30'
p309
F1995.4200000000001
tp310
a(S'c4:3d:c7:8e:e0:81'
p311
S'108.203.55.66'
p312
S'64.9.225.183'
p313
S'2012-10-13 14:25:09'
p314
F0.0
tp315
a(S'c4:3d:c7:8e:e0:81'
p316
S'108.203.55.66'
p317
S'64.9.225.170'
p318
S'2012-10-13 16:46:02'
p319
F2245.8800000000001
tp320
a(S'c4:3d:c7:8e:e0:81'
p321
S'108.203.55.66'
p322
S'64.9.225.183'
p323
S'2012-10-13 21:05:14'
p324
F0.0
tp325
a(S'c4:3d:c7:8e:e0:81'
p326
S'108.203.55.66'
p327
S'64.9.225.183'
p328
S'2012-10-14 01:25:46'
p329
F0.0
tp330
a(S'c4:3d:c7:8e:e0:81'
p331
S'108.203.55.66'
p332
S'64.9.225.183'
p333
S'2012-10-14 05:45:06'
p334
F0.0
tp335
a(S'c4:3d:c7:8e:e0:81'
p336
S'108.203.55.66'
p337
S'64.9.225.140'
p338
S'2012-10-14 10:05:40'
p339
F2111.73
tp340
a(S'c4:3d:c7:8e:e0:81'
p341
S'108.203.55.66'
p342
S'64.9.225.140'
p343
S'2012-10-14 14:25:37'
p344
F1992.98
tp345
a(S'c4:3d:c7:8e:e0:81'
p346
S'108.203.55.66'
p347
S'64.9.225.161'
p348
S'2012-10-14 16:45:51'
p349
F1952.4400000000001
tp350
a(S'c4:3d:c7:8e:e0:81'
p351
S'108.203.55.66'
p352
S'64.9.225.140'
p353
S'2012-10-14 21:05:51'
p354
F1913.1099999999999
tp355
a.