(lp0
(S'c4:3d:c7:9b:5d:25'
p1
S'98.251.51.248'
p2
S'4.71.254.153'
p3
S'2012-10-02 03:06:39'
p4
F7512.9099999999999
tp5
a(S'c4:3d:c7:9b:5d:25'
p6
S'98.251.51.248'
p7
S'4.71.254.153'
p8
S'2012-10-02 05:26:56'
p9
F7518.4099999999999
tp10
a(S'c4:3d:c7:9b:5d:25'
p11
S'98.251.51.248'
p12
S'4.71.254.140'
p13
S'2012-10-02 09:46:37'
p14
F7402.8999999999996
tp15
a(S'c4:3d:c7:9b:5d:25'
p16
S'98.251.51.248'
p17
S'4.71.254.153'
p18
S'2012-10-02 14:06:38'
p19
F7447.46
tp20
a(S'c4:3d:c7:9b:5d:25'
p21
S'98.251.51.248'
p22
S'4.71.254.140'
p23
S'2012-10-02 18:26:41'
p24
F7414.5900000000001
tp25
a(S'c4:3d:c7:9b:5d:25'
p26
S'98.251.51.248'
p27
S'4.71.254.140'
p28
S'2012-10-02 22:46:40'
p29
F7161.8900000000003
tp30
a(S'c4:3d:c7:9b:5d:25'
p31
S'98.251.51.248'
p32
S'4.71.254.153'
p33
S'2012-10-03 02:46:37'
p34
F7252.8299999999999
tp35
a(S'c4:3d:c7:9b:5d:25'
p36
S'98.251.51.248'
p37
S'4.71.254.140'
p38
S'2012-10-03 05:05:50'
p39
F7388.79
tp40
a(S'c4:3d:c7:9b:5d:25'
p41
S'98.251.51.248'
p42
S'4.71.254.153'
p43
S'2012-10-03 09:25:38'
p44
F7471.9799999999996
tp45
a(S'c4:3d:c7:9b:5d:25'
p46
S'98.251.51.248'
p47
S'4.71.254.153'
p48
S'2012-10-03 13:45:41'
p49
F7568.4300000000003
tp50
a(S'c4:3d:c7:9b:5d:25'
p51
S'98.251.51.248'
p52
S'4.71.254.140'
p53
S'2012-10-03 18:05:41'
p54
F7592.0699999999997
tp55
a(S'c4:3d:c7:9b:5d:25'
p56
S'98.251.51.248'
p57
S'4.71.254.153'
p58
S'2012-10-03 22:25:43'
p59
F7508.8199999999997
tp60
a(S'c4:3d:c7:9b:5d:25'
p61
S'98.251.51.248'
p62
S'4.71.254.153'
p63
S'2012-10-04 02:45:42'
p64
F7327.0900000000001
tp65
a(S'c4:3d:c7:9b:5d:25'
p66
S'98.251.51.248'
p67
S'4.71.254.153'
p68
S'2012-10-04 05:05:55'
p69
F7608.6199999999999
tp70
a(S'c4:3d:c7:9b:5d:25'
p71
S'98.251.51.248'
p72
S'4.71.254.153'
p73
S'2012-10-04 09:25:43'
p74
F7611.8199999999997
tp75
a(S'c4:3d:c7:9b:5d:25'
p76
S'98.251.51.248'
p77
S'4.71.254.153'
p78
S'2012-10-04 13:45:44'
p79
F7463.8299999999999
tp80
a(S'c4:3d:c7:9b:5d:25'
p81
S'98.251.51.248'
p82
S'4.71.254.140'
p83
S'2012-10-04 18:05:39'
p84
F7555.3900000000003
tp85
a(S'c4:3d:c7:9b:5d:25'
p86
S'98.251.51.248'
p87
S'4.71.254.140'
p88
S'2012-10-04 22:25:43'
p89
F7463.4399999999996
tp90
a(S'c4:3d:c7:9b:5d:25'
p91
S'98.251.51.248'
p92
S'4.71.254.153'
p93
S'2012-10-05 02:45:42'
p94
F7484.8400000000001
tp95
a(S'c4:3d:c7:9b:5d:25'
p96
S'98.251.51.248'
p97
S'4.71.254.153'
p98
S'2012-10-05 05:05:56'
p99
F7534.9899999999998
tp100
a(S'c4:3d:c7:9b:5d:25'
p101
S'98.251.51.248'
p102
S'4.71.254.140'
p103
S'2012-10-05 09:25:44'
p104
F7395.21
tp105
a(S'c4:3d:c7:9b:5d:25'
p106
S'98.251.51.248'
p107
S'4.71.254.140'
p108
S'2012-10-05 13:45:44'
p109
F7528.2600000000002
tp110
a(S'c4:3d:c7:9b:5d:25'
p111
S'98.251.51.248'
p112
S'4.71.254.153'
p113
S'2012-10-05 18:05:41'
p114
F6983.1499999999996
tp115
a(S'c4:3d:c7:9b:5d:25'
p116
S'98.251.51.248'
p117
S'4.71.254.153'
p118
S'2012-10-05 22:25:42'
p119
F7471.6199999999999
tp120
a(S'c4:3d:c7:9b:5d:25'
p121
S'98.251.51.248'
p122
S'4.71.254.140'
p123
S'2012-10-06 02:45:44'
p124
F7521.3800000000001
tp125
a(S'c4:3d:c7:9b:5d:25'
p126
S'98.251.51.248'
p127
S'4.71.254.153'
p128
S'2012-10-06 05:05:57'
p129
F7515.9799999999996
tp130
a(S'c4:3d:c7:9b:5d:25'
p131
S'98.251.51.248'
p132
S'4.71.254.153'
p133
S'2012-10-06 09:25:42'
p134
F7619.3000000000002
tp135
a(S'c4:3d:c7:9b:5d:25'
p136
S'98.251.51.248'
p137
S'4.71.254.153'
p138
S'2012-10-06 13:45:57'
p139
F7544.0500000000002
tp140
a(S'c4:3d:c7:9b:5d:25'
p141
S'98.251.51.248'
p142
S'4.71.254.153'
p143
S'2012-10-06 18:05:40'
p144
F7476.0200000000004
tp145
a(S'c4:3d:c7:9b:5d:25'
p146
S'98.251.51.248'
p147
S'4.71.254.153'
p148
S'2012-10-06 22:25:41'
p149
F7496.2200000000003
tp150
a(S'c4:3d:c7:9b:5d:25'
p151
S'98.251.51.248'
p152
S'4.71.254.153'
p153
S'2012-10-07 02:45:42'
p154
F7598.8000000000002
tp155
a(S'c4:3d:c7:9b:5d:25'
p156
S'98.251.51.248'
p157
S'4.71.254.140'
p158
S'2012-10-07 05:05:54'
p159
F7502.3100000000004
tp160
a(S'c4:3d:c7:9b:5d:25'
p161
S'98.251.51.248'
p162
S'4.71.254.153'
p163
S'2012-10-07 14:27:35'
p164
F0.0
tp165
a(S'c4:3d:c7:9b:5d:25'
p166
S'98.251.51.248'
p167
S'4.71.254.153'
p168
S'2012-10-07 19:37:37'
p169
F0.0
tp170
a(S'c4:3d:c7:9b:5d:25'
p171
S'98.251.51.248'
p172
S'4.71.254.153'
p173
S'2012-10-08 00:05:39'
p174
F7483.6599999999999
tp175
a(S'c4:3d:c7:9b:5d:25'
p176
S'98.251.51.248'
p177
S'4.71.254.153'
p178
S'2012-10-08 04:25:42'
p179
F7556.3199999999997
tp180
a(S'c4:3d:c7:9b:5d:25'
p181
S'98.251.51.248'
p182
S'4.71.254.140'
p183
S'2012-10-08 08:45:42'
p184
F7405.5799999999999
tp185
a(S'c4:3d:c7:9b:5d:25'
p186
S'98.251.51.248'
p187
S'4.71.254.153'
p188
S'2012-10-08 11:05:56'
p189
F7452.5799999999999
tp190
a(S'c4:3d:c7:9b:5d:25'
p191
S'98.251.51.248'
p192
S'4.71.254.140'
p193
S'2012-10-08 15:25:41'
p194
F7449.7200000000003
tp195
a(S'c4:3d:c7:9b:5d:25'
p196
S'98.207.236.129'
p197
S'4.71.254.153'
p198
S'2012-10-14 23:59:01'
p199
F6351.9799999999996
tp200
a.