(lp0
(S'c4:3d:c7:b0:ca:b6'
p1
S'76.97.68.93'
p2
S'4.71.254.153'
p3
S'2012-10-02 01:36:49'
p4
F4129.1800000000003
tp5
a(S'c4:3d:c7:b0:ca:b6'
p6
S'76.97.68.93'
p7
S'4.71.254.140'
p8
S'2012-10-02 05:55:38'
p9
F4217.3199999999997
tp10
a(S'c4:3d:c7:b0:ca:b6'
p11
S'76.97.68.93'
p12
S'4.71.254.140'
p13
S'2012-10-02 08:15:49'
p14
F4252.2700000000004
tp15
a(S'c4:3d:c7:b0:ca:b6'
p16
S'76.97.68.93'
p17
S'4.71.254.140'
p18
S'2012-10-02 12:35:37'
p19
F4228.7700000000004
tp20
a(S'c4:3d:c7:b0:ca:b6'
p21
S'76.97.68.93'
p22
S'4.71.254.140'
p23
S'2012-10-02 16:55:39'
p24
F4260.6599999999999
tp25
a(S'c4:3d:c7:b0:ca:b6'
p26
S'76.97.68.93'
p27
S'4.71.254.153'
p28
S'2012-10-02 21:15:40'
p29
F4195.4499999999998
tp30
a(S'c4:3d:c7:b0:ca:b6'
p31
S'76.97.68.93'
p32
S'4.71.254.140'
p33
S'2012-10-03 01:36:07'
p34
F0.0
tp35
a(S'c4:3d:c7:b0:ca:b6'
p36
S'76.97.68.93'
p37
S'4.71.254.140'
p38
S'2012-10-03 05:55:35'
p39
F4221.4700000000003
tp40
a(S'c4:3d:c7:b0:ca:b6'
p41
S'76.97.68.93'
p42
S'4.71.254.140'
p43
S'2012-10-03 09:06:00'
p44
F4233.3199999999997
tp45
a(S'c4:3d:c7:b0:ca:b6'
p46
S'76.97.68.93'
p47
S'4.71.254.140'
p48
S'2012-10-03 13:25:36'
p49
F4236.7799999999997
tp50
a(S'c4:3d:c7:b0:ca:b6'
p51
S'76.97.68.93'
p52
S'4.71.254.153'
p53
S'2012-10-03 19:46:49'
p54
F4227.9700000000003
tp55
a(S'c4:3d:c7:b0:ca:b6'
p56
S'76.97.68.93'
p57
S'4.71.254.140'
p58
S'2012-10-04 00:06:36'
p59
F4248.8999999999996
tp60
a(S'c4:3d:c7:b0:ca:b6'
p61
S'76.97.68.93'
p62
S'4.71.254.153'
p63
S'2012-10-04 04:26:44'
p64
F4214.4799999999996
tp65
a(S'c4:3d:c7:b0:ca:b6'
p66
S'76.97.68.93'
p67
S'4.71.254.140'
p68
S'2012-10-04 08:46:40'
p69
F4215.3400000000001
tp70
a(S'c4:3d:c7:b0:ca:b6'
p71
S'76.97.68.93'
p72
S'4.71.254.153'
p73
S'2012-10-04 13:06:36'
p74
F4208.1199999999999
tp75
a(S'c4:3d:c7:b0:ca:b6'
p76
S'76.97.68.93'
p77
S'4.71.254.153'
p78
S'2012-10-04 17:26:40'
p79
F4191.9200000000001
tp80
a(S'c4:3d:c7:b0:ca:b6'
p81
S'76.97.68.93'
p82
S'4.71.254.140'
p83
S'2012-10-04 19:46:54'
p84
F4249.6599999999999
tp85
a(S'c4:3d:c7:b0:ca:b6'
p86
S'76.97.68.93'
p87
S'4.71.254.153'
p88
S'2012-10-05 00:06:42'
p89
F4225.7299999999996
tp90
a(S'c4:3d:c7:b0:ca:b6'
p91
S'76.97.68.93'
p92
S'4.71.254.153'
p93
S'2012-10-05 04:26:44'
p94
F4220.8500000000004
tp95
a(S'c4:3d:c7:b0:ca:b6'
p96
S'76.97.68.93'
p97
S'4.71.254.153'
p98
S'2012-10-05 08:46:39'
p99
F4228.9399999999996
tp100
a(S'c4:3d:c7:b0:ca:b6'
p101
S'76.97.68.93'
p102
S'4.71.254.153'
p103
S'2012-10-05 13:06:41'
p104
F4289.3000000000002
tp105
a(S'c4:3d:c7:b0:ca:b6'
p106
S'76.97.68.93'
p107
S'4.71.254.140'
p108
S'2012-10-05 17:26:42'
p109
F4211.6800000000003
tp110
a(S'c4:3d:c7:b0:ca:b6'
p111
S'76.97.68.93'
p112
S'4.71.254.153'
p113
S'2012-10-05 19:46:53'
p114
F4230.4300000000003
tp115
a(S'c4:3d:c7:b0:ca:b6'
p116
S'76.97.68.93'
p117
S'4.71.254.140'
p118
S'2012-10-06 00:06:41'
p119
F4231.2700000000004
tp120
a(S'c4:3d:c7:b0:ca:b6'
p121
S'76.97.68.93'
p122
S'4.71.254.153'
p123
S'2012-10-06 04:26:43'
p124
F4222.3000000000002
tp125
a(S'c4:3d:c7:b0:ca:b6'
p126
S'76.97.68.93'
p127
S'4.71.254.153'
p128
S'2012-10-06 08:46:40'
p129
F4228.2399999999998
tp130
a(S'c4:3d:c7:b0:ca:b6'
p131
S'76.97.68.93'
p132
S'4.71.254.153'
p133
S'2012-10-06 13:06:41'
p134
F4029.0799999999999
tp135
a(S'c4:3d:c7:b0:ca:b6'
p136
S'76.97.68.93'
p137
S'4.71.254.140'
p138
S'2012-10-06 17:26:43'
p139
F4200.3299999999999
tp140
a(S'c4:3d:c7:b0:ca:b6'
p141
S'76.97.68.93'
p142
S'4.71.254.140'
p143
S'2012-10-06 19:46:54'
p144
F4226.6499999999996
tp145
a(S'c4:3d:c7:b0:ca:b6'
p146
S'76.97.68.93'
p147
S'4.71.254.153'
p148
S'2012-10-07 00:06:41'
p149
F4144.04
tp150
a(S'c4:3d:c7:b0:ca:b6'
p151
S'76.97.68.93'
p152
S'4.71.254.140'
p153
S'2012-10-07 04:26:44'
p154
F4215.7700000000004
tp155
a(S'c4:3d:c7:b0:ca:b6'
p156
S'76.97.68.93'
p157
S'4.71.254.140'
p158
S'2012-10-07 11:46:38'
p159
F4242.4899999999998
tp160
a(S'c4:3d:c7:b0:ca:b6'
p161
S'76.97.68.93'
p162
S'4.71.254.153'
p163
S'2012-10-07 17:48:35'
p164
F0.0
tp165
a(S'c4:3d:c7:b0:ca:b6'
p166
S'76.97.68.93'
p167
S'4.71.254.153'
p168
S'2012-10-07 22:26:47'
p169
F4217.5600000000004
tp170
a(S'c4:3d:c7:b0:ca:b6'
p171
S'76.97.68.93'
p172
S'4.71.254.153'
p173
S'2012-10-08 00:47:04'
p174
F4260.4099999999999
tp175
a(S'c4:3d:c7:b0:ca:b6'
p176
S'76.97.68.93'
p177
S'4.71.254.140'
p178
S'2012-10-08 05:06:44'
p179
F3882.5900000000001
tp180
a(S'c4:3d:c7:b0:ca:b6'
p181
S'76.97.68.93'
p182
S'4.71.254.153'
p183
S'2012-10-08 09:26:44'
p184
F4201.3199999999997
tp185
a(S'c4:3d:c7:b0:ca:b6'
p186
S'76.97.68.93'
p187
S'4.71.254.140'
p188
S'2012-10-08 13:35:41'
p189
F4217.1099999999997
tp190
a(S'c4:3d:c7:b0:ca:b6'
p191
S'76.97.68.93'
p192
S'4.71.254.140'
p193
S'2012-10-08 17:55:41'
p194
F4128.4300000000003
tp195
a(S'c4:3d:c7:b0:ca:b6'
p196
S'76.97.68.93'
p197
S'4.71.254.140'
p198
S'2012-10-08 22:15:41'
p199
F4225.9700000000003
tp200
a(S'c4:3d:c7:b0:ca:b6'
p201
S'76.97.68.93'
p202
S'4.71.254.153'
p203
S'2012-10-09 00:35:56'
p204
F4210.5100000000002
tp205
a(S'c4:3d:c7:b0:ca:b6'
p206
S'76.97.68.93'
p207
S'4.71.254.153'
p208
S'2012-10-09 04:55:42'
p209
F4267.25
tp210
a(S'c4:3d:c7:b0:ca:b6'
p211
S'76.97.68.93'
p212
S'4.71.254.153'
p213
S'2012-10-09 09:15:43'
p214
F4251.0500000000002
tp215
a(S'c4:3d:c7:b0:ca:b6'
p216
S'76.97.68.93'
p217
S'4.71.254.153'
p218
S'2012-10-09 13:35:39'
p219
F4192.1800000000003
tp220
a(S'c4:3d:c7:b0:ca:b6'
p221
S'76.97.68.93'
p222
S'4.71.254.140'
p223
S'2012-10-09 17:55:42'
p224
F4198.9799999999996
tp225
a(S'c4:3d:c7:b0:ca:b6'
p226
S'76.97.68.93'
p227
S'4.71.254.153'
p228
S'2012-10-09 22:15:43'
p229
F4242.0
tp230
a(S'c4:3d:c7:b0:ca:b6'
p231
S'76.97.68.93'
p232
S'4.71.254.153'
p233
S'2012-10-10 00:35:57'
p234
F4265.9200000000001
tp235
a(S'c4:3d:c7:b0:ca:b6'
p236
S'76.97.68.93'
p237
S'4.71.254.153'
p238
S'2012-10-10 04:55:42'
p239
F4219.1499999999996
tp240
a(S'c4:3d:c7:b0:ca:b6'
p241
S'76.97.68.93'
p242
S'4.71.254.140'
p243
S'2012-10-10 19:57:43'
p244
F4207.5900000000001
tp245
a(S'c4:3d:c7:b0:ca:b6'
p246
S'76.97.68.93'
p247
S'4.71.254.140'
p248
S'2012-10-11 00:17:55'
p249
F4278.8800000000001
tp250
a(S'c4:3d:c7:b0:ca:b6'
p251
S'76.97.68.93'
p252
S'4.71.254.140'
p253
S'2012-10-11 04:37:40'
p254
F4237.9099999999999
tp255
a(S'c4:3d:c7:b0:ca:b6'
p256
S'76.97.68.93'
p257
S'4.71.254.140'
p258
S'2012-10-11 08:57:44'
p259
F4250.4099999999999
tp260
a(S'c4:3d:c7:b0:ca:b6'
p261
S'76.97.68.93'
p262
S'4.71.254.153'
p263
S'2012-10-11 13:17:43'
p264
F4211.7799999999997
tp265
a(S'c4:3d:c7:b0:ca:b6'
p266
S'76.97.68.93'
p267
S'4.71.254.153'
p268
S'2012-10-11 15:37:53'
p269
F4238.6999999999998
tp270
a(S'c4:3d:c7:b0:ca:b6'
p271
S'76.97.68.93'
p272
S'4.71.254.153'
p273
S'2012-10-11 19:57:43'
p274
F4265.7299999999996
tp275
a(S'c4:3d:c7:b0:ca:b6'
p276
S'76.97.68.93'
p277
S'4.71.254.140'
p278
S'2012-10-12 00:17:44'
p279
F4252.9499999999998
tp280
a(S'c4:3d:c7:b0:ca:b6'
p281
S'76.97.68.93'
p282
S'4.71.254.140'
p283
S'2012-10-12 04:37:40'
p284
F4214.7600000000002
tp285
a(S'c4:3d:c7:b0:ca:b6'
p286
S'76.97.68.93'
p287
S'4.71.254.140'
p288
S'2012-10-12 08:57:42'
p289
F4274.3400000000001
tp290
a(S'c4:3d:c7:b0:ca:b6'
p291
S'76.97.68.93'
p292
S'4.71.254.153'
p293
S'2012-10-12 13:17:42'
p294
F4195.0500000000002
tp295
a(S'c4:3d:c7:b0:ca:b6'
p296
S'76.97.68.93'
p297
S'4.71.254.140'
p298
S'2012-10-12 15:37:54'
p299
F4220.4200000000001
tp300
a(S'c4:3d:c7:b0:ca:b6'
p301
S'76.97.68.93'
p302
S'4.71.254.140'
p303
S'2012-10-12 19:57:40'
p304
F4249.8900000000003
tp305
a(S'c4:3d:c7:b0:ca:b6'
p306
S'76.97.68.93'
p307
S'4.71.254.140'
p308
S'2012-10-13 00:17:44'
p309
F4220.6700000000001
tp310
a(S'c4:3d:c7:b0:ca:b6'
p311
S'76.97.68.93'
p312
S'4.71.254.140'
p313
S'2012-10-13 04:37:40'
p314
F4194.8199999999997
tp315
a(S'c4:3d:c7:b0:ca:b6'
p316
S'76.97.68.93'
p317
S'4.71.254.140'
p318
S'2012-10-13 08:57:42'
p319
F4221.3900000000003
tp320
a(S'c4:3d:c7:b0:ca:b6'
p321
S'76.97.68.93'
p322
S'4.71.254.153'
p323
S'2012-10-13 15:37:54'
p324
F3832.0
tp325
a(S'c4:3d:c7:b0:ca:b6'
p326
S'76.97.68.93'
p327
S'4.71.254.140'
p328
S'2012-10-13 19:57:41'
p329
F4264.1000000000004
tp330
a(S'c4:3d:c7:b0:ca:b6'
p331
S'76.97.68.93'
p332
S'4.71.254.140'
p333
S'2012-10-14 00:17:43'
p334
F4133.04
tp335
a(S'c4:3d:c7:b0:ca:b6'
p336
S'76.97.68.93'
p337
S'4.71.254.140'
p338
S'2012-10-14 04:37:39'
p339
F4254.2799999999997
tp340
a(S'c4:3d:c7:b0:ca:b6'
p341
S'76.97.68.93'
p342
S'4.71.254.140'
p343
S'2012-10-14 08:57:41'
p344
F4230.2299999999996
tp345
a(S'c4:3d:c7:b0:ca:b6'
p346
S'76.97.68.93'
p347
S'4.71.254.153'
p348
S'2012-10-14 13:17:43'
p349
F4224.2299999999996
tp350
a(S'c4:3d:c7:b0:ca:b6'
p351
S'76.97.68.93'
p352
S'4.71.254.153'
p353
S'2012-10-14 15:37:53'
p354
F4222.2399999999998
tp355
a(S'c4:3d:c7:b0:ca:b6'
p356
S'76.97.68.93'
p357
S'4.71.254.140'
p358
S'2012-10-14 19:57:54'
p359
F4056.79
tp360
a.