(lp0
(S'c4:3d:c7:9b:5d:25'
p1
S'4.71.254.140'
p2
S'98.251.51.248'
p3
S'2012-10-02 02:56:38'
p4
F32734.0
tp5
a(S'c4:3d:c7:9b:5d:25'
p6
S'4.71.254.153'
p7
S'98.251.51.248'
p8
S'2012-10-02 05:16:39'
p9
F32643.799999999999
tp10
a(S'c4:3d:c7:9b:5d:25'
p11
S'4.71.254.140'
p12
S'98.251.51.248'
p13
S'2012-10-02 09:36:38'
p14
F32778.300000000003
tp15
a(S'c4:3d:c7:9b:5d:25'
p16
S'4.71.254.140'
p17
S'98.251.51.248'
p18
S'2012-10-02 13:56:37'
p19
F32484.799999999999
tp20
a(S'c4:3d:c7:9b:5d:25'
p21
S'4.71.254.153'
p22
S'98.251.51.248'
p23
S'2012-10-02 18:17:00'
p24
F32455.599999999999
tp25
a(S'c4:3d:c7:9b:5d:25'
p26
S'4.71.254.140'
p27
S'98.251.51.248'
p28
S'2012-10-02 22:36:37'
p29
F32616.900000000001
tp30
a(S'c4:3d:c7:9b:5d:25'
p31
S'4.71.254.153'
p32
S'98.251.51.248'
p33
S'2012-10-03 02:36:39'
p34
F32472.400000000001
tp35
a(S'c4:3d:c7:9b:5d:25'
p36
S'4.71.254.140'
p37
S'98.251.51.248'
p38
S'2012-10-03 04:55:40'
p39
F32518.400000000001
tp40
a(S'c4:3d:c7:9b:5d:25'
p41
S'4.71.254.140'
p42
S'98.251.51.248'
p43
S'2012-10-03 09:15:38'
p44
F32286.299999999999
tp45
a(S'c4:3d:c7:9b:5d:25'
p46
S'4.71.254.153'
p47
S'98.251.51.248'
p48
S'2012-10-03 13:35:39'
p49
F32748.700000000001
tp50
a(S'c4:3d:c7:9b:5d:25'
p51
S'4.71.254.153'
p52
S'98.251.51.248'
p53
S'2012-10-03 17:55:59'
p54
F32564.700000000001
tp55
a(S'c4:3d:c7:9b:5d:25'
p56
S'4.71.254.153'
p57
S'98.251.51.248'
p58
S'2012-10-03 22:15:40'
p59
F32554.799999999999
tp60
a(S'c4:3d:c7:9b:5d:25'
p61
S'4.71.254.153'
p62
S'98.251.51.248'
p63
S'2012-10-04 02:35:38'
p64
F32446.799999999999
tp65
a(S'c4:3d:c7:9b:5d:25'
p66
S'4.71.254.153'
p67
S'98.251.51.248'
p68
S'2012-10-04 04:55:42'
p69
F32965.5
tp70
a(S'c4:3d:c7:9b:5d:25'
p71
S'4.71.254.140'
p72
S'98.251.51.248'
p73
S'2012-10-04 09:15:42'
p74
F32556.200000000001
tp75
a(S'c4:3d:c7:9b:5d:25'
p76
S'4.71.254.140'
p77
S'98.251.51.248'
p78
S'2012-10-04 13:35:45'
p79
F32733.200000000001
tp80
a(S'c4:3d:c7:9b:5d:25'
p81
S'4.71.254.153'
p82
S'98.251.51.248'
p83
S'2012-10-04 17:55:59'
p84
F32826.599999999999
tp85
a(S'c4:3d:c7:9b:5d:25'
p86
S'4.71.254.153'
p87
S'98.251.51.248'
p88
S'2012-10-04 22:15:45'
p89
F32862.800000000003
tp90
a(S'c4:3d:c7:9b:5d:25'
p91
S'4.71.254.140'
p92
S'98.251.51.248'
p93
S'2012-10-05 02:35:55'
p94
F32775.800000000003
tp95
a(S'c4:3d:c7:9b:5d:25'
p96
S'4.71.254.140'
p97
S'98.251.51.248'
p98
S'2012-10-05 04:55:44'
p99
F32533.200000000001
tp100
a(S'c4:3d:c7:9b:5d:25'
p101
S'4.71.254.140'
p102
S'98.251.51.248'
p103
S'2012-10-05 09:15:45'
p104
F32865.900000000001
tp105
a(S'c4:3d:c7:9b:5d:25'
p106
S'4.71.254.153'
p107
S'98.251.51.248'
p108
S'2012-10-05 13:35:43'
p109
F33023.099999999999
tp110
a(S'c4:3d:c7:9b:5d:25'
p111
S'4.71.254.140'
p112
S'98.251.51.248'
p113
S'2012-10-05 17:55:59'
p114
F32365.700000000001
tp115
a(S'c4:3d:c7:9b:5d:25'
p116
S'4.71.254.153'
p117
S'98.251.51.248'
p118
S'2012-10-05 22:15:43'
p119
F32732.0
tp120
a(S'c4:3d:c7:9b:5d:25'
p121
S'4.71.254.140'
p122
S'98.251.51.248'
p123
S'2012-10-06 02:35:45'
p124
F32602.5
tp125
a(S'c4:3d:c7:9b:5d:25'
p126
S'4.71.254.153'
p127
S'98.251.51.248'
p128
S'2012-10-06 04:55:43'
p129
F33056.900000000001
tp130
a(S'c4:3d:c7:9b:5d:25'
p131
S'4.71.254.153'
p132
S'98.251.51.248'
p133
S'2012-10-06 09:15:43'
p134
F32493.200000000001
tp135
a(S'c4:3d:c7:9b:5d:25'
p136
S'4.71.254.140'
p137
S'98.251.51.248'
p138
S'2012-10-06 13:35:44'
p139
F32744.400000000001
tp140
a(S'c4:3d:c7:9b:5d:25'
p141
S'4.71.254.153'
p142
S'98.251.51.248'
p143
S'2012-10-06 17:55:58'
p144
F32546.5
tp145
a(S'c4:3d:c7:9b:5d:25'
p146
S'4.71.254.140'
p147
S'98.251.51.248'
p148
S'2012-10-06 22:15:43'
p149
F32521.299999999999
tp150
a(S'c4:3d:c7:9b:5d:25'
p151
S'4.71.254.140'
p152
S'98.251.51.248'
p153
S'2012-10-07 02:35:44'
p154
F32906.599999999999
tp155
a(S'c4:3d:c7:9b:5d:25'
p156
S'4.71.254.153'
p157
S'98.251.51.248'
p158
S'2012-10-07 04:55:44'
p159
F32752.5
tp160
a(S'c4:3d:c7:9b:5d:25'
p161
S'4.71.254.153'
p162
S'98.251.51.248'
p163
S'2012-10-07 14:17:36'
p164
F0.0
tp165
a(S'c4:3d:c7:9b:5d:25'
p166
S'4.71.254.153'
p167
S'98.251.51.248'
p168
S'2012-10-07 19:27:34'
p169
F0.0
tp170
a(S'c4:3d:c7:9b:5d:25'
p171
S'4.71.254.140'
p172
S'98.251.51.248'
p173
S'2012-10-07 23:55:57'
p174
F32827.900000000001
tp175
a(S'c4:3d:c7:9b:5d:25'
p176
S'4.71.254.140'
p177
S'98.251.51.248'
p178
S'2012-10-08 04:15:45'
p179
F31934.200000000001
tp180
a(S'c4:3d:c7:9b:5d:25'
p181
S'4.71.254.140'
p182
S'98.251.51.248'
p183
S'2012-10-08 08:35:42'
p184
F33027.0
tp185
a(S'c4:3d:c7:9b:5d:25'
p186
S'4.71.254.153'
p187
S'98.251.51.248'
p188
S'2012-10-08 10:55:42'
p189
F32836.400000000001
tp190
a(S'c4:3d:c7:9b:5d:25'
p191
S'4.71.254.140'
p192
S'98.251.51.248'
p193
S'2012-10-08 15:15:42'
p194
F32976.5
tp195
a(S'c4:3d:c7:9b:5d:25'
p196
S'4.71.254.153'
p197
S'98.207.236.129'
p198
S'2012-10-14 23:48:55'
p199
F35067.0
tp200
a.